[0.006s] Invoking command in '/home/blaine/WayneHacks3/360_Cam_Lidar_Fusion/build/velodyne_pointcloud': AMENT_PREFIX_PATH=/home/blaine/WayneHacks3/360_Cam_Lidar_Fusion/install/velodyne_msgs:${AMENT_PREFIX_PATH} CMAKE_PREFIX_PATH=/home/blaine/WayneHacks3/360_Cam_Lidar_Fusion/install/velodyne_msgs:/opt/ros/humble LD_LIBRARY_PATH=/home/blaine/WayneHacks3/360_Cam_Lidar_Fusion/install/velodyne_msgs/lib:${LD_LIBRARY_PATH} PYTHONPATH=/home/blaine/WayneHacks3/360_Cam_Lidar_Fusion/install/velodyne_msgs/local/lib/python3.10/dist-packages:${PYTHONPATH} /usr/bin/cmake /home/blaine/WayneHacks3/360_Cam_Lidar_Fusion/src/velodyne/velodyne_pointcloud -DCMAKE_INSTALL_PREFIX=/home/blaine/WayneHacks3/360_Cam_Lidar_Fusion/install/velodyne_pointcloud
[0.041s] -- The C compiler identification is GNU 11.4.0
[0.071s] -- The CXX compiler identification is GNU 11.4.0
[0.075s] -- Detecting C compiler ABI info
[0.119s] -- Detecting C compiler ABI info - done
[0.126s] -- Check for working C compiler: /usr/bin/cc - skipped
[0.126s] -- Detecting C compile features
[0.126s] -- Detecting C compile features - done
[0.129s] -- Detecting CXX compiler ABI info
[0.175s] -- Detecting CXX compiler ABI info - done
[0.179s] -- Check for working CXX compiler: /usr/bin/c++ - skipped
[0.179s] -- Detecting CXX compile features
[0.179s] -- Detecting CXX compile features - done
[0.180s] -- Found ament_cmake: 1.3.11 (/opt/ros/humble/share/ament_cmake/cmake)
[0.263s] -- Found Python3: /usr/bin/python3 (found version "3.10.12") found components: Interpreter 
[0.312s] -- Found angles: 1.15.0 (/opt/ros/humble/share/angles/cmake)
[0.317s] -- Configuring incomplete, errors occurred!
[0.317s] See also "/home/blaine/WayneHacks3/360_Cam_Lidar_Fusion/build/velodyne_pointcloud/CMakeFiles/CMakeOutput.log".
[0.317s] [31mCMake Error at CMakeLists.txt:15 (find_package):
[0.317s]   By not providing "Finddiagnostic_updater.cmake" in CMAKE_MODULE_PATH this
[0.317s]   project has asked CMake to find a package configuration file provided by
[0.317s]   "diagnostic_updater", but CMake did not find one.
[0.317s] 
[0.317s]   Could not find a package configuration file provided by
[0.317s]   "diagnostic_updater" with any of the following names:
[0.317s] 
[0.317s]     diagnostic_updaterConfig.cmake
[0.317s]     diagnostic_updater-config.cmake
[0.317s] 
[0.317s]   Add the installation prefix of "diagnostic_updater" to CMAKE_PREFIX_PATH or
[0.317s]   set "diagnostic_updater_DIR" to a directory containing one of the above
[0.317s]   files.  If "diagnostic_updater" provides a separate development package or
[0.318s]   SDK, be sure it has been installed.
[0.318s] 
[0.318s] [0m
[0.319s] Invoked command in '/home/blaine/WayneHacks3/360_Cam_Lidar_Fusion/build/velodyne_pointcloud' returned '1': AMENT_PREFIX_PATH=/home/blaine/WayneHacks3/360_Cam_Lidar_Fusion/install/velodyne_msgs:${AMENT_PREFIX_PATH} CMAKE_PREFIX_PATH=/home/blaine/WayneHacks3/360_Cam_Lidar_Fusion/install/velodyne_msgs:/opt/ros/humble LD_LIBRARY_PATH=/home/blaine/WayneHacks3/360_Cam_Lidar_Fusion/install/velodyne_msgs/lib:${LD_LIBRARY_PATH} PYTHONPATH=/home/blaine/WayneHacks3/360_Cam_Lidar_Fusion/install/velodyne_msgs/local/lib/python3.10/dist-packages:${PYTHONPATH} /usr/bin/cmake /home/blaine/WayneHacks3/360_Cam_Lidar_Fusion/src/velodyne/velodyne_pointcloud -DCMAKE_INSTALL_PREFIX=/home/blaine/WayneHacks3/360_Cam_Lidar_Fusion/install/velodyne_pointcloud
