[0.010s] Invoking command in '/home/blaine/WayneHacks3/360_Cam_Lidar_Fusion/build/velodyne_msgs': CMAKE_PREFIX_PATH=${CMAKE_PREFIX_PATH}:/home/blaine/WayneHacks3/360_Cam_Lidar_Fusion/install/fusion:/opt/ros/humble /usr/bin/cmake --build /home/blaine/WayneHacks3/360_Cam_Lidar_Fusion/build/velodyne_msgs -- -j32 -l32
[0.045s] [  2%] Built target velodyne_msgs__cpp
[0.045s] [ 12%] Built target velodyne_msgs__rosidl_generator_c
[0.051s] [ 12%] Built target ament_cmake_python_copy_velodyne_msgs
[0.060s] [ 33%] Built target velodyne_msgs__rosidl_typesupport_fastrtps_cpp
[0.060s] [ 33%] Built target velodyne_msgs__rosidl_typesupport_c
[0.060s] [ 43%] Built target velodyne_msgs__rosidl_typesupport_introspection_c
[0.060s] [ 53%] Built target velodyne_msgs__rosidl_typesupport_cpp
[0.061s] [ 64%] Built target velodyne_msgs__rosidl_typesupport_introspection_cpp
[0.067s] [ 74%] Built target velodyne_msgs__rosidl_typesupport_fastrtps_c
[0.080s] [ 74%] Built target velodyne_msgs
[0.094s] [ 76%] Built target velodyne_msgs__py
[0.107s] [ 84%] Built target velodyne_msgs__rosidl_generator_py
[0.125s] [100%] Built target velodyne_msgs__rosidl_typesupport_fastrtps_c__pyext
[0.125s] [100%] Built target velodyne_msgs__rosidl_typesupport_introspection_c__pyext
[0.125s] [100%] Built target velodyne_msgs__rosidl_typesupport_c__pyext
[0.162s] running egg_info
[0.162s] writing velodyne_msgs.egg-info/PKG-INFO
[0.162s] writing dependency_links to velodyne_msgs.egg-info/dependency_links.txt
[0.162s] writing top-level names to velodyne_msgs.egg-info/top_level.txt
[0.163s] reading manifest file 'velodyne_msgs.egg-info/SOURCES.txt'
[0.163s] writing manifest file 'velodyne_msgs.egg-info/SOURCES.txt'
[0.179s] [100%] Built target ament_cmake_python_build_velodyne_msgs_egg
[0.186s] Invoked command in '/home/blaine/WayneHacks3/360_Cam_Lidar_Fusion/build/velodyne_msgs' returned '0': CMAKE_PREFIX_PATH=${CMAKE_PREFIX_PATH}:/home/blaine/WayneHacks3/360_Cam_Lidar_Fusion/install/fusion:/opt/ros/humble /usr/bin/cmake --build /home/blaine/WayneHacks3/360_Cam_Lidar_Fusion/build/velodyne_msgs -- -j32 -l32
[0.186s] Invoking command in '/home/blaine/WayneHacks3/360_Cam_Lidar_Fusion/build/velodyne_msgs': CMAKE_PREFIX_PATH=${CMAKE_PREFIX_PATH}:/home/blaine/WayneHacks3/360_Cam_Lidar_Fusion/install/fusion:/opt/ros/humble /usr/bin/cmake --install /home/blaine/WayneHacks3/360_Cam_Lidar_Fusion/build/velodyne_msgs
[0.191s] -- Install configuration: ""
[0.191s] -- Up-to-date: /home/blaine/WayneHacks3/360_Cam_Lidar_Fusion/install/velodyne_msgs/share/ament_index/resource_index/rosidl_interfaces/velodyne_msgs
[0.191s] -- Up-to-date: /home/blaine/WayneHacks3/360_Cam_Lidar_Fusion/install/velodyne_msgs/include/velodyne_msgs/velodyne_msgs
[0.191s] -- Up-to-date: /home/blaine/WayneHacks3/360_Cam_Lidar_Fusion/install/velodyne_msgs/include/velodyne_msgs/velodyne_msgs/msg
[0.191s] -- Up-to-date: /home/blaine/WayneHacks3/360_Cam_Lidar_Fusion/install/velodyne_msgs/include/velodyne_msgs/velodyne_msgs/msg/detail
[0.191s] -- Up-to-date: /home/blaine/WayneHacks3/360_Cam_Lidar_Fusion/install/velodyne_msgs/include/velodyne_msgs/velodyne_msgs/msg/detail/velodyne_packet__functions.h
[0.192s] -- Up-to-date: /home/blaine/WayneHacks3/360_Cam_Lidar_Fusion/install/velodyne_msgs/include/velodyne_msgs/velodyne_msgs/msg/detail/velodyne_scan__functions.h
[0.192s] -- Up-to-date: /home/blaine/WayneHacks3/360_Cam_Lidar_Fusion/install/velodyne_msgs/include/velodyne_msgs/velodyne_msgs/msg/detail/velodyne_packet__functions.c
[0.192s] -- Up-to-date: /home/blaine/WayneHacks3/360_Cam_Lidar_Fusion/install/velodyne_msgs/include/velodyne_msgs/velodyne_msgs/msg/detail/velodyne_packet__type_support.h
[0.192s] -- Up-to-date: /home/blaine/WayneHacks3/360_Cam_Lidar_Fusion/install/velodyne_msgs/include/velodyne_msgs/velodyne_msgs/msg/detail/velodyne_scan__functions.c
[0.192s] -- Up-to-date: /home/blaine/WayneHacks3/360_Cam_Lidar_Fusion/install/velodyne_msgs/include/velodyne_msgs/velodyne_msgs/msg/detail/velodyne_scan__struct.h
[0.192s] -- Up-to-date: /home/blaine/WayneHacks3/360_Cam_Lidar_Fusion/install/velodyne_msgs/include/velodyne_msgs/velodyne_msgs/msg/detail/velodyne_packet__struct.h
[0.192s] -- Up-to-date: /home/blaine/WayneHacks3/360_Cam_Lidar_Fusion/install/velodyne_msgs/include/velodyne_msgs/velodyne_msgs/msg/detail/velodyne_scan__type_support.h
[0.192s] -- Up-to-date: /home/blaine/WayneHacks3/360_Cam_Lidar_Fusion/install/velodyne_msgs/include/velodyne_msgs/velodyne_msgs/msg/velodyne_packet.h
[0.192s] -- Up-to-date: /home/blaine/WayneHacks3/360_Cam_Lidar_Fusion/install/velodyne_msgs/include/velodyne_msgs/velodyne_msgs/msg/velodyne_scan.h
[0.192s] -- Up-to-date: /home/blaine/WayneHacks3/360_Cam_Lidar_Fusion/install/velodyne_msgs/include/velodyne_msgs/velodyne_msgs/msg/rosidl_generator_c__visibility_control.h
[0.192s] -- Up-to-date: /home/blaine/WayneHacks3/360_Cam_Lidar_Fusion/install/velodyne_msgs/share/velodyne_msgs/environment/library_path.sh
[0.192s] -- Up-to-date: /home/blaine/WayneHacks3/360_Cam_Lidar_Fusion/install/velodyne_msgs/share/velodyne_msgs/environment/library_path.dsv
[0.192s] -- Up-to-date: /home/blaine/WayneHacks3/360_Cam_Lidar_Fusion/install/velodyne_msgs/lib/libvelodyne_msgs__rosidl_generator_c.so
[0.192s] -- Up-to-date: /home/blaine/WayneHacks3/360_Cam_Lidar_Fusion/install/velodyne_msgs/include/velodyne_msgs/velodyne_msgs
[0.192s] -- Up-to-date: /home/blaine/WayneHacks3/360_Cam_Lidar_Fusion/install/velodyne_msgs/include/velodyne_msgs/velodyne_msgs/msg
[0.192s] -- Up-to-date: /home/blaine/WayneHacks3/360_Cam_Lidar_Fusion/install/velodyne_msgs/include/velodyne_msgs/velodyne_msgs/msg/detail
[0.192s] -- Up-to-date: /home/blaine/WayneHacks3/360_Cam_Lidar_Fusion/install/velodyne_msgs/include/velodyne_msgs/velodyne_msgs/msg/detail/velodyne_scan__rosidl_typesupport_fastrtps_c.h
[0.192s] -- Up-to-date: /home/blaine/WayneHacks3/360_Cam_Lidar_Fusion/install/velodyne_msgs/include/velodyne_msgs/velodyne_msgs/msg/detail/velodyne_packet__rosidl_typesupport_fastrtps_c.h
[0.192s] -- Up-to-date: /home/blaine/WayneHacks3/360_Cam_Lidar_Fusion/install/velodyne_msgs/include/velodyne_msgs/velodyne_msgs/msg/rosidl_typesupport_fastrtps_c__visibility_control.h
[0.192s] -- Up-to-date: /home/blaine/WayneHacks3/360_Cam_Lidar_Fusion/install/velodyne_msgs/lib/libvelodyne_msgs__rosidl_typesupport_fastrtps_c.so
[0.192s] -- Up-to-date: /home/blaine/WayneHacks3/360_Cam_Lidar_Fusion/install/velodyne_msgs/include/velodyne_msgs/velodyne_msgs
[0.192s] -- Up-to-date: /home/blaine/WayneHacks3/360_Cam_Lidar_Fusion/install/velodyne_msgs/include/velodyne_msgs/velodyne_msgs/msg
[0.192s] -- Up-to-date: /home/blaine/WayneHacks3/360_Cam_Lidar_Fusion/install/velodyne_msgs/include/velodyne_msgs/velodyne_msgs/msg/velodyne_scan.hpp
[0.192s] -- Up-to-date: /home/blaine/WayneHacks3/360_Cam_Lidar_Fusion/install/velodyne_msgs/include/velodyne_msgs/velodyne_msgs/msg/detail
[0.192s] -- Up-to-date: /home/blaine/WayneHacks3/360_Cam_Lidar_Fusion/install/velodyne_msgs/include/velodyne_msgs/velodyne_msgs/msg/detail/velodyne_packet__builder.hpp
[0.192s] -- Up-to-date: /home/blaine/WayneHacks3/360_Cam_Lidar_Fusion/install/velodyne_msgs/include/velodyne_msgs/velodyne_msgs/msg/detail/velodyne_packet__type_support.hpp
[0.192s] -- Up-to-date: /home/blaine/WayneHacks3/360_Cam_Lidar_Fusion/install/velodyne_msgs/include/velodyne_msgs/velodyne_msgs/msg/detail/velodyne_scan__struct.hpp
[0.192s] -- Up-to-date: /home/blaine/WayneHacks3/360_Cam_Lidar_Fusion/install/velodyne_msgs/include/velodyne_msgs/velodyne_msgs/msg/detail/velodyne_scan__traits.hpp
[0.192s] -- Up-to-date: /home/blaine/WayneHacks3/360_Cam_Lidar_Fusion/install/velodyne_msgs/include/velodyne_msgs/velodyne_msgs/msg/detail/velodyne_scan__type_support.hpp
[0.192s] -- Up-to-date: /home/blaine/WayneHacks3/360_Cam_Lidar_Fusion/install/velodyne_msgs/include/velodyne_msgs/velodyne_msgs/msg/detail/velodyne_packet__traits.hpp
[0.192s] -- Up-to-date: /home/blaine/WayneHacks3/360_Cam_Lidar_Fusion/install/velodyne_msgs/include/velodyne_msgs/velodyne_msgs/msg/detail/velodyne_packet__struct.hpp
[0.193s] -- Up-to-date: /home/blaine/WayneHacks3/360_Cam_Lidar_Fusion/install/velodyne_msgs/include/velodyne_msgs/velodyne_msgs/msg/detail/velodyne_scan__builder.hpp
[0.193s] -- Up-to-date: /home/blaine/WayneHacks3/360_Cam_Lidar_Fusion/install/velodyne_msgs/include/velodyne_msgs/velodyne_msgs/msg/rosidl_generator_cpp__visibility_control.hpp
[0.193s] -- Up-to-date: /home/blaine/WayneHacks3/360_Cam_Lidar_Fusion/install/velodyne_msgs/include/velodyne_msgs/velodyne_msgs/msg/velodyne_packet.hpp
[0.193s] -- Up-to-date: /home/blaine/WayneHacks3/360_Cam_Lidar_Fusion/install/velodyne_msgs/include/velodyne_msgs/velodyne_msgs
[0.193s] -- Up-to-date: /home/blaine/WayneHacks3/360_Cam_Lidar_Fusion/install/velodyne_msgs/include/velodyne_msgs/velodyne_msgs/msg
[0.193s] -- Up-to-date: /home/blaine/WayneHacks3/360_Cam_Lidar_Fusion/install/velodyne_msgs/include/velodyne_msgs/velodyne_msgs/msg/detail
[0.193s] -- Up-to-date: /home/blaine/WayneHacks3/360_Cam_Lidar_Fusion/install/velodyne_msgs/include/velodyne_msgs/velodyne_msgs/msg/detail/dds_fastrtps
[0.193s] -- Up-to-date: /home/blaine/WayneHacks3/360_Cam_Lidar_Fusion/install/velodyne_msgs/include/velodyne_msgs/velodyne_msgs/msg/detail/velodyne_packet__rosidl_typesupport_fastrtps_cpp.hpp
[0.193s] -- Up-to-date: /home/blaine/WayneHacks3/360_Cam_Lidar_Fusion/install/velodyne_msgs/include/velodyne_msgs/velodyne_msgs/msg/detail/velodyne_scan__rosidl_typesupport_fastrtps_cpp.hpp
[0.193s] -- Up-to-date: /home/blaine/WayneHacks3/360_Cam_Lidar_Fusion/install/velodyne_msgs/include/velodyne_msgs/velodyne_msgs/msg/rosidl_typesupport_fastrtps_cpp__visibility_control.h
[0.193s] -- Up-to-date: /home/blaine/WayneHacks3/360_Cam_Lidar_Fusion/install/velodyne_msgs/lib/libvelodyne_msgs__rosidl_typesupport_fastrtps_cpp.so
[0.193s] -- Up-to-date: /home/blaine/WayneHacks3/360_Cam_Lidar_Fusion/install/velodyne_msgs/include/velodyne_msgs/velodyne_msgs
[0.193s] -- Up-to-date: /home/blaine/WayneHacks3/360_Cam_Lidar_Fusion/install/velodyne_msgs/include/velodyne_msgs/velodyne_msgs/msg
[0.193s] -- Up-to-date: /home/blaine/WayneHacks3/360_Cam_Lidar_Fusion/install/velodyne_msgs/include/velodyne_msgs/velodyne_msgs/msg/detail
[0.193s] -- Up-to-date: /home/blaine/WayneHacks3/360_Cam_Lidar_Fusion/install/velodyne_msgs/include/velodyne_msgs/velodyne_msgs/msg/detail/velodyne_scan__rosidl_typesupport_introspection_c.h
[0.193s] -- Up-to-date: /home/blaine/WayneHacks3/360_Cam_Lidar_Fusion/install/velodyne_msgs/include/velodyne_msgs/velodyne_msgs/msg/detail/velodyne_packet__rosidl_typesupport_introspection_c.h
[0.193s] -- Up-to-date: /home/blaine/WayneHacks3/360_Cam_Lidar_Fusion/install/velodyne_msgs/include/velodyne_msgs/velodyne_msgs/msg/detail/velodyne_packet__type_support.c
[0.193s] -- Up-to-date: /home/blaine/WayneHacks3/360_Cam_Lidar_Fusion/install/velodyne_msgs/include/velodyne_msgs/velodyne_msgs/msg/detail/velodyne_scan__type_support.c
[0.193s] -- Up-to-date: /home/blaine/WayneHacks3/360_Cam_Lidar_Fusion/install/velodyne_msgs/include/velodyne_msgs/velodyne_msgs/msg/rosidl_typesupport_introspection_c__visibility_control.h
[0.193s] -- Up-to-date: /home/blaine/WayneHacks3/360_Cam_Lidar_Fusion/install/velodyne_msgs/lib/libvelodyne_msgs__rosidl_typesupport_introspection_c.so
[0.193s] -- Up-to-date: /home/blaine/WayneHacks3/360_Cam_Lidar_Fusion/install/velodyne_msgs/lib/libvelodyne_msgs__rosidl_typesupport_c.so
[0.193s] -- Up-to-date: /home/blaine/WayneHacks3/360_Cam_Lidar_Fusion/install/velodyne_msgs/include/velodyne_msgs/velodyne_msgs
[0.193s] -- Up-to-date: /home/blaine/WayneHacks3/360_Cam_Lidar_Fusion/install/velodyne_msgs/include/velodyne_msgs/velodyne_msgs/msg
[0.193s] -- Up-to-date: /home/blaine/WayneHacks3/360_Cam_Lidar_Fusion/install/velodyne_msgs/include/velodyne_msgs/velodyne_msgs/msg/detail
[0.193s] -- Up-to-date: /home/blaine/WayneHacks3/360_Cam_Lidar_Fusion/install/velodyne_msgs/include/velodyne_msgs/velodyne_msgs/msg/detail/velodyne_scan__type_support.cpp
[0.193s] -- Up-to-date: /home/blaine/WayneHacks3/360_Cam_Lidar_Fusion/install/velodyne_msgs/include/velodyne_msgs/velodyne_msgs/msg/detail/velodyne_scan__rosidl_typesupport_introspection_cpp.hpp
[0.193s] -- Up-to-date: /home/blaine/WayneHacks3/360_Cam_Lidar_Fusion/install/velodyne_msgs/include/velodyne_msgs/velodyne_msgs/msg/detail/velodyne_packet__rosidl_typesupport_introspection_cpp.hpp
[0.193s] -- Up-to-date: /home/blaine/WayneHacks3/360_Cam_Lidar_Fusion/install/velodyne_msgs/include/velodyne_msgs/velodyne_msgs/msg/detail/velodyne_packet__type_support.cpp
[0.193s] -- Up-to-date: /home/blaine/WayneHacks3/360_Cam_Lidar_Fusion/install/velodyne_msgs/lib/libvelodyne_msgs__rosidl_typesupport_introspection_cpp.so
[0.193s] -- Up-to-date: /home/blaine/WayneHacks3/360_Cam_Lidar_Fusion/install/velodyne_msgs/lib/libvelodyne_msgs__rosidl_typesupport_cpp.so
[0.193s] -- Up-to-date: /home/blaine/WayneHacks3/360_Cam_Lidar_Fusion/install/velodyne_msgs/share/velodyne_msgs/environment/pythonpath.sh
[0.193s] -- Up-to-date: /home/blaine/WayneHacks3/360_Cam_Lidar_Fusion/install/velodyne_msgs/share/velodyne_msgs/environment/pythonpath.dsv
[0.193s] -- Up-to-date: /home/blaine/WayneHacks3/360_Cam_Lidar_Fusion/install/velodyne_msgs/local/lib/python3.10/dist-packages/velodyne_msgs-2.5.1-py3.10.egg-info
[0.193s] -- Installing: /home/blaine/WayneHacks3/360_Cam_Lidar_Fusion/install/velodyne_msgs/local/lib/python3.10/dist-packages/velodyne_msgs-2.5.1-py3.10.egg-info/PKG-INFO
[0.193s] -- Installing: /home/blaine/WayneHacks3/360_Cam_Lidar_Fusion/install/velodyne_msgs/local/lib/python3.10/dist-packages/velodyne_msgs-2.5.1-py3.10.egg-info/dependency_links.txt
[0.193s] -- Installing: /home/blaine/WayneHacks3/360_Cam_Lidar_Fusion/install/velodyne_msgs/local/lib/python3.10/dist-packages/velodyne_msgs-2.5.1-py3.10.egg-info/top_level.txt
[0.193s] -- Installing: /home/blaine/WayneHacks3/360_Cam_Lidar_Fusion/install/velodyne_msgs/local/lib/python3.10/dist-packages/velodyne_msgs-2.5.1-py3.10.egg-info/SOURCES.txt
[0.193s] -- Up-to-date: /home/blaine/WayneHacks3/360_Cam_Lidar_Fusion/install/velodyne_msgs/local/lib/python3.10/dist-packages/velodyne_msgs
[0.193s] -- Up-to-date: /home/blaine/WayneHacks3/360_Cam_Lidar_Fusion/install/velodyne_msgs/local/lib/python3.10/dist-packages/velodyne_msgs/libvelodyne_msgs__rosidl_generator_py.so
[0.193s] -- Up-to-date: /home/blaine/WayneHacks3/360_Cam_Lidar_Fusion/install/velodyne_msgs/local/lib/python3.10/dist-packages/velodyne_msgs/__init__.py
[0.193s] -- Up-to-date: /home/blaine/WayneHacks3/360_Cam_Lidar_Fusion/install/velodyne_msgs/local/lib/python3.10/dist-packages/velodyne_msgs/_velodyne_msgs_s.ep.rosidl_typesupport_fastrtps_c.c
[0.193s] -- Up-to-date: /home/blaine/WayneHacks3/360_Cam_Lidar_Fusion/install/velodyne_msgs/local/lib/python3.10/dist-packages/velodyne_msgs/msg
[0.193s] -- Up-to-date: /home/blaine/WayneHacks3/360_Cam_Lidar_Fusion/install/velodyne_msgs/local/lib/python3.10/dist-packages/velodyne_msgs/msg/_velodyne_packet.py
[0.193s] -- Up-to-date: /home/blaine/WayneHacks3/360_Cam_Lidar_Fusion/install/velodyne_msgs/local/lib/python3.10/dist-packages/velodyne_msgs/msg/__init__.py
[0.193s] -- Up-to-date: /home/blaine/WayneHacks3/360_Cam_Lidar_Fusion/install/velodyne_msgs/local/lib/python3.10/dist-packages/velodyne_msgs/msg/_velodyne_packet_s.c
[0.193s] -- Up-to-date: /home/blaine/WayneHacks3/360_Cam_Lidar_Fusion/install/velodyne_msgs/local/lib/python3.10/dist-packages/velodyne_msgs/msg/_velodyne_scan.py
[0.193s] -- Up-to-date: /home/blaine/WayneHacks3/360_Cam_Lidar_Fusion/install/velodyne_msgs/local/lib/python3.10/dist-packages/velodyne_msgs/msg/_velodyne_scan_s.c
[0.193s] -- Up-to-date: /home/blaine/WayneHacks3/360_Cam_Lidar_Fusion/install/velodyne_msgs/local/lib/python3.10/dist-packages/velodyne_msgs/velodyne_msgs_s__rosidl_typesupport_c.cpython-310-x86_64-linux-gnu.so
[0.193s] -- Up-to-date: /home/blaine/WayneHacks3/360_Cam_Lidar_Fusion/install/velodyne_msgs/local/lib/python3.10/dist-packages/velodyne_msgs/_velodyne_msgs_s.ep.rosidl_typesupport_introspection_c.c
[0.193s] -- Up-to-date: /home/blaine/WayneHacks3/360_Cam_Lidar_Fusion/install/velodyne_msgs/local/lib/python3.10/dist-packages/velodyne_msgs/velodyne_msgs_s__rosidl_typesupport_introspection_c.cpython-310-x86_64-linux-gnu.so
[0.193s] -- Up-to-date: /home/blaine/WayneHacks3/360_Cam_Lidar_Fusion/install/velodyne_msgs/local/lib/python3.10/dist-packages/velodyne_msgs/velodyne_msgs_s__rosidl_typesupport_fastrtps_c.cpython-310-x86_64-linux-gnu.so
[0.193s] -- Up-to-date: /home/blaine/WayneHacks3/360_Cam_Lidar_Fusion/install/velodyne_msgs/local/lib/python3.10/dist-packages/velodyne_msgs/_velodyne_msgs_s.ep.rosidl_typesupport_c.c
[0.208s] Listing '/home/blaine/WayneHacks3/360_Cam_Lidar_Fusion/install/velodyne_msgs/local/lib/python3.10/dist-packages/velodyne_msgs'...
[0.208s] Listing '/home/blaine/WayneHacks3/360_Cam_Lidar_Fusion/install/velodyne_msgs/local/lib/python3.10/dist-packages/velodyne_msgs/msg'...
[0.210s] -- Up-to-date: /home/blaine/WayneHacks3/360_Cam_Lidar_Fusion/install/velodyne_msgs/local/lib/python3.10/dist-packages/velodyne_msgs/velodyne_msgs_s__rosidl_typesupport_fastrtps_c.cpython-310-x86_64-linux-gnu.so
[0.210s] -- Up-to-date: /home/blaine/WayneHacks3/360_Cam_Lidar_Fusion/install/velodyne_msgs/local/lib/python3.10/dist-packages/velodyne_msgs/velodyne_msgs_s__rosidl_typesupport_introspection_c.cpython-310-x86_64-linux-gnu.so
[0.210s] -- Up-to-date: /home/blaine/WayneHacks3/360_Cam_Lidar_Fusion/install/velodyne_msgs/local/lib/python3.10/dist-packages/velodyne_msgs/velodyne_msgs_s__rosidl_typesupport_c.cpython-310-x86_64-linux-gnu.so
[0.211s] -- Up-to-date: /home/blaine/WayneHacks3/360_Cam_Lidar_Fusion/install/velodyne_msgs/lib/libvelodyne_msgs__rosidl_generator_py.so
[0.211s] -- Up-to-date: /home/blaine/WayneHacks3/360_Cam_Lidar_Fusion/install/velodyne_msgs/share/velodyne_msgs/msg/VelodynePacket.idl
[0.211s] -- Up-to-date: /home/blaine/WayneHacks3/360_Cam_Lidar_Fusion/install/velodyne_msgs/share/velodyne_msgs/msg/VelodyneScan.idl
[0.211s] -- Up-to-date: /home/blaine/WayneHacks3/360_Cam_Lidar_Fusion/install/velodyne_msgs/share/velodyne_msgs/msg/VelodynePacket.msg
[0.211s] -- Up-to-date: /home/blaine/WayneHacks3/360_Cam_Lidar_Fusion/install/velodyne_msgs/share/velodyne_msgs/msg/VelodyneScan.msg
[0.211s] -- Up-to-date: /home/blaine/WayneHacks3/360_Cam_Lidar_Fusion/install/velodyne_msgs/share/ament_index/resource_index/package_run_dependencies/velodyne_msgs
[0.211s] -- Up-to-date: /home/blaine/WayneHacks3/360_Cam_Lidar_Fusion/install/velodyne_msgs/share/ament_index/resource_index/parent_prefix_path/velodyne_msgs
[0.211s] -- Up-to-date: /home/blaine/WayneHacks3/360_Cam_Lidar_Fusion/install/velodyne_msgs/share/velodyne_msgs/environment/ament_prefix_path.sh
[0.211s] -- Up-to-date: /home/blaine/WayneHacks3/360_Cam_Lidar_Fusion/install/velodyne_msgs/share/velodyne_msgs/environment/ament_prefix_path.dsv
[0.211s] -- Up-to-date: /home/blaine/WayneHacks3/360_Cam_Lidar_Fusion/install/velodyne_msgs/share/velodyne_msgs/environment/path.sh
[0.211s] -- Up-to-date: /home/blaine/WayneHacks3/360_Cam_Lidar_Fusion/install/velodyne_msgs/share/velodyne_msgs/environment/path.dsv
[0.211s] -- Up-to-date: /home/blaine/WayneHacks3/360_Cam_Lidar_Fusion/install/velodyne_msgs/share/velodyne_msgs/local_setup.bash
[0.211s] -- Up-to-date: /home/blaine/WayneHacks3/360_Cam_Lidar_Fusion/install/velodyne_msgs/share/velodyne_msgs/local_setup.sh
[0.211s] -- Up-to-date: /home/blaine/WayneHacks3/360_Cam_Lidar_Fusion/install/velodyne_msgs/share/velodyne_msgs/local_setup.zsh
[0.211s] -- Up-to-date: /home/blaine/WayneHacks3/360_Cam_Lidar_Fusion/install/velodyne_msgs/share/velodyne_msgs/local_setup.dsv
[0.211s] -- Installing: /home/blaine/WayneHacks3/360_Cam_Lidar_Fusion/install/velodyne_msgs/share/velodyne_msgs/package.dsv
[0.211s] -- Up-to-date: /home/blaine/WayneHacks3/360_Cam_Lidar_Fusion/install/velodyne_msgs/share/ament_index/resource_index/packages/velodyne_msgs
[0.211s] -- Up-to-date: /home/blaine/WayneHacks3/360_Cam_Lidar_Fusion/install/velodyne_msgs/share/velodyne_msgs/cmake/export_velodyne_msgs__rosidl_generator_cExport.cmake
[0.211s] -- Up-to-date: /home/blaine/WayneHacks3/360_Cam_Lidar_Fusion/install/velodyne_msgs/share/velodyne_msgs/cmake/export_velodyne_msgs__rosidl_generator_cExport-noconfig.cmake
[0.211s] -- Up-to-date: /home/blaine/WayneHacks3/360_Cam_Lidar_Fusion/install/velodyne_msgs/share/velodyne_msgs/cmake/export_velodyne_msgs__rosidl_typesupport_fastrtps_cExport.cmake
[0.211s] -- Up-to-date: /home/blaine/WayneHacks3/360_Cam_Lidar_Fusion/install/velodyne_msgs/share/velodyne_msgs/cmake/export_velodyne_msgs__rosidl_typesupport_fastrtps_cExport-noconfig.cmake
[0.211s] -- Up-to-date: /home/blaine/WayneHacks3/360_Cam_Lidar_Fusion/install/velodyne_msgs/share/velodyne_msgs/cmake/export_velodyne_msgs__rosidl_generator_cppExport.cmake
[0.211s] -- Up-to-date: /home/blaine/WayneHacks3/360_Cam_Lidar_Fusion/install/velodyne_msgs/share/velodyne_msgs/cmake/export_velodyne_msgs__rosidl_typesupport_fastrtps_cppExport.cmake
[0.211s] -- Up-to-date: /home/blaine/WayneHacks3/360_Cam_Lidar_Fusion/install/velodyne_msgs/share/velodyne_msgs/cmake/export_velodyne_msgs__rosidl_typesupport_fastrtps_cppExport-noconfig.cmake
[0.212s] -- Up-to-date: /home/blaine/WayneHacks3/360_Cam_Lidar_Fusion/install/velodyne_msgs/share/velodyne_msgs/cmake/velodyne_msgs__rosidl_typesupport_introspection_cExport.cmake
[0.212s] -- Up-to-date: /home/blaine/WayneHacks3/360_Cam_Lidar_Fusion/install/velodyne_msgs/share/velodyne_msgs/cmake/velodyne_msgs__rosidl_typesupport_introspection_cExport-noconfig.cmake
[0.212s] -- Up-to-date: /home/blaine/WayneHacks3/360_Cam_Lidar_Fusion/install/velodyne_msgs/share/velodyne_msgs/cmake/velodyne_msgs__rosidl_typesupport_cExport.cmake
[0.212s] -- Up-to-date: /home/blaine/WayneHacks3/360_Cam_Lidar_Fusion/install/velodyne_msgs/share/velodyne_msgs/cmake/velodyne_msgs__rosidl_typesupport_cExport-noconfig.cmake
[0.212s] -- Up-to-date: /home/blaine/WayneHacks3/360_Cam_Lidar_Fusion/install/velodyne_msgs/share/velodyne_msgs/cmake/velodyne_msgs__rosidl_typesupport_introspection_cppExport.cmake
[0.212s] -- Up-to-date: /home/blaine/WayneHacks3/360_Cam_Lidar_Fusion/install/velodyne_msgs/share/velodyne_msgs/cmake/velodyne_msgs__rosidl_typesupport_introspection_cppExport-noconfig.cmake
[0.212s] -- Up-to-date: /home/blaine/WayneHacks3/360_Cam_Lidar_Fusion/install/velodyne_msgs/share/velodyne_msgs/cmake/velodyne_msgs__rosidl_typesupport_cppExport.cmake
[0.212s] -- Up-to-date: /home/blaine/WayneHacks3/360_Cam_Lidar_Fusion/install/velodyne_msgs/share/velodyne_msgs/cmake/velodyne_msgs__rosidl_typesupport_cppExport-noconfig.cmake
[0.212s] -- Up-to-date: /home/blaine/WayneHacks3/360_Cam_Lidar_Fusion/install/velodyne_msgs/share/velodyne_msgs/cmake/export_velodyne_msgs__rosidl_generator_pyExport.cmake
[0.212s] -- Up-to-date: /home/blaine/WayneHacks3/360_Cam_Lidar_Fusion/install/velodyne_msgs/share/velodyne_msgs/cmake/export_velodyne_msgs__rosidl_generator_pyExport-noconfig.cmake
[0.212s] -- Up-to-date: /home/blaine/WayneHacks3/360_Cam_Lidar_Fusion/install/velodyne_msgs/share/velodyne_msgs/cmake/rosidl_cmake-extras.cmake
[0.212s] -- Up-to-date: /home/blaine/WayneHacks3/360_Cam_Lidar_Fusion/install/velodyne_msgs/share/velodyne_msgs/cmake/ament_cmake_export_dependencies-extras.cmake
[0.212s] -- Up-to-date: /home/blaine/WayneHacks3/360_Cam_Lidar_Fusion/install/velodyne_msgs/share/velodyne_msgs/cmake/ament_cmake_export_include_directories-extras.cmake
[0.212s] -- Up-to-date: /home/blaine/WayneHacks3/360_Cam_Lidar_Fusion/install/velodyne_msgs/share/velodyne_msgs/cmake/ament_cmake_export_libraries-extras.cmake
[0.212s] -- Up-to-date: /home/blaine/WayneHacks3/360_Cam_Lidar_Fusion/install/velodyne_msgs/share/velodyne_msgs/cmake/ament_cmake_export_targets-extras.cmake
[0.212s] -- Up-to-date: /home/blaine/WayneHacks3/360_Cam_Lidar_Fusion/install/velodyne_msgs/share/velodyne_msgs/cmake/rosidl_cmake_export_typesupport_targets-extras.cmake
[0.212s] -- Up-to-date: /home/blaine/WayneHacks3/360_Cam_Lidar_Fusion/install/velodyne_msgs/share/velodyne_msgs/cmake/rosidl_cmake_export_typesupport_libraries-extras.cmake
[0.212s] -- Up-to-date: /home/blaine/WayneHacks3/360_Cam_Lidar_Fusion/install/velodyne_msgs/share/velodyne_msgs/cmake/velodyne_msgsConfig.cmake
[0.212s] -- Up-to-date: /home/blaine/WayneHacks3/360_Cam_Lidar_Fusion/install/velodyne_msgs/share/velodyne_msgs/cmake/velodyne_msgsConfig-version.cmake
[0.212s] -- Up-to-date: /home/blaine/WayneHacks3/360_Cam_Lidar_Fusion/install/velodyne_msgs/share/velodyne_msgs/package.xml
[0.213s] Invoked command in '/home/blaine/WayneHacks3/360_Cam_Lidar_Fusion/build/velodyne_msgs' returned '0': CMAKE_PREFIX_PATH=${CMAKE_PREFIX_PATH}:/home/blaine/WayneHacks3/360_Cam_Lidar_Fusion/install/fusion:/opt/ros/humble /usr/bin/cmake --install /home/blaine/WayneHacks3/360_Cam_Lidar_Fusion/build/velodyne_msgs
