[0.005s] Invoking command in '/home/blaine/WayneHacks3/360_Cam_Lidar_Fusion/build/velodyne_msgs': CMAKE_PREFIX_PATH=/opt/ros/humble /usr/bin/cmake /home/blaine/WayneHacks3/360_Cam_Lidar_Fusion/src/velodyne/velodyne_msgs -DCMAKE_INSTALL_PREFIX=/home/blaine/WayneHacks3/360_Cam_Lidar_Fusion/install/velodyne_msgs
[0.014s] -- Found ament_cmake: 1.3.11 (/opt/ros/humble/share/ament_cmake/cmake)
[0.096s] -- Found Python3: /usr/bin/python3 (found version "3.10.12") found components: Interpreter 
[0.145s] -- Found builtin_interfaces: 1.2.1 (/opt/ros/humble/share/builtin_interfaces/cmake)
[0.165s] -- Found rosidl_generator_c: 3.1.6 (/opt/ros/humble/share/rosidl_generator_c/cmake)
[0.168s] -- Found rosidl_adapter: 3.1.6 (/opt/ros/humble/share/rosidl_adapter/cmake)
[0.173s] -- Found rosidl_generator_cpp: 3.1.6 (/opt/ros/humble/share/rosidl_generator_cpp/cmake)
[0.181s] -- Using all available rosidl_typesupport_c: rosidl_typesupport_fastrtps_c;rosidl_typesupport_introspection_c
[0.190s] -- Using all available rosidl_typesupport_cpp: rosidl_typesupport_fastrtps_cpp;rosidl_typesupport_introspection_cpp
[0.198s] -- Found rosidl_default_generators: 1.2.0 (/opt/ros/humble/share/rosidl_default_generators/cmake)
[0.203s] -- Found std_msgs: 4.2.4 (/opt/ros/humble/share/std_msgs/cmake)
[0.347s] -- Found ament_cmake_cppcheck: 0.12.11 (/opt/ros/humble/share/ament_cmake_cppcheck/cmake)
[0.348s] -- Found ament_cmake_cpplint: 0.12.11 (/opt/ros/humble/share/ament_cmake_cpplint/cmake)
[0.350s] -- Found ament_cmake_uncrustify: 0.12.11 (/opt/ros/humble/share/ament_cmake_uncrustify/cmake)
[0.351s] -- Found ament_cmake_ros: 0.10.0 (/opt/ros/humble/share/ament_cmake_ros/cmake)
[0.537s] -- Using all available rosidl_typesupport_c: rosidl_typesupport_fastrtps_c;rosidl_typesupport_introspection_c
[0.605s] -- Using all available rosidl_typesupport_cpp: rosidl_typesupport_fastrtps_cpp;rosidl_typesupport_introspection_cpp
[0.620s] -- Found PythonInterp: /usr/bin/python3 (found suitable version "3.10.12", minimum required is "3.6") 
[0.621s] -- Found python_cmake_module: 0.10.0 (/opt/ros/humble/share/python_cmake_module/cmake)
[0.634s] -- Found PythonLibs: /usr/lib/x86_64-linux-gnu/libpython3.10.so (found suitable version "3.10.12", minimum required is "3.5") 
[0.635s] -- Using PYTHON_EXECUTABLE: /usr/bin/python3
[0.635s] -- Using PYTHON_INCLUDE_DIRS: /usr/include/python3.10
[0.635s] -- Using PYTHON_LIBRARIES: /usr/lib/x86_64-linux-gnu/libpython3.10.so
[0.644s] -- Found PythonExtra: .so  
[0.668s] -- Found ament_cmake_flake8: 0.12.11 (/opt/ros/humble/share/ament_cmake_flake8/cmake)
[0.668s] -- Found ament_cmake_pep257: 0.12.11 (/opt/ros/humble/share/ament_cmake_pep257/cmake)
[0.669s] -- Found ament_lint_auto: 0.12.11 (/opt/ros/humble/share/ament_lint_auto/cmake)
[0.675s] -- Added test 'copyright' to check source files copyright and LICENSE
[0.675s] -- Added test 'lint_cmake' to check CMake code style
[0.675s] -- Added test 'xmllint' to check XML markup files
[0.676s] -- Configuring done
[0.689s] -- Generating done
[0.694s] -- Build files have been written to: /home/blaine/WayneHacks3/360_Cam_Lidar_Fusion/build/velodyne_msgs
[0.698s] Invoked command in '/home/blaine/WayneHacks3/360_Cam_Lidar_Fusion/build/velodyne_msgs' returned '0': CMAKE_PREFIX_PATH=/opt/ros/humble /usr/bin/cmake /home/blaine/WayneHacks3/360_Cam_Lidar_Fusion/src/velodyne/velodyne_msgs -DCMAKE_INSTALL_PREFIX=/home/blaine/WayneHacks3/360_Cam_Lidar_Fusion/install/velodyne_msgs
[0.699s] Invoking command in '/home/blaine/WayneHacks3/360_Cam_Lidar_Fusion/build/velodyne_msgs': CMAKE_PREFIX_PATH=/opt/ros/humble /usr/bin/cmake --build /home/blaine/WayneHacks3/360_Cam_Lidar_Fusion/build/velodyne_msgs -- -j32 -l32
[0.720s] [  2%] [34m[1mGenerating C code for ROS interfaces[0m
[0.725s] [  5%] [34m[1mGenerating C++ code for ROS interfaces[0m
[0.729s] [  5%] Built target ament_cmake_python_copy_velodyne_msgs
[0.836s] running egg_info
[0.836s] creating velodyne_msgs.egg-info
[0.836s] writing velodyne_msgs.egg-info/PKG-INFO
[0.836s] writing dependency_links to velodyne_msgs.egg-info/dependency_links.txt
[0.836s] writing top-level names to velodyne_msgs.egg-info/top_level.txt
[0.836s] writing manifest file 'velodyne_msgs.egg-info/SOURCES.txt'
[0.837s] reading manifest file 'velodyne_msgs.egg-info/SOURCES.txt'
[0.838s] writing manifest file 'velodyne_msgs.egg-info/SOURCES.txt'
[0.853s] [  5%] Built target ament_cmake_python_build_velodyne_msgs_egg
[0.895s] [  7%] [32mBuilding C object CMakeFiles/velodyne_msgs__rosidl_generator_c.dir/rosidl_generator_c/velodyne_msgs/msg/detail/velodyne_packet__functions.c.o[0m
[0.897s] [ 10%] [32mBuilding C object CMakeFiles/velodyne_msgs__rosidl_generator_c.dir/rosidl_generator_c/velodyne_msgs/msg/detail/velodyne_scan__functions.c.o[0m
[0.899s] [ 10%] Built target velodyne_msgs__cpp
[0.907s] [ 12%] [34m[1mGenerating C++ type support dispatch for ROS interfaces[0m
[0.907s] [ 15%] [34m[1mGenerating C++ introspection for ROS interfaces[0m
[0.907s] [ 17%] [34m[1mGenerating C++ type support for eProsima Fast-RTPS[0m
[0.932s] [ 20%] [32m[1mLinking C shared library libvelodyne_msgs__rosidl_generator_c.so[0m
[0.961s] [ 20%] Built target velodyne_msgs__rosidl_generator_c
[0.969s] [ 23%] [34m[1mGenerating C type support for eProsima Fast-RTPS[0m
[0.969s] [ 28%] [34m[1mGenerating C type support dispatch for ROS interfaces[0m
[0.969s] [ 28%] [34m[1mGenerating C introspection for ROS interfaces[0m
[1.080s] [ 30%] [32mBuilding CXX object CMakeFiles/velodyne_msgs__rosidl_typesupport_cpp.dir/rosidl_typesupport_cpp/velodyne_msgs/msg/velodyne_packet__type_support.cpp.o[0m
[1.080s] [ 33%] [32mBuilding CXX object CMakeFiles/velodyne_msgs__rosidl_typesupport_cpp.dir/rosidl_typesupport_cpp/velodyne_msgs/msg/velodyne_scan__type_support.cpp.o[0m
[1.092s] [ 35%] [32mBuilding CXX object CMakeFiles/velodyne_msgs__rosidl_typesupport_introspection_cpp.dir/rosidl_typesupport_introspection_cpp/velodyne_msgs/msg/detail/velodyne_scan__type_support.cpp.o[0m
[1.093s] [ 38%] [32mBuilding CXX object CMakeFiles/velodyne_msgs__rosidl_typesupport_introspection_cpp.dir/rosidl_typesupport_introspection_cpp/velodyne_msgs/msg/detail/velodyne_packet__type_support.cpp.o[0m
[1.100s] [ 41%] [32mBuilding CXX object CMakeFiles/velodyne_msgs__rosidl_typesupport_fastrtps_cpp.dir/rosidl_typesupport_fastrtps_cpp/velodyne_msgs/msg/detail/dds_fastrtps/velodyne_packet__type_support.cpp.o[0m
[1.101s] [ 43%] [32mBuilding CXX object CMakeFiles/velodyne_msgs__rosidl_typesupport_fastrtps_cpp.dir/rosidl_typesupport_fastrtps_cpp/velodyne_msgs/msg/detail/dds_fastrtps/velodyne_scan__type_support.cpp.o[0m
[1.163s] [ 46%] [32mBuilding CXX object CMakeFiles/velodyne_msgs__rosidl_typesupport_c.dir/rosidl_typesupport_c/velodyne_msgs/msg/velodyne_packet__type_support.cpp.o[0m
[1.163s] [ 48%] [32mBuilding CXX object CMakeFiles/velodyne_msgs__rosidl_typesupport_c.dir/rosidl_typesupport_c/velodyne_msgs/msg/velodyne_scan__type_support.cpp.o[0m
[1.178s] [ 51%] [32mBuilding CXX object CMakeFiles/velodyne_msgs__rosidl_typesupport_fastrtps_c.dir/rosidl_typesupport_fastrtps_c/velodyne_msgs/msg/detail/velodyne_scan__type_support_c.cpp.o[0m
[1.179s] [ 53%] [32mBuilding CXX object CMakeFiles/velodyne_msgs__rosidl_typesupport_fastrtps_c.dir/rosidl_typesupport_fastrtps_c/velodyne_msgs/msg/detail/velodyne_packet__type_support_c.cpp.o[0m
[1.180s] [ 56%] [32mBuilding C object CMakeFiles/velodyne_msgs__rosidl_typesupport_introspection_c.dir/rosidl_typesupport_introspection_c/velodyne_msgs/msg/detail/velodyne_packet__type_support.c.o[0m
[1.181s] [ 58%] [32mBuilding C object CMakeFiles/velodyne_msgs__rosidl_typesupport_introspection_c.dir/rosidl_typesupport_introspection_c/velodyne_msgs/msg/detail/velodyne_scan__type_support.c.o[0m
[1.189s] [ 61%] [32m[1mLinking CXX shared library libvelodyne_msgs__rosidl_typesupport_c.so[0m
[1.215s] [ 64%] [32m[1mLinking C shared library libvelodyne_msgs__rosidl_typesupport_introspection_c.so[0m
[1.229s] [ 64%] Built target velodyne_msgs__rosidl_typesupport_c
[1.248s] [ 64%] Built target velodyne_msgs__rosidl_typesupport_introspection_c
[1.281s] [ 66%] [32m[1mLinking CXX shared library libvelodyne_msgs__rosidl_typesupport_cpp.so[0m
[1.319s] [ 66%] Built target velodyne_msgs__rosidl_typesupport_cpp
[1.373s] [ 69%] [32m[1mLinking CXX shared library libvelodyne_msgs__rosidl_typesupport_fastrtps_c.so[0m
[1.384s] [ 71%] [32m[1mLinking CXX shared library libvelodyne_msgs__rosidl_typesupport_fastrtps_cpp.so[0m
[1.400s] [ 74%] [32m[1mLinking CXX shared library libvelodyne_msgs__rosidl_typesupport_introspection_cpp.so[0m
[1.417s] [ 74%] Built target velodyne_msgs__rosidl_typesupport_fastrtps_c
[1.433s] [ 74%] Built target velodyne_msgs__rosidl_typesupport_fastrtps_cpp
[1.441s] [ 74%] Built target velodyne_msgs__rosidl_typesupport_introspection_cpp
[1.453s] [ 74%] Built target velodyne_msgs
[1.468s] [ 76%] [34m[1mGenerating Python code for ROS interfaces[0m
[1.677s] [ 76%] Built target velodyne_msgs__py
[1.691s] [ 82%] [32mBuilding C object CMakeFiles/velodyne_msgs__rosidl_generator_py.dir/rosidl_generator_py/velodyne_msgs/msg/_velodyne_packet_s.c.o[0m
[1.691s] [ 82%] [32mBuilding C object CMakeFiles/velodyne_msgs__rosidl_generator_py.dir/rosidl_generator_py/velodyne_msgs/msg/_velodyne_scan_s.c.o[0m
[1.757s] [ 84%] [32m[1mLinking C shared library rosidl_generator_py/velodyne_msgs/libvelodyne_msgs__rosidl_generator_py.so[0m
[1.783s] [ 84%] Built target velodyne_msgs__rosidl_generator_py
[1.797s] [ 89%] [32mBuilding C object CMakeFiles/velodyne_msgs__rosidl_typesupport_c__pyext.dir/rosidl_generator_py/velodyne_msgs/_velodyne_msgs_s.ep.rosidl_typesupport_c.c.o[0m
[1.797s] [ 89%] [32mBuilding C object CMakeFiles/velodyne_msgs__rosidl_typesupport_fastrtps_c__pyext.dir/rosidl_generator_py/velodyne_msgs/_velodyne_msgs_s.ep.rosidl_typesupport_fastrtps_c.c.o[0m
[1.797s] [ 92%] [32mBuilding C object CMakeFiles/velodyne_msgs__rosidl_typesupport_introspection_c__pyext.dir/rosidl_generator_py/velodyne_msgs/_velodyne_msgs_s.ep.rosidl_typesupport_introspection_c.c.o[0m
[1.849s] [ 94%] [32m[1mLinking C shared library rosidl_generator_py/velodyne_msgs/velodyne_msgs_s__rosidl_typesupport_c.cpython-310-x86_64-linux-gnu.so[0m
[1.849s] [ 97%] [32m[1mLinking C shared library rosidl_generator_py/velodyne_msgs/velodyne_msgs_s__rosidl_typesupport_fastrtps_c.cpython-310-x86_64-linux-gnu.so[0m
[1.852s] [100%] [32m[1mLinking C shared library rosidl_generator_py/velodyne_msgs/velodyne_msgs_s__rosidl_typesupport_introspection_c.cpython-310-x86_64-linux-gnu.so[0m
[1.873s] [100%] Built target velodyne_msgs__rosidl_typesupport_c__pyext
[1.874s] [100%] Built target velodyne_msgs__rosidl_typesupport_fastrtps_c__pyext
[1.877s] [100%] Built target velodyne_msgs__rosidl_typesupport_introspection_c__pyext
[1.885s] Invoked command in '/home/blaine/WayneHacks3/360_Cam_Lidar_Fusion/build/velodyne_msgs' returned '0': CMAKE_PREFIX_PATH=/opt/ros/humble /usr/bin/cmake --build /home/blaine/WayneHacks3/360_Cam_Lidar_Fusion/build/velodyne_msgs -- -j32 -l32
[1.891s] Invoking command in '/home/blaine/WayneHacks3/360_Cam_Lidar_Fusion/build/velodyne_msgs': CMAKE_PREFIX_PATH=/opt/ros/humble /usr/bin/cmake --install /home/blaine/WayneHacks3/360_Cam_Lidar_Fusion/build/velodyne_msgs
[1.895s] -- Install configuration: ""
[1.895s] -- Installing: /home/blaine/WayneHacks3/360_Cam_Lidar_Fusion/install/velodyne_msgs/share/ament_index/resource_index/rosidl_interfaces/velodyne_msgs
[1.895s] -- Installing: /home/blaine/WayneHacks3/360_Cam_Lidar_Fusion/install/velodyne_msgs/include/velodyne_msgs/velodyne_msgs
[1.895s] -- Installing: /home/blaine/WayneHacks3/360_Cam_Lidar_Fusion/install/velodyne_msgs/include/velodyne_msgs/velodyne_msgs/msg
[1.895s] -- Installing: /home/blaine/WayneHacks3/360_Cam_Lidar_Fusion/install/velodyne_msgs/include/velodyne_msgs/velodyne_msgs/msg/detail
[1.895s] -- Installing: /home/blaine/WayneHacks3/360_Cam_Lidar_Fusion/install/velodyne_msgs/include/velodyne_msgs/velodyne_msgs/msg/detail/velodyne_packet__functions.h
[1.895s] -- Installing: /home/blaine/WayneHacks3/360_Cam_Lidar_Fusion/install/velodyne_msgs/include/velodyne_msgs/velodyne_msgs/msg/detail/velodyne_scan__functions.h
[1.895s] -- Installing: /home/blaine/WayneHacks3/360_Cam_Lidar_Fusion/install/velodyne_msgs/include/velodyne_msgs/velodyne_msgs/msg/detail/velodyne_packet__functions.c
[1.895s] -- Installing: /home/blaine/WayneHacks3/360_Cam_Lidar_Fusion/install/velodyne_msgs/include/velodyne_msgs/velodyne_msgs/msg/detail/velodyne_packet__type_support.h
[1.895s] -- Installing: /home/blaine/WayneHacks3/360_Cam_Lidar_Fusion/install/velodyne_msgs/include/velodyne_msgs/velodyne_msgs/msg/detail/velodyne_scan__functions.c
[1.895s] -- Installing: /home/blaine/WayneHacks3/360_Cam_Lidar_Fusion/install/velodyne_msgs/include/velodyne_msgs/velodyne_msgs/msg/detail/velodyne_scan__struct.h
[1.895s] -- Installing: /home/blaine/WayneHacks3/360_Cam_Lidar_Fusion/install/velodyne_msgs/include/velodyne_msgs/velodyne_msgs/msg/detail/velodyne_packet__struct.h
[1.895s] -- Installing: /home/blaine/WayneHacks3/360_Cam_Lidar_Fusion/install/velodyne_msgs/include/velodyne_msgs/velodyne_msgs/msg/detail/velodyne_scan__type_support.h
[1.895s] -- Installing: /home/blaine/WayneHacks3/360_Cam_Lidar_Fusion/install/velodyne_msgs/include/velodyne_msgs/velodyne_msgs/msg/velodyne_packet.h
[1.895s] -- Installing: /home/blaine/WayneHacks3/360_Cam_Lidar_Fusion/install/velodyne_msgs/include/velodyne_msgs/velodyne_msgs/msg/velodyne_scan.h
[1.895s] -- Installing: /home/blaine/WayneHacks3/360_Cam_Lidar_Fusion/install/velodyne_msgs/include/velodyne_msgs/velodyne_msgs/msg/rosidl_generator_c__visibility_control.h
[1.895s] -- Installing: /home/blaine/WayneHacks3/360_Cam_Lidar_Fusion/install/velodyne_msgs/share/velodyne_msgs/environment/library_path.sh
[1.895s] -- Installing: /home/blaine/WayneHacks3/360_Cam_Lidar_Fusion/install/velodyne_msgs/share/velodyne_msgs/environment/library_path.dsv
[1.895s] -- Installing: /home/blaine/WayneHacks3/360_Cam_Lidar_Fusion/install/velodyne_msgs/lib/libvelodyne_msgs__rosidl_generator_c.so
[1.895s] -- Set runtime path of "/home/blaine/WayneHacks3/360_Cam_Lidar_Fusion/install/velodyne_msgs/lib/libvelodyne_msgs__rosidl_generator_c.so" to ""
[1.895s] -- Up-to-date: /home/blaine/WayneHacks3/360_Cam_Lidar_Fusion/install/velodyne_msgs/include/velodyne_msgs/velodyne_msgs
[1.895s] -- Up-to-date: /home/blaine/WayneHacks3/360_Cam_Lidar_Fusion/install/velodyne_msgs/include/velodyne_msgs/velodyne_msgs/msg
[1.895s] -- Up-to-date: /home/blaine/WayneHacks3/360_Cam_Lidar_Fusion/install/velodyne_msgs/include/velodyne_msgs/velodyne_msgs/msg/detail
[1.896s] -- Installing: /home/blaine/WayneHacks3/360_Cam_Lidar_Fusion/install/velodyne_msgs/include/velodyne_msgs/velodyne_msgs/msg/detail/velodyne_scan__rosidl_typesupport_fastrtps_c.h
[1.896s] -- Installing: /home/blaine/WayneHacks3/360_Cam_Lidar_Fusion/install/velodyne_msgs/include/velodyne_msgs/velodyne_msgs/msg/detail/velodyne_packet__rosidl_typesupport_fastrtps_c.h
[1.896s] -- Installing: /home/blaine/WayneHacks3/360_Cam_Lidar_Fusion/install/velodyne_msgs/include/velodyne_msgs/velodyne_msgs/msg/rosidl_typesupport_fastrtps_c__visibility_control.h
[1.896s] -- Installing: /home/blaine/WayneHacks3/360_Cam_Lidar_Fusion/install/velodyne_msgs/lib/libvelodyne_msgs__rosidl_typesupport_fastrtps_c.so
[1.896s] -- Set runtime path of "/home/blaine/WayneHacks3/360_Cam_Lidar_Fusion/install/velodyne_msgs/lib/libvelodyne_msgs__rosidl_typesupport_fastrtps_c.so" to ""
[1.896s] -- Up-to-date: /home/blaine/WayneHacks3/360_Cam_Lidar_Fusion/install/velodyne_msgs/include/velodyne_msgs/velodyne_msgs
[1.896s] -- Up-to-date: /home/blaine/WayneHacks3/360_Cam_Lidar_Fusion/install/velodyne_msgs/include/velodyne_msgs/velodyne_msgs/msg
[1.896s] -- Installing: /home/blaine/WayneHacks3/360_Cam_Lidar_Fusion/install/velodyne_msgs/include/velodyne_msgs/velodyne_msgs/msg/velodyne_scan.hpp
[1.896s] -- Up-to-date: /home/blaine/WayneHacks3/360_Cam_Lidar_Fusion/install/velodyne_msgs/include/velodyne_msgs/velodyne_msgs/msg/detail
[1.896s] -- Installing: /home/blaine/WayneHacks3/360_Cam_Lidar_Fusion/install/velodyne_msgs/include/velodyne_msgs/velodyne_msgs/msg/detail/velodyne_packet__builder.hpp
[1.896s] -- Installing: /home/blaine/WayneHacks3/360_Cam_Lidar_Fusion/install/velodyne_msgs/include/velodyne_msgs/velodyne_msgs/msg/detail/velodyne_packet__type_support.hpp
[1.896s] -- Installing: /home/blaine/WayneHacks3/360_Cam_Lidar_Fusion/install/velodyne_msgs/include/velodyne_msgs/velodyne_msgs/msg/detail/velodyne_scan__struct.hpp
[1.896s] -- Installing: /home/blaine/WayneHacks3/360_Cam_Lidar_Fusion/install/velodyne_msgs/include/velodyne_msgs/velodyne_msgs/msg/detail/velodyne_scan__traits.hpp
[1.896s] -- Installing: /home/blaine/WayneHacks3/360_Cam_Lidar_Fusion/install/velodyne_msgs/include/velodyne_msgs/velodyne_msgs/msg/detail/velodyne_scan__type_support.hpp
[1.896s] -- Installing: /home/blaine/WayneHacks3/360_Cam_Lidar_Fusion/install/velodyne_msgs/include/velodyne_msgs/velodyne_msgs/msg/detail/velodyne_packet__traits.hpp
[1.896s] -- Installing: /home/blaine/WayneHacks3/360_Cam_Lidar_Fusion/install/velodyne_msgs/include/velodyne_msgs/velodyne_msgs/msg/detail/velodyne_packet__struct.hpp
[1.896s] -- Installing: /home/blaine/WayneHacks3/360_Cam_Lidar_Fusion/install/velodyne_msgs/include/velodyne_msgs/velodyne_msgs/msg/detail/velodyne_scan__builder.hpp
[1.896s] -- Installing: /home/blaine/WayneHacks3/360_Cam_Lidar_Fusion/install/velodyne_msgs/include/velodyne_msgs/velodyne_msgs/msg/rosidl_generator_cpp__visibility_control.hpp
[1.896s] -- Installing: /home/blaine/WayneHacks3/360_Cam_Lidar_Fusion/install/velodyne_msgs/include/velodyne_msgs/velodyne_msgs/msg/velodyne_packet.hpp
[1.896s] -- Up-to-date: /home/blaine/WayneHacks3/360_Cam_Lidar_Fusion/install/velodyne_msgs/include/velodyne_msgs/velodyne_msgs
[1.896s] -- Up-to-date: /home/blaine/WayneHacks3/360_Cam_Lidar_Fusion/install/velodyne_msgs/include/velodyne_msgs/velodyne_msgs/msg
[1.897s] -- Up-to-date: /home/blaine/WayneHacks3/360_Cam_Lidar_Fusion/install/velodyne_msgs/include/velodyne_msgs/velodyne_msgs/msg/detail
[1.897s] -- Installing: /home/blaine/WayneHacks3/360_Cam_Lidar_Fusion/install/velodyne_msgs/include/velodyne_msgs/velodyne_msgs/msg/detail/dds_fastrtps
[1.897s] -- Installing: /home/blaine/WayneHacks3/360_Cam_Lidar_Fusion/install/velodyne_msgs/include/velodyne_msgs/velodyne_msgs/msg/detail/velodyne_packet__rosidl_typesupport_fastrtps_cpp.hpp
[1.897s] -- Installing: /home/blaine/WayneHacks3/360_Cam_Lidar_Fusion/install/velodyne_msgs/include/velodyne_msgs/velodyne_msgs/msg/detail/velodyne_scan__rosidl_typesupport_fastrtps_cpp.hpp
[1.897s] -- Installing: /home/blaine/WayneHacks3/360_Cam_Lidar_Fusion/install/velodyne_msgs/include/velodyne_msgs/velodyne_msgs/msg/rosidl_typesupport_fastrtps_cpp__visibility_control.h
[1.897s] -- Installing: /home/blaine/WayneHacks3/360_Cam_Lidar_Fusion/install/velodyne_msgs/lib/libvelodyne_msgs__rosidl_typesupport_fastrtps_cpp.so
[1.897s] -- Set runtime path of "/home/blaine/WayneHacks3/360_Cam_Lidar_Fusion/install/velodyne_msgs/lib/libvelodyne_msgs__rosidl_typesupport_fastrtps_cpp.so" to ""
[1.897s] -- Up-to-date: /home/blaine/WayneHacks3/360_Cam_Lidar_Fusion/install/velodyne_msgs/include/velodyne_msgs/velodyne_msgs
[1.897s] -- Up-to-date: /home/blaine/WayneHacks3/360_Cam_Lidar_Fusion/install/velodyne_msgs/include/velodyne_msgs/velodyne_msgs/msg
[1.897s] -- Up-to-date: /home/blaine/WayneHacks3/360_Cam_Lidar_Fusion/install/velodyne_msgs/include/velodyne_msgs/velodyne_msgs/msg/detail
[1.897s] -- Installing: /home/blaine/WayneHacks3/360_Cam_Lidar_Fusion/install/velodyne_msgs/include/velodyne_msgs/velodyne_msgs/msg/detail/velodyne_scan__rosidl_typesupport_introspection_c.h
[1.897s] -- Installing: /home/blaine/WayneHacks3/360_Cam_Lidar_Fusion/install/velodyne_msgs/include/velodyne_msgs/velodyne_msgs/msg/detail/velodyne_packet__rosidl_typesupport_introspection_c.h
[1.897s] -- Installing: /home/blaine/WayneHacks3/360_Cam_Lidar_Fusion/install/velodyne_msgs/include/velodyne_msgs/velodyne_msgs/msg/detail/velodyne_packet__type_support.c
[1.897s] -- Installing: /home/blaine/WayneHacks3/360_Cam_Lidar_Fusion/install/velodyne_msgs/include/velodyne_msgs/velodyne_msgs/msg/detail/velodyne_scan__type_support.c
[1.897s] -- Installing: /home/blaine/WayneHacks3/360_Cam_Lidar_Fusion/install/velodyne_msgs/include/velodyne_msgs/velodyne_msgs/msg/rosidl_typesupport_introspection_c__visibility_control.h
[1.897s] -- Installing: /home/blaine/WayneHacks3/360_Cam_Lidar_Fusion/install/velodyne_msgs/lib/libvelodyne_msgs__rosidl_typesupport_introspection_c.so
[1.897s] -- Set runtime path of "/home/blaine/WayneHacks3/360_Cam_Lidar_Fusion/install/velodyne_msgs/lib/libvelodyne_msgs__rosidl_typesupport_introspection_c.so" to ""
[1.897s] -- Installing: /home/blaine/WayneHacks3/360_Cam_Lidar_Fusion/install/velodyne_msgs/lib/libvelodyne_msgs__rosidl_typesupport_c.so
[1.897s] -- Set runtime path of "/home/blaine/WayneHacks3/360_Cam_Lidar_Fusion/install/velodyne_msgs/lib/libvelodyne_msgs__rosidl_typesupport_c.so" to ""
[1.897s] -- Up-to-date: /home/blaine/WayneHacks3/360_Cam_Lidar_Fusion/install/velodyne_msgs/include/velodyne_msgs/velodyne_msgs
[1.897s] -- Up-to-date: /home/blaine/WayneHacks3/360_Cam_Lidar_Fusion/install/velodyne_msgs/include/velodyne_msgs/velodyne_msgs/msg
[1.897s] -- Up-to-date: /home/blaine/WayneHacks3/360_Cam_Lidar_Fusion/install/velodyne_msgs/include/velodyne_msgs/velodyne_msgs/msg/detail
[1.897s] -- Installing: /home/blaine/WayneHacks3/360_Cam_Lidar_Fusion/install/velodyne_msgs/include/velodyne_msgs/velodyne_msgs/msg/detail/velodyne_scan__type_support.cpp
[1.897s] -- Installing: /home/blaine/WayneHacks3/360_Cam_Lidar_Fusion/install/velodyne_msgs/include/velodyne_msgs/velodyne_msgs/msg/detail/velodyne_scan__rosidl_typesupport_introspection_cpp.hpp
[1.897s] -- Installing: /home/blaine/WayneHacks3/360_Cam_Lidar_Fusion/install/velodyne_msgs/include/velodyne_msgs/velodyne_msgs/msg/detail/velodyne_packet__rosidl_typesupport_introspection_cpp.hpp
[1.897s] -- Installing: /home/blaine/WayneHacks3/360_Cam_Lidar_Fusion/install/velodyne_msgs/include/velodyne_msgs/velodyne_msgs/msg/detail/velodyne_packet__type_support.cpp
[1.897s] -- Installing: /home/blaine/WayneHacks3/360_Cam_Lidar_Fusion/install/velodyne_msgs/lib/libvelodyne_msgs__rosidl_typesupport_introspection_cpp.so
[1.897s] -- Set runtime path of "/home/blaine/WayneHacks3/360_Cam_Lidar_Fusion/install/velodyne_msgs/lib/libvelodyne_msgs__rosidl_typesupport_introspection_cpp.so" to ""
[1.897s] -- Installing: /home/blaine/WayneHacks3/360_Cam_Lidar_Fusion/install/velodyne_msgs/lib/libvelodyne_msgs__rosidl_typesupport_cpp.so
[1.897s] -- Set runtime path of "/home/blaine/WayneHacks3/360_Cam_Lidar_Fusion/install/velodyne_msgs/lib/libvelodyne_msgs__rosidl_typesupport_cpp.so" to ""
[1.897s] -- Installing: /home/blaine/WayneHacks3/360_Cam_Lidar_Fusion/install/velodyne_msgs/share/velodyne_msgs/environment/pythonpath.sh
[1.897s] -- Installing: /home/blaine/WayneHacks3/360_Cam_Lidar_Fusion/install/velodyne_msgs/share/velodyne_msgs/environment/pythonpath.dsv
[1.897s] -- Installing: /home/blaine/WayneHacks3/360_Cam_Lidar_Fusion/install/velodyne_msgs/local/lib/python3.10/dist-packages/velodyne_msgs-2.5.1-py3.10.egg-info
[1.897s] -- Installing: /home/blaine/WayneHacks3/360_Cam_Lidar_Fusion/install/velodyne_msgs/local/lib/python3.10/dist-packages/velodyne_msgs-2.5.1-py3.10.egg-info/PKG-INFO
[1.897s] -- Installing: /home/blaine/WayneHacks3/360_Cam_Lidar_Fusion/install/velodyne_msgs/local/lib/python3.10/dist-packages/velodyne_msgs-2.5.1-py3.10.egg-info/dependency_links.txt
[1.898s] -- Installing: /home/blaine/WayneHacks3/360_Cam_Lidar_Fusion/install/velodyne_msgs/local/lib/python3.10/dist-packages/velodyne_msgs-2.5.1-py3.10.egg-info/top_level.txt
[1.898s] -- Installing: /home/blaine/WayneHacks3/360_Cam_Lidar_Fusion/install/velodyne_msgs/local/lib/python3.10/dist-packages/velodyne_msgs-2.5.1-py3.10.egg-info/SOURCES.txt
[1.898s] -- Installing: /home/blaine/WayneHacks3/360_Cam_Lidar_Fusion/install/velodyne_msgs/local/lib/python3.10/dist-packages/velodyne_msgs
[1.898s] -- Installing: /home/blaine/WayneHacks3/360_Cam_Lidar_Fusion/install/velodyne_msgs/local/lib/python3.10/dist-packages/velodyne_msgs/libvelodyne_msgs__rosidl_generator_py.so
[1.898s] -- Installing: /home/blaine/WayneHacks3/360_Cam_Lidar_Fusion/install/velodyne_msgs/local/lib/python3.10/dist-packages/velodyne_msgs/__init__.py
[1.898s] -- Installing: /home/blaine/WayneHacks3/360_Cam_Lidar_Fusion/install/velodyne_msgs/local/lib/python3.10/dist-packages/velodyne_msgs/_velodyne_msgs_s.ep.rosidl_typesupport_fastrtps_c.c
[1.898s] -- Installing: /home/blaine/WayneHacks3/360_Cam_Lidar_Fusion/install/velodyne_msgs/local/lib/python3.10/dist-packages/velodyne_msgs/msg
[1.898s] -- Installing: /home/blaine/WayneHacks3/360_Cam_Lidar_Fusion/install/velodyne_msgs/local/lib/python3.10/dist-packages/velodyne_msgs/msg/_velodyne_packet.py
[1.898s] -- Installing: /home/blaine/WayneHacks3/360_Cam_Lidar_Fusion/install/velodyne_msgs/local/lib/python3.10/dist-packages/velodyne_msgs/msg/__init__.py
[1.898s] -- Installing: /home/blaine/WayneHacks3/360_Cam_Lidar_Fusion/install/velodyne_msgs/local/lib/python3.10/dist-packages/velodyne_msgs/msg/_velodyne_packet_s.c
[1.898s] -- Installing: /home/blaine/WayneHacks3/360_Cam_Lidar_Fusion/install/velodyne_msgs/local/lib/python3.10/dist-packages/velodyne_msgs/msg/_velodyne_scan.py
[1.898s] -- Installing: /home/blaine/WayneHacks3/360_Cam_Lidar_Fusion/install/velodyne_msgs/local/lib/python3.10/dist-packages/velodyne_msgs/msg/_velodyne_scan_s.c
[1.898s] -- Installing: /home/blaine/WayneHacks3/360_Cam_Lidar_Fusion/install/velodyne_msgs/local/lib/python3.10/dist-packages/velodyne_msgs/velodyne_msgs_s__rosidl_typesupport_c.cpython-310-x86_64-linux-gnu.so
[1.898s] -- Installing: /home/blaine/WayneHacks3/360_Cam_Lidar_Fusion/install/velodyne_msgs/local/lib/python3.10/dist-packages/velodyne_msgs/_velodyne_msgs_s.ep.rosidl_typesupport_introspection_c.c
[1.898s] -- Installing: /home/blaine/WayneHacks3/360_Cam_Lidar_Fusion/install/velodyne_msgs/local/lib/python3.10/dist-packages/velodyne_msgs/velodyne_msgs_s__rosidl_typesupport_introspection_c.cpython-310-x86_64-linux-gnu.so
[1.898s] -- Installing: /home/blaine/WayneHacks3/360_Cam_Lidar_Fusion/install/velodyne_msgs/local/lib/python3.10/dist-packages/velodyne_msgs/velodyne_msgs_s__rosidl_typesupport_fastrtps_c.cpython-310-x86_64-linux-gnu.so
[1.898s] -- Installing: /home/blaine/WayneHacks3/360_Cam_Lidar_Fusion/install/velodyne_msgs/local/lib/python3.10/dist-packages/velodyne_msgs/_velodyne_msgs_s.ep.rosidl_typesupport_c.c
[1.916s] Listing '/home/blaine/WayneHacks3/360_Cam_Lidar_Fusion/install/velodyne_msgs/local/lib/python3.10/dist-packages/velodyne_msgs'...
[1.916s] Compiling '/home/blaine/WayneHacks3/360_Cam_Lidar_Fusion/install/velodyne_msgs/local/lib/python3.10/dist-packages/velodyne_msgs/__init__.py'...
[1.916s] Listing '/home/blaine/WayneHacks3/360_Cam_Lidar_Fusion/install/velodyne_msgs/local/lib/python3.10/dist-packages/velodyne_msgs/msg'...
[1.917s] Compiling '/home/blaine/WayneHacks3/360_Cam_Lidar_Fusion/install/velodyne_msgs/local/lib/python3.10/dist-packages/velodyne_msgs/msg/__init__.py'...
[1.917s] Compiling '/home/blaine/WayneHacks3/360_Cam_Lidar_Fusion/install/velodyne_msgs/local/lib/python3.10/dist-packages/velodyne_msgs/msg/_velodyne_packet.py'...
[1.917s] Compiling '/home/blaine/WayneHacks3/360_Cam_Lidar_Fusion/install/velodyne_msgs/local/lib/python3.10/dist-packages/velodyne_msgs/msg/_velodyne_scan.py'...
[1.919s] -- Installing: /home/blaine/WayneHacks3/360_Cam_Lidar_Fusion/install/velodyne_msgs/local/lib/python3.10/dist-packages/velodyne_msgs/velodyne_msgs_s__rosidl_typesupport_fastrtps_c.cpython-310-x86_64-linux-gnu.so
[1.919s] -- Set runtime path of "/home/blaine/WayneHacks3/360_Cam_Lidar_Fusion/install/velodyne_msgs/local/lib/python3.10/dist-packages/velodyne_msgs/velodyne_msgs_s__rosidl_typesupport_fastrtps_c.cpython-310-x86_64-linux-gnu.so" to ""
[1.919s] -- Installing: /home/blaine/WayneHacks3/360_Cam_Lidar_Fusion/install/velodyne_msgs/local/lib/python3.10/dist-packages/velodyne_msgs/velodyne_msgs_s__rosidl_typesupport_introspection_c.cpython-310-x86_64-linux-gnu.so
[1.919s] -- Set runtime path of "/home/blaine/WayneHacks3/360_Cam_Lidar_Fusion/install/velodyne_msgs/local/lib/python3.10/dist-packages/velodyne_msgs/velodyne_msgs_s__rosidl_typesupport_introspection_c.cpython-310-x86_64-linux-gnu.so" to ""
[1.919s] -- Installing: /home/blaine/WayneHacks3/360_Cam_Lidar_Fusion/install/velodyne_msgs/local/lib/python3.10/dist-packages/velodyne_msgs/velodyne_msgs_s__rosidl_typesupport_c.cpython-310-x86_64-linux-gnu.so
[1.919s] -- Set runtime path of "/home/blaine/WayneHacks3/360_Cam_Lidar_Fusion/install/velodyne_msgs/local/lib/python3.10/dist-packages/velodyne_msgs/velodyne_msgs_s__rosidl_typesupport_c.cpython-310-x86_64-linux-gnu.so" to ""
[1.919s] -- Installing: /home/blaine/WayneHacks3/360_Cam_Lidar_Fusion/install/velodyne_msgs/lib/libvelodyne_msgs__rosidl_generator_py.so
[1.919s] -- Set runtime path of "/home/blaine/WayneHacks3/360_Cam_Lidar_Fusion/install/velodyne_msgs/lib/libvelodyne_msgs__rosidl_generator_py.so" to ""
[1.919s] -- Installing: /home/blaine/WayneHacks3/360_Cam_Lidar_Fusion/install/velodyne_msgs/share/velodyne_msgs/msg/VelodynePacket.idl
[1.919s] -- Installing: /home/blaine/WayneHacks3/360_Cam_Lidar_Fusion/install/velodyne_msgs/share/velodyne_msgs/msg/VelodyneScan.idl
[1.919s] -- Installing: /home/blaine/WayneHacks3/360_Cam_Lidar_Fusion/install/velodyne_msgs/share/velodyne_msgs/msg/VelodynePacket.msg
[1.919s] -- Installing: /home/blaine/WayneHacks3/360_Cam_Lidar_Fusion/install/velodyne_msgs/share/velodyne_msgs/msg/VelodyneScan.msg
[1.919s] -- Installing: /home/blaine/WayneHacks3/360_Cam_Lidar_Fusion/install/velodyne_msgs/share/ament_index/resource_index/package_run_dependencies/velodyne_msgs
[1.920s] -- Installing: /home/blaine/WayneHacks3/360_Cam_Lidar_Fusion/install/velodyne_msgs/share/ament_index/resource_index/parent_prefix_path/velodyne_msgs
[1.920s] -- Installing: /home/blaine/WayneHacks3/360_Cam_Lidar_Fusion/install/velodyne_msgs/share/velodyne_msgs/environment/ament_prefix_path.sh
[1.920s] -- Installing: /home/blaine/WayneHacks3/360_Cam_Lidar_Fusion/install/velodyne_msgs/share/velodyne_msgs/environment/ament_prefix_path.dsv
[1.920s] -- Installing: /home/blaine/WayneHacks3/360_Cam_Lidar_Fusion/install/velodyne_msgs/share/velodyne_msgs/environment/path.sh
[1.920s] -- Installing: /home/blaine/WayneHacks3/360_Cam_Lidar_Fusion/install/velodyne_msgs/share/velodyne_msgs/environment/path.dsv
[1.920s] -- Installing: /home/blaine/WayneHacks3/360_Cam_Lidar_Fusion/install/velodyne_msgs/share/velodyne_msgs/local_setup.bash
[1.920s] -- Installing: /home/blaine/WayneHacks3/360_Cam_Lidar_Fusion/install/velodyne_msgs/share/velodyne_msgs/local_setup.sh
[1.920s] -- Installing: /home/blaine/WayneHacks3/360_Cam_Lidar_Fusion/install/velodyne_msgs/share/velodyne_msgs/local_setup.zsh
[1.920s] -- Installing: /home/blaine/WayneHacks3/360_Cam_Lidar_Fusion/install/velodyne_msgs/share/velodyne_msgs/local_setup.dsv
[1.920s] -- Installing: /home/blaine/WayneHacks3/360_Cam_Lidar_Fusion/install/velodyne_msgs/share/velodyne_msgs/package.dsv
[1.920s] -- Installing: /home/blaine/WayneHacks3/360_Cam_Lidar_Fusion/install/velodyne_msgs/share/ament_index/resource_index/packages/velodyne_msgs
[1.920s] -- Installing: /home/blaine/WayneHacks3/360_Cam_Lidar_Fusion/install/velodyne_msgs/share/velodyne_msgs/cmake/export_velodyne_msgs__rosidl_generator_cExport.cmake
[1.920s] -- Installing: /home/blaine/WayneHacks3/360_Cam_Lidar_Fusion/install/velodyne_msgs/share/velodyne_msgs/cmake/export_velodyne_msgs__rosidl_generator_cExport-noconfig.cmake
[1.920s] -- Installing: /home/blaine/WayneHacks3/360_Cam_Lidar_Fusion/install/velodyne_msgs/share/velodyne_msgs/cmake/export_velodyne_msgs__rosidl_typesupport_fastrtps_cExport.cmake
[1.920s] -- Installing: /home/blaine/WayneHacks3/360_Cam_Lidar_Fusion/install/velodyne_msgs/share/velodyne_msgs/cmake/export_velodyne_msgs__rosidl_typesupport_fastrtps_cExport-noconfig.cmake
[1.920s] -- Installing: /home/blaine/WayneHacks3/360_Cam_Lidar_Fusion/install/velodyne_msgs/share/velodyne_msgs/cmake/export_velodyne_msgs__rosidl_generator_cppExport.cmake
[1.920s] -- Installing: /home/blaine/WayneHacks3/360_Cam_Lidar_Fusion/install/velodyne_msgs/share/velodyne_msgs/cmake/export_velodyne_msgs__rosidl_typesupport_fastrtps_cppExport.cmake
[1.920s] -- Installing: /home/blaine/WayneHacks3/360_Cam_Lidar_Fusion/install/velodyne_msgs/share/velodyne_msgs/cmake/export_velodyne_msgs__rosidl_typesupport_fastrtps_cppExport-noconfig.cmake
[1.920s] -- Installing: /home/blaine/WayneHacks3/360_Cam_Lidar_Fusion/install/velodyne_msgs/share/velodyne_msgs/cmake/velodyne_msgs__rosidl_typesupport_introspection_cExport.cmake
[1.920s] -- Installing: /home/blaine/WayneHacks3/360_Cam_Lidar_Fusion/install/velodyne_msgs/share/velodyne_msgs/cmake/velodyne_msgs__rosidl_typesupport_introspection_cExport-noconfig.cmake
[1.920s] -- Installing: /home/blaine/WayneHacks3/360_Cam_Lidar_Fusion/install/velodyne_msgs/share/velodyne_msgs/cmake/velodyne_msgs__rosidl_typesupport_cExport.cmake
[1.920s] -- Installing: /home/blaine/WayneHacks3/360_Cam_Lidar_Fusion/install/velodyne_msgs/share/velodyne_msgs/cmake/velodyne_msgs__rosidl_typesupport_cExport-noconfig.cmake
[1.920s] -- Installing: /home/blaine/WayneHacks3/360_Cam_Lidar_Fusion/install/velodyne_msgs/share/velodyne_msgs/cmake/velodyne_msgs__rosidl_typesupport_introspection_cppExport.cmake
[1.920s] -- Installing: /home/blaine/WayneHacks3/360_Cam_Lidar_Fusion/install/velodyne_msgs/share/velodyne_msgs/cmake/velodyne_msgs__rosidl_typesupport_introspection_cppExport-noconfig.cmake
[1.920s] -- Installing: /home/blaine/WayneHacks3/360_Cam_Lidar_Fusion/install/velodyne_msgs/share/velodyne_msgs/cmake/velodyne_msgs__rosidl_typesupport_cppExport.cmake
[1.920s] -- Installing: /home/blaine/WayneHacks3/360_Cam_Lidar_Fusion/install/velodyne_msgs/share/velodyne_msgs/cmake/velodyne_msgs__rosidl_typesupport_cppExport-noconfig.cmake
[1.920s] -- Installing: /home/blaine/WayneHacks3/360_Cam_Lidar_Fusion/install/velodyne_msgs/share/velodyne_msgs/cmake/export_velodyne_msgs__rosidl_generator_pyExport.cmake
[1.921s] -- Installing: /home/blaine/WayneHacks3/360_Cam_Lidar_Fusion/install/velodyne_msgs/share/velodyne_msgs/cmake/export_velodyne_msgs__rosidl_generator_pyExport-noconfig.cmake
[1.921s] -- Installing: /home/blaine/WayneHacks3/360_Cam_Lidar_Fusion/install/velodyne_msgs/share/velodyne_msgs/cmake/rosidl_cmake-extras.cmake
[1.921s] -- Installing: /home/blaine/WayneHacks3/360_Cam_Lidar_Fusion/install/velodyne_msgs/share/velodyne_msgs/cmake/ament_cmake_export_dependencies-extras.cmake
[1.921s] -- Installing: /home/blaine/WayneHacks3/360_Cam_Lidar_Fusion/install/velodyne_msgs/share/velodyne_msgs/cmake/ament_cmake_export_include_directories-extras.cmake
[1.921s] -- Installing: /home/blaine/WayneHacks3/360_Cam_Lidar_Fusion/install/velodyne_msgs/share/velodyne_msgs/cmake/ament_cmake_export_libraries-extras.cmake
[1.921s] -- Installing: /home/blaine/WayneHacks3/360_Cam_Lidar_Fusion/install/velodyne_msgs/share/velodyne_msgs/cmake/ament_cmake_export_targets-extras.cmake
[1.921s] -- Installing: /home/blaine/WayneHacks3/360_Cam_Lidar_Fusion/install/velodyne_msgs/share/velodyne_msgs/cmake/rosidl_cmake_export_typesupport_targets-extras.cmake
[1.921s] -- Installing: /home/blaine/WayneHacks3/360_Cam_Lidar_Fusion/install/velodyne_msgs/share/velodyne_msgs/cmake/rosidl_cmake_export_typesupport_libraries-extras.cmake
[1.921s] -- Installing: /home/blaine/WayneHacks3/360_Cam_Lidar_Fusion/install/velodyne_msgs/share/velodyne_msgs/cmake/velodyne_msgsConfig.cmake
[1.921s] -- Installing: /home/blaine/WayneHacks3/360_Cam_Lidar_Fusion/install/velodyne_msgs/share/velodyne_msgs/cmake/velodyne_msgsConfig-version.cmake
[1.921s] -- Installing: /home/blaine/WayneHacks3/360_Cam_Lidar_Fusion/install/velodyne_msgs/share/velodyne_msgs/package.xml
[1.922s] Invoked command in '/home/blaine/WayneHacks3/360_Cam_Lidar_Fusion/build/velodyne_msgs' returned '0': CMAKE_PREFIX_PATH=/opt/ros/humble /usr/bin/cmake --install /home/blaine/WayneHacks3/360_Cam_Lidar_Fusion/build/velodyne_msgs
