running egg_info
writing ../../build/lidar_interpolation_node/lidar_interpolation_node.egg-info/PKG-INFO
writing dependency_links to ../../build/lidar_interpolation_node/lidar_interpolation_node.egg-info/dependency_links.txt
writing entry points to ../../build/lidar_interpolation_node/lidar_interpolation_node.egg-info/entry_points.txt
writing requirements to ../../build/lidar_interpolation_node/lidar_interpolation_node.egg-info/requires.txt
writing top-level names to ../../build/lidar_interpolation_node/lidar_interpolation_node.egg-info/top_level.txt
reading manifest file '../../build/lidar_interpolation_node/lidar_interpolation_node.egg-info/SOURCES.txt'
writing manifest file '../../build/lidar_interpolation_node/lidar_interpolation_node.egg-info/SOURCES.txt'
running build
running build_py
copying lidar_interpolation_node/simple_node.py -> /home/shanti/WayneHacks3/Lidar_Interpolation/build/lidar_interpolation_node/build/lib/lidar_interpolation_node
running install
running install_lib
copying /home/shanti/WayneHacks3/Lidar_Interpolation/build/lidar_interpolation_node/build/lib/lidar_interpolation_node/simple_node.py -> /home/shanti/WayneHacks3/Lidar_Interpolation/install/lidar_interpolation_node/lib/python3.10/site-packages/lidar_interpolation_node
byte-compiling /home/shanti/WayneHacks3/Lidar_Interpolation/install/lidar_interpolation_node/lib/python3.10/site-packages/lidar_interpolation_node/simple_node.py to simple_node.cpython-310.pyc
running install_data
running install_egg_info
removing '/home/shanti/WayneHacks3/Lidar_Interpolation/install/lidar_interpolation_node/lib/python3.10/site-packages/lidar_interpolation_node-0.0.0-py3.10.egg-info' (and everything under it)
Copying ../../build/lidar_interpolation_node/lidar_interpolation_node.egg-info to /home/shanti/WayneHacks3/Lidar_Interpolation/install/lidar_interpolation_node/lib/python3.10/site-packages/lidar_interpolation_node-0.0.0-py3.10.egg-info
running install_scripts
Installing simple_node script to /home/shanti/WayneHacks3/Lidar_Interpolation/install/lidar_interpolation_node/lib/lidar_interpolation_node
writing list of installed files to '/home/shanti/WayneHacks3/Lidar_Interpolation/build/lidar_interpolation_node/install.log'
