[0.015s] Invoking command in '/home/blaine/WayneHacks3/360_Cam_Lidar_Fusion/build/velodyne': AMENT_PREFIX_PATH=/home/blaine/WayneHacks3/360_Cam_Lidar_Fusion/install/velodyne_pointcloud:/home/blaine/WayneHacks3/360_Cam_Lidar_Fusion/install/velodyne_driver:/home/blaine/WayneHacks3/360_Cam_Lidar_Fusion/install/velodyne_msgs:/home/blaine/WayneHacks3/360_Cam_Lidar_Fusion/install/velodyne_laserscan:${AMENT_PREFIX_PATH} CMAKE_PREFIX_PATH=/home/blaine/WayneHacks3/360_Cam_Lidar_Fusion/install/velodyne_pointcloud:/home/blaine/WayneHacks3/360_Cam_Lidar_Fusion/install/velodyne_driver:/home/blaine/WayneHacks3/360_Cam_Lidar_Fusion/install/velodyne_msgs:/home/blaine/WayneHacks3/360_Cam_Lidar_Fusion/install/velodyne_laserscan:/opt/ros/humble LD_LIBRARY_PATH=/home/blaine/WayneHacks3/360_Cam_Lidar_Fusion/install/velodyne_pointcloud/lib:/home/blaine/WayneHacks3/360_Cam_Lidar_Fusion/install/velodyne_driver/lib:/home/blaine/WayneHacks3/360_Cam_Lidar_Fusion/install/velodyne_msgs/lib:/home/blaine/WayneHacks3/360_Cam_Lidar_Fusion/install/velodyne_laserscan/lib:${LD_LIBRARY_PATH} PYTHONPATH=/home/blaine/WayneHacks3/360_Cam_Lidar_Fusion/install/velodyne_msgs/local/lib/python3.10/dist-packages:${PYTHONPATH} /usr/bin/cmake /home/blaine/WayneHacks3/360_Cam_Lidar_Fusion/src/velodyne/velodyne -DCMAKE_INSTALL_PREFIX=/home/blaine/WayneHacks3/360_Cam_Lidar_Fusion/install/velodyne
[0.086s] -- The C compiler identification is GNU 11.4.0
[0.122s] -- The CXX compiler identification is GNU 11.4.0
[0.126s] -- Detecting C compiler ABI info
[0.170s] -- Detecting C compiler ABI info - done
[0.175s] -- Check for working C compiler: /usr/bin/cc - skipped
[0.175s] -- Detecting C compile features
[0.175s] -- Detecting C compile features - done
[0.177s] -- Detecting CXX compiler ABI info
[0.269s] -- Detecting CXX compiler ABI info - done
[0.274s] -- Check for working CXX compiler: /usr/bin/c++ - skipped
[0.274s] -- Detecting CXX compile features
[0.275s] -- Detecting CXX compile features - done
[0.277s] -- Found ament_cmake: 1.3.11 (/opt/ros/humble/share/ament_cmake/cmake)
[0.400s] -- Found Python3: /usr/bin/python3 (found version "3.10.12") found components: Interpreter 
[0.488s] -- Configuring done
[0.490s] -- Generating done
[0.491s] -- Build files have been written to: /home/blaine/WayneHacks3/360_Cam_Lidar_Fusion/build/velodyne
[0.496s] Invoked command in '/home/blaine/WayneHacks3/360_Cam_Lidar_Fusion/build/velodyne' returned '0': AMENT_PREFIX_PATH=/home/blaine/WayneHacks3/360_Cam_Lidar_Fusion/install/velodyne_pointcloud:/home/blaine/WayneHacks3/360_Cam_Lidar_Fusion/install/velodyne_driver:/home/blaine/WayneHacks3/360_Cam_Lidar_Fusion/install/velodyne_msgs:/home/blaine/WayneHacks3/360_Cam_Lidar_Fusion/install/velodyne_laserscan:${AMENT_PREFIX_PATH} CMAKE_PREFIX_PATH=/home/blaine/WayneHacks3/360_Cam_Lidar_Fusion/install/velodyne_pointcloud:/home/blaine/WayneHacks3/360_Cam_Lidar_Fusion/install/velodyne_driver:/home/blaine/WayneHacks3/360_Cam_Lidar_Fusion/install/velodyne_msgs:/home/blaine/WayneHacks3/360_Cam_Lidar_Fusion/install/velodyne_laserscan:/opt/ros/humble LD_LIBRARY_PATH=/home/blaine/WayneHacks3/360_Cam_Lidar_Fusion/install/velodyne_pointcloud/lib:/home/blaine/WayneHacks3/360_Cam_Lidar_Fusion/install/velodyne_driver/lib:/home/blaine/WayneHacks3/360_Cam_Lidar_Fusion/install/velodyne_msgs/lib:/home/blaine/WayneHacks3/360_Cam_Lidar_Fusion/install/velodyne_laserscan/lib:${LD_LIBRARY_PATH} PYTHONPATH=/home/blaine/WayneHacks3/360_Cam_Lidar_Fusion/install/velodyne_msgs/local/lib/python3.10/dist-packages:${PYTHONPATH} /usr/bin/cmake /home/blaine/WayneHacks3/360_Cam_Lidar_Fusion/src/velodyne/velodyne -DCMAKE_INSTALL_PREFIX=/home/blaine/WayneHacks3/360_Cam_Lidar_Fusion/install/velodyne
[0.496s] Invoking command in '/home/blaine/WayneHacks3/360_Cam_Lidar_Fusion/build/velodyne': AMENT_PREFIX_PATH=/home/blaine/WayneHacks3/360_Cam_Lidar_Fusion/install/velodyne_pointcloud:/home/blaine/WayneHacks3/360_Cam_Lidar_Fusion/install/velodyne_driver:/home/blaine/WayneHacks3/360_Cam_Lidar_Fusion/install/velodyne_msgs:/home/blaine/WayneHacks3/360_Cam_Lidar_Fusion/install/velodyne_laserscan:${AMENT_PREFIX_PATH} CMAKE_PREFIX_PATH=/home/blaine/WayneHacks3/360_Cam_Lidar_Fusion/install/velodyne_pointcloud:/home/blaine/WayneHacks3/360_Cam_Lidar_Fusion/install/velodyne_driver:/home/blaine/WayneHacks3/360_Cam_Lidar_Fusion/install/velodyne_msgs:/home/blaine/WayneHacks3/360_Cam_Lidar_Fusion/install/velodyne_laserscan:/opt/ros/humble LD_LIBRARY_PATH=/home/blaine/WayneHacks3/360_Cam_Lidar_Fusion/install/velodyne_pointcloud/lib:/home/blaine/WayneHacks3/360_Cam_Lidar_Fusion/install/velodyne_driver/lib:/home/blaine/WayneHacks3/360_Cam_Lidar_Fusion/install/velodyne_msgs/lib:/home/blaine/WayneHacks3/360_Cam_Lidar_Fusion/install/velodyne_laserscan/lib:${LD_LIBRARY_PATH} PYTHONPATH=/home/blaine/WayneHacks3/360_Cam_Lidar_Fusion/install/velodyne_msgs/local/lib/python3.10/dist-packages:${PYTHONPATH} /usr/bin/cmake --build /home/blaine/WayneHacks3/360_Cam_Lidar_Fusion/build/velodyne -- -j32 -l32
[0.536s] Invoked command in '/home/blaine/WayneHacks3/360_Cam_Lidar_Fusion/build/velodyne' returned '0': AMENT_PREFIX_PATH=/home/blaine/WayneHacks3/360_Cam_Lidar_Fusion/install/velodyne_pointcloud:/home/blaine/WayneHacks3/360_Cam_Lidar_Fusion/install/velodyne_driver:/home/blaine/WayneHacks3/360_Cam_Lidar_Fusion/install/velodyne_msgs:/home/blaine/WayneHacks3/360_Cam_Lidar_Fusion/install/velodyne_laserscan:${AMENT_PREFIX_PATH} CMAKE_PREFIX_PATH=/home/blaine/WayneHacks3/360_Cam_Lidar_Fusion/install/velodyne_pointcloud:/home/blaine/WayneHacks3/360_Cam_Lidar_Fusion/install/velodyne_driver:/home/blaine/WayneHacks3/360_Cam_Lidar_Fusion/install/velodyne_msgs:/home/blaine/WayneHacks3/360_Cam_Lidar_Fusion/install/velodyne_laserscan:/opt/ros/humble LD_LIBRARY_PATH=/home/blaine/WayneHacks3/360_Cam_Lidar_Fusion/install/velodyne_pointcloud/lib:/home/blaine/WayneHacks3/360_Cam_Lidar_Fusion/install/velodyne_driver/lib:/home/blaine/WayneHacks3/360_Cam_Lidar_Fusion/install/velodyne_msgs/lib:/home/blaine/WayneHacks3/360_Cam_Lidar_Fusion/install/velodyne_laserscan/lib:${LD_LIBRARY_PATH} PYTHONPATH=/home/blaine/WayneHacks3/360_Cam_Lidar_Fusion/install/velodyne_msgs/local/lib/python3.10/dist-packages:${PYTHONPATH} /usr/bin/cmake --build /home/blaine/WayneHacks3/360_Cam_Lidar_Fusion/build/velodyne -- -j32 -l32
[0.538s] Invoking command in '/home/blaine/WayneHacks3/360_Cam_Lidar_Fusion/build/velodyne': AMENT_PREFIX_PATH=/home/blaine/WayneHacks3/360_Cam_Lidar_Fusion/install/velodyne_pointcloud:/home/blaine/WayneHacks3/360_Cam_Lidar_Fusion/install/velodyne_driver:/home/blaine/WayneHacks3/360_Cam_Lidar_Fusion/install/velodyne_msgs:/home/blaine/WayneHacks3/360_Cam_Lidar_Fusion/install/velodyne_laserscan:${AMENT_PREFIX_PATH} CMAKE_PREFIX_PATH=/home/blaine/WayneHacks3/360_Cam_Lidar_Fusion/install/velodyne_pointcloud:/home/blaine/WayneHacks3/360_Cam_Lidar_Fusion/install/velodyne_driver:/home/blaine/WayneHacks3/360_Cam_Lidar_Fusion/install/velodyne_msgs:/home/blaine/WayneHacks3/360_Cam_Lidar_Fusion/install/velodyne_laserscan:/opt/ros/humble LD_LIBRARY_PATH=/home/blaine/WayneHacks3/360_Cam_Lidar_Fusion/install/velodyne_pointcloud/lib:/home/blaine/WayneHacks3/360_Cam_Lidar_Fusion/install/velodyne_driver/lib:/home/blaine/WayneHacks3/360_Cam_Lidar_Fusion/install/velodyne_msgs/lib:/home/blaine/WayneHacks3/360_Cam_Lidar_Fusion/install/velodyne_laserscan/lib:${LD_LIBRARY_PATH} PYTHONPATH=/home/blaine/WayneHacks3/360_Cam_Lidar_Fusion/install/velodyne_msgs/local/lib/python3.10/dist-packages:${PYTHONPATH} /usr/bin/cmake --install /home/blaine/WayneHacks3/360_Cam_Lidar_Fusion/build/velodyne
[0.546s] -- Install configuration: ""
[0.546s] -- Installing: /home/blaine/WayneHacks3/360_Cam_Lidar_Fusion/install/velodyne/share/velodyne/launch
[0.546s] -- Installing: /home/blaine/WayneHacks3/360_Cam_Lidar_Fusion/install/velodyne/share/velodyne/launch/velodyne-all-nodes-VLP32C-launch.py
[0.546s] -- Installing: /home/blaine/WayneHacks3/360_Cam_Lidar_Fusion/install/velodyne/share/velodyne/launch/velodyne-all-nodes-VLS128-composed-launch.py
[0.546s] -- Installing: /home/blaine/WayneHacks3/360_Cam_Lidar_Fusion/install/velodyne/share/velodyne/launch/velodyne-all-nodes-VLP16-composed-launch.py
[0.546s] -- Installing: /home/blaine/WayneHacks3/360_Cam_Lidar_Fusion/install/velodyne/share/velodyne/launch/velodyne-all-nodes-VLP16-launch.py
[0.547s] -- Installing: /home/blaine/WayneHacks3/360_Cam_Lidar_Fusion/install/velodyne/share/velodyne/launch/velodyne-all-nodes-VLS128-launch.py
[0.547s] -- Installing: /home/blaine/WayneHacks3/360_Cam_Lidar_Fusion/install/velodyne/share/velodyne/launch/velodyne-all-nodes-VLP32C-composed-launch.py
[0.547s] -- Installing: /home/blaine/WayneHacks3/360_Cam_Lidar_Fusion/install/velodyne/share/ament_index/resource_index/package_run_dependencies/velodyne
[0.547s] -- Installing: /home/blaine/WayneHacks3/360_Cam_Lidar_Fusion/install/velodyne/share/ament_index/resource_index/parent_prefix_path/velodyne
[0.547s] -- Installing: /home/blaine/WayneHacks3/360_Cam_Lidar_Fusion/install/velodyne/share/velodyne/environment/ament_prefix_path.sh
[0.547s] -- Installing: /home/blaine/WayneHacks3/360_Cam_Lidar_Fusion/install/velodyne/share/velodyne/environment/ament_prefix_path.dsv
[0.547s] -- Installing: /home/blaine/WayneHacks3/360_Cam_Lidar_Fusion/install/velodyne/share/velodyne/environment/path.sh
[0.547s] -- Installing: /home/blaine/WayneHacks3/360_Cam_Lidar_Fusion/install/velodyne/share/velodyne/environment/path.dsv
[0.547s] -- Installing: /home/blaine/WayneHacks3/360_Cam_Lidar_Fusion/install/velodyne/share/velodyne/local_setup.bash
[0.547s] -- Installing: /home/blaine/WayneHacks3/360_Cam_Lidar_Fusion/install/velodyne/share/velodyne/local_setup.sh
[0.547s] -- Installing: /home/blaine/WayneHacks3/360_Cam_Lidar_Fusion/install/velodyne/share/velodyne/local_setup.zsh
[0.547s] -- Installing: /home/blaine/WayneHacks3/360_Cam_Lidar_Fusion/install/velodyne/share/velodyne/local_setup.dsv
[0.548s] -- Installing: /home/blaine/WayneHacks3/360_Cam_Lidar_Fusion/install/velodyne/share/velodyne/package.dsv
[0.548s] -- Installing: /home/blaine/WayneHacks3/360_Cam_Lidar_Fusion/install/velodyne/share/ament_index/resource_index/packages/velodyne
[0.548s] -- Installing: /home/blaine/WayneHacks3/360_Cam_Lidar_Fusion/install/velodyne/share/velodyne/cmake/velodyneConfig.cmake
[0.548s] -- Installing: /home/blaine/WayneHacks3/360_Cam_Lidar_Fusion/install/velodyne/share/velodyne/cmake/velodyneConfig-version.cmake
[0.548s] -- Installing: /home/blaine/WayneHacks3/360_Cam_Lidar_Fusion/install/velodyne/share/velodyne/package.xml
[0.550s] Invoked command in '/home/blaine/WayneHacks3/360_Cam_Lidar_Fusion/build/velodyne' returned '0': AMENT_PREFIX_PATH=/home/blaine/WayneHacks3/360_Cam_Lidar_Fusion/install/velodyne_pointcloud:/home/blaine/WayneHacks3/360_Cam_Lidar_Fusion/install/velodyne_driver:/home/blaine/WayneHacks3/360_Cam_Lidar_Fusion/install/velodyne_msgs:/home/blaine/WayneHacks3/360_Cam_Lidar_Fusion/install/velodyne_laserscan:${AMENT_PREFIX_PATH} CMAKE_PREFIX_PATH=/home/blaine/WayneHacks3/360_Cam_Lidar_Fusion/install/velodyne_pointcloud:/home/blaine/WayneHacks3/360_Cam_Lidar_Fusion/install/velodyne_driver:/home/blaine/WayneHacks3/360_Cam_Lidar_Fusion/install/velodyne_msgs:/home/blaine/WayneHacks3/360_Cam_Lidar_Fusion/install/velodyne_laserscan:/opt/ros/humble LD_LIBRARY_PATH=/home/blaine/WayneHacks3/360_Cam_Lidar_Fusion/install/velodyne_pointcloud/lib:/home/blaine/WayneHacks3/360_Cam_Lidar_Fusion/install/velodyne_driver/lib:/home/blaine/WayneHacks3/360_Cam_Lidar_Fusion/install/velodyne_msgs/lib:/home/blaine/WayneHacks3/360_Cam_Lidar_Fusion/install/velodyne_laserscan/lib:${LD_LIBRARY_PATH} PYTHONPATH=/home/blaine/WayneHacks3/360_Cam_Lidar_Fusion/install/velodyne_msgs/local/lib/python3.10/dist-packages:${PYTHONPATH} /usr/bin/cmake --install /home/blaine/WayneHacks3/360_Cam_Lidar_Fusion/build/velodyne
