[0.006s] Invoking command in '/home/blaine/WayneHacks3/360_Cam_Lidar_Fusion/build/velodyne_pointcloud': AMENT_PREFIX_PATH=/home/blaine/WayneHacks3/360_Cam_Lidar_Fusion/install/velodyne_msgs:${AMENT_PREFIX_PATH} CMAKE_PREFIX_PATH=/home/blaine/WayneHacks3/360_Cam_Lidar_Fusion/install/velodyne_msgs:/opt/ros/humble LD_LIBRARY_PATH=/home/blaine/WayneHacks3/360_Cam_Lidar_Fusion/install/velodyne_msgs/lib:${LD_LIBRARY_PATH} PYTHONPATH=/home/blaine/WayneHacks3/360_Cam_Lidar_Fusion/install/velodyne_msgs/local/lib/python3.10/dist-packages:${PYTHONPATH} /usr/bin/cmake /home/blaine/WayneHacks3/360_Cam_Lidar_Fusion/src/velodyne/velodyne_pointcloud -DCMAKE_INSTALL_PREFIX=/home/blaine/WayneHacks3/360_Cam_Lidar_Fusion/install/velodyne_pointcloud
[0.015s] -- Found ament_cmake: 1.3.11 (/opt/ros/humble/share/ament_cmake/cmake)
[0.074s] -- Found angles: 1.15.0 (/opt/ros/humble/share/angles/cmake)
[0.075s] -- Found diagnostic_updater: 4.0.0 (/opt/ros/humble/share/diagnostic_updater/cmake)
[0.090s] -- Found rosidl_generator_c: 3.1.6 (/opt/ros/humble/share/rosidl_generator_c/cmake)
[0.092s] -- Found rosidl_adapter: 3.1.6 (/opt/ros/humble/share/rosidl_adapter/cmake)
[0.095s] -- Found rosidl_generator_cpp: 3.1.6 (/opt/ros/humble/share/rosidl_generator_cpp/cmake)
[0.100s] -- Using all available rosidl_typesupport_c: rosidl_typesupport_fastrtps_c;rosidl_typesupport_introspection_c
[0.106s] -- Using all available rosidl_typesupport_cpp: rosidl_typesupport_fastrtps_cpp;rosidl_typesupport_introspection_cpp
[0.139s] -- Found rmw_implementation_cmake: 6.1.2 (/opt/ros/humble/share/rmw_implementation_cmake/cmake)
[0.140s] -- Found rmw_fastrtps_cpp: 6.2.7 (/opt/ros/humble/share/rmw_fastrtps_cpp/cmake)
[0.193s] -- Found OpenSSL: /usr/lib/x86_64-linux-gnu/libcrypto.so (found version "3.0.2")  
[0.209s] -- Found FastRTPS: /opt/ros/humble/include  
[0.239s] -- Using RMW implementation 'rmw_fastrtps_cpp' as default
[0.243s] -- Looking for pthread.h
[0.325s] -- Looking for pthread.h - found
[0.325s] -- Performing Test CMAKE_HAVE_LIBC_PTHREAD
[0.397s] -- Performing Test CMAKE_HAVE_LIBC_PTHREAD - Success
[0.398s] -- Found Threads: TRUE  
[0.426s] -- Found geometry_msgs: 4.2.4 (/opt/ros/humble/share/geometry_msgs/cmake)
[0.432s] -- Found message_filters: 4.3.5 (/opt/ros/humble/share/message_filters/cmake)
[0.442s] -- Checking for module 'eigen3'
[0.449s] --   Found eigen3, version 3.4.0
[0.471s] -- Found Eigen: /usr/include/eigen3 (Required is at least version "3.1") 
[0.471s] -- Eigen found (include: /usr/include/eigen3, version: 3.4.0)
[0.487s] -- Found Boost: /usr/lib/x86_64-linux-gnu/cmake/Boost-1.74.0/BoostConfig.cmake (found suitable version "1.74.0", minimum required is "1.65.0") found components: system filesystem date_time iostreams serialization 
[0.488s] -- looking for PCL_COMMON
[0.488s] -- Found PCL_COMMON: /usr/lib/x86_64-linux-gnu/libpcl_common.so  
[0.488s] -- Found PCL: pcl_common;Boost::system;Boost::filesystem;Boost::date_time;Boost::iostreams;Boost::serialization  
[0.489s] -- Found rclcpp_components: 16.0.11 (/opt/ros/humble/share/rclcpp_components/cmake)
[0.500s] -- Found sensor_msgs: 4.2.4 (/opt/ros/humble/share/sensor_msgs/cmake)
[0.508s] -- Found tf2: 0.25.9 (/opt/ros/humble/share/tf2/cmake)
[0.509s] -- Found tf2_ros: 0.25.9 (/opt/ros/humble/share/tf2_ros/cmake)
[0.536s] -- Found velodyne_msgs: 2.5.1 (/home/blaine/WayneHacks3/360_Cam_Lidar_Fusion/install/velodyne_msgs/share/velodyne_msgs/cmake)
[0.544s] -- Found ament_lint_auto: 0.12.11 (/opt/ros/humble/share/ament_lint_auto/cmake)
[0.582s] -- Found gtest sources under '/opt/ros/humble/src/gtest_vendor': C++ tests using 'Google Test' will be built
[0.586s] -- Added test 'copyright' to check source files copyright and LICENSE
[0.588s] -- Added test 'cppcheck' to perform static code analysis on C / C++ code
[0.588s] -- Configured cppcheck include dirs: $<BUILD_INTERFACE:/home/blaine/WayneHacks3/360_Cam_Lidar_Fusion/src/velodyne/velodyne_pointcloud/include>
[0.588s] -- Configured cppcheck exclude dirs and/or files: 
[0.589s] -- Added test 'cpplint' to check C / C++ code against the Google style
[0.589s] -- Configured cpplint exclude dirs and/or files: 
[0.589s] -- Added test 'flake8' to check Python code syntax and style conventions
[0.589s] -- Added test 'lint_cmake' to check CMake code style
[0.589s] -- Added test 'pep257' to check Python code against some of the docstring style conventions in PEP 257
[0.590s] -- Added test 'uncrustify' to check C / C++ code style
[0.590s] -- Configured uncrustify additional arguments: 
[0.591s] -- Configuring done
[0.612s] -- Generating done
[0.619s] -- Build files have been written to: /home/blaine/WayneHacks3/360_Cam_Lidar_Fusion/build/velodyne_pointcloud
[0.625s] Invoked command in '/home/blaine/WayneHacks3/360_Cam_Lidar_Fusion/build/velodyne_pointcloud' returned '0': AMENT_PREFIX_PATH=/home/blaine/WayneHacks3/360_Cam_Lidar_Fusion/install/velodyne_msgs:${AMENT_PREFIX_PATH} CMAKE_PREFIX_PATH=/home/blaine/WayneHacks3/360_Cam_Lidar_Fusion/install/velodyne_msgs:/opt/ros/humble LD_LIBRARY_PATH=/home/blaine/WayneHacks3/360_Cam_Lidar_Fusion/install/velodyne_msgs/lib:${LD_LIBRARY_PATH} PYTHONPATH=/home/blaine/WayneHacks3/360_Cam_Lidar_Fusion/install/velodyne_msgs/local/lib/python3.10/dist-packages:${PYTHONPATH} /usr/bin/cmake /home/blaine/WayneHacks3/360_Cam_Lidar_Fusion/src/velodyne/velodyne_pointcloud -DCMAKE_INSTALL_PREFIX=/home/blaine/WayneHacks3/360_Cam_Lidar_Fusion/install/velodyne_pointcloud
[0.625s] Invoking command in '/home/blaine/WayneHacks3/360_Cam_Lidar_Fusion/build/velodyne_pointcloud': AMENT_PREFIX_PATH=/home/blaine/WayneHacks3/360_Cam_Lidar_Fusion/install/velodyne_msgs:${AMENT_PREFIX_PATH} CMAKE_PREFIX_PATH=/home/blaine/WayneHacks3/360_Cam_Lidar_Fusion/install/velodyne_msgs:/opt/ros/humble LD_LIBRARY_PATH=/home/blaine/WayneHacks3/360_Cam_Lidar_Fusion/install/velodyne_msgs/lib:${LD_LIBRARY_PATH} PYTHONPATH=/home/blaine/WayneHacks3/360_Cam_Lidar_Fusion/install/velodyne_msgs/local/lib/python3.10/dist-packages:${PYTHONPATH} /usr/bin/cmake --build /home/blaine/WayneHacks3/360_Cam_Lidar_Fusion/build/velodyne_pointcloud -- -j32 -l32
[0.657s] [ 11%] [32mBuilding CXX object CMakeFiles/velodyne_rawdata.dir/src/lib/rawdata.cpp.o[0m
[0.657s] [ 11%] [32mBuilding CXX object CMakeFiles/velodyne_cloud_types.dir/src/lib/pointcloudXYZIRT.cpp.o[0m
[0.658s] [ 16%] [32mBuilding CXX object CMakeFiles/velodyne_rawdata.dir/src/lib/calibration.cpp.o[0m
[0.658s] [ 22%] [32mBuilding CXX object CMakeFiles/velodyne_cloud_types.dir/src/lib/organized_cloudXYZIRT.cpp.o[0m
[0.658s] [ 27%] [32mBuilding CXX object gtest/CMakeFiles/gtest_main.dir/src/gtest_main.cc.o[0m
[0.659s] [ 33%] [32mBuilding CXX object gtest/CMakeFiles/gtest.dir/src/gtest-all.cc.o[0m
[1.029s] [ 38%] [32m[1mLinking CXX static library libgtest_main.a[0m
[1.060s] [ 38%] Built target gtest_main
[2.408s] [ 44%] [32m[1mLinking CXX static library libgtest.a[0m
[2.453s] [ 44%] Built target gtest
[2.471s] [ 50%] [32mBuilding CXX object tests/CMakeFiles/test_row_step.dir/test_row_step.cpp.o[0m
[3.484s] [ 55%] [32m[1mLinking CXX shared library libvelodyne_cloud_types.so[0m
[3.504s] [ 61%] [32m[1mLinking CXX shared library libvelodyne_rawdata.so[0m
[3.566s] [ 61%] Built target velodyne_cloud_types
[3.590s] [ 61%] Built target velodyne_rawdata
[3.604s] [ 66%] [32mBuilding CXX object CMakeFiles/transform.dir/src/conversions/transform.cpp.o[0m
[3.605s] [ 72%] [32mBuilding CXX object tests/CMakeFiles/test_calibration.dir/test_calibration.cpp.o[0m
[4.188s] [ 77%] [32m[1mLinking CXX executable test_calibration[0m
[4.303s] [ 77%] Built target test_calibration
[5.261s] [ 83%] [32m[1mLinking CXX executable test_row_step[0m
[5.379s] [ 83%] Built target test_row_step
[9.016s] [ 88%] [32m[1mLinking CXX shared library libtransform.so[0m
[9.273s] [ 88%] Built target transform
[9.285s] [ 94%] [32mBuilding CXX object CMakeFiles/velodyne_transform_node.dir/src/conversions/transform_node.cpp.o[0m
[11.619s] [100%] [32m[1mLinking CXX executable velodyne_transform_node[0m
[11.757s] [100%] Built target velodyne_transform_node
[11.768s] Invoked command in '/home/blaine/WayneHacks3/360_Cam_Lidar_Fusion/build/velodyne_pointcloud' returned '0': AMENT_PREFIX_PATH=/home/blaine/WayneHacks3/360_Cam_Lidar_Fusion/install/velodyne_msgs:${AMENT_PREFIX_PATH} CMAKE_PREFIX_PATH=/home/blaine/WayneHacks3/360_Cam_Lidar_Fusion/install/velodyne_msgs:/opt/ros/humble LD_LIBRARY_PATH=/home/blaine/WayneHacks3/360_Cam_Lidar_Fusion/install/velodyne_msgs/lib:${LD_LIBRARY_PATH} PYTHONPATH=/home/blaine/WayneHacks3/360_Cam_Lidar_Fusion/install/velodyne_msgs/local/lib/python3.10/dist-packages:${PYTHONPATH} /usr/bin/cmake --build /home/blaine/WayneHacks3/360_Cam_Lidar_Fusion/build/velodyne_pointcloud -- -j32 -l32
[11.769s] Invoking command in '/home/blaine/WayneHacks3/360_Cam_Lidar_Fusion/build/velodyne_pointcloud': AMENT_PREFIX_PATH=/home/blaine/WayneHacks3/360_Cam_Lidar_Fusion/install/velodyne_msgs:${AMENT_PREFIX_PATH} CMAKE_PREFIX_PATH=/home/blaine/WayneHacks3/360_Cam_Lidar_Fusion/install/velodyne_msgs:/opt/ros/humble LD_LIBRARY_PATH=/home/blaine/WayneHacks3/360_Cam_Lidar_Fusion/install/velodyne_msgs/lib:${LD_LIBRARY_PATH} PYTHONPATH=/home/blaine/WayneHacks3/360_Cam_Lidar_Fusion/install/velodyne_msgs/local/lib/python3.10/dist-packages:${PYTHONPATH} /usr/bin/cmake --install /home/blaine/WayneHacks3/360_Cam_Lidar_Fusion/build/velodyne_pointcloud
[11.776s] -- Install configuration: ""
[11.776s] -- Installing: /home/blaine/WayneHacks3/360_Cam_Lidar_Fusion/install/velodyne_pointcloud/lib/libvelodyne_cloud_types.so
[11.777s] -- Set runtime path of "/home/blaine/WayneHacks3/360_Cam_Lidar_Fusion/install/velodyne_pointcloud/lib/libvelodyne_cloud_types.so" to ""
[11.777s] -- Installing: /home/blaine/WayneHacks3/360_Cam_Lidar_Fusion/install/velodyne_pointcloud/lib/libvelodyne_rawdata.so
[11.777s] -- Set runtime path of "/home/blaine/WayneHacks3/360_Cam_Lidar_Fusion/install/velodyne_pointcloud/lib/libvelodyne_rawdata.so" to ""
[11.778s] -- Installing: /home/blaine/WayneHacks3/360_Cam_Lidar_Fusion/install/velodyne_pointcloud/lib/libtransform.so
[11.782s] -- Set runtime path of "/home/blaine/WayneHacks3/360_Cam_Lidar_Fusion/install/velodyne_pointcloud/lib/libtransform.so" to ""
[11.783s] -- Installing: /home/blaine/WayneHacks3/360_Cam_Lidar_Fusion/install/velodyne_pointcloud/lib/velodyne_pointcloud/velodyne_transform_node
[11.783s] -- Set runtime path of "/home/blaine/WayneHacks3/360_Cam_Lidar_Fusion/install/velodyne_pointcloud/lib/velodyne_pointcloud/velodyne_transform_node" to ""
[11.783s] -- Installing: /home/blaine/WayneHacks3/360_Cam_Lidar_Fusion/install/velodyne_pointcloud/include/velodyne_pointcloud
[11.783s] -- Installing: /home/blaine/WayneHacks3/360_Cam_Lidar_Fusion/install/velodyne_pointcloud/include/velodyne_pointcloud/calibration.hpp
[11.783s] -- Installing: /home/blaine/WayneHacks3/360_Cam_Lidar_Fusion/install/velodyne_pointcloud/include/velodyne_pointcloud/organized_cloudXYZIRT.hpp
[11.783s] -- Installing: /home/blaine/WayneHacks3/360_Cam_Lidar_Fusion/install/velodyne_pointcloud/include/velodyne_pointcloud/pointcloudXYZIRT.hpp
[11.783s] -- Installing: /home/blaine/WayneHacks3/360_Cam_Lidar_Fusion/install/velodyne_pointcloud/include/velodyne_pointcloud/transform.hpp
[11.783s] -- Installing: /home/blaine/WayneHacks3/360_Cam_Lidar_Fusion/install/velodyne_pointcloud/include/velodyne_pointcloud/datacontainerbase.hpp
[11.783s] -- Installing: /home/blaine/WayneHacks3/360_Cam_Lidar_Fusion/install/velodyne_pointcloud/include/velodyne_pointcloud/rawdata.hpp
[11.783s] -- Installing: /home/blaine/WayneHacks3/360_Cam_Lidar_Fusion/install/velodyne_pointcloud/share/velodyne_pointcloud/config
[11.783s] -- Installing: /home/blaine/WayneHacks3/360_Cam_Lidar_Fusion/install/velodyne_pointcloud/share/velodyne_pointcloud/config/VLS128-velodyne_transform_node-params.yaml
[11.784s] -- Installing: /home/blaine/WayneHacks3/360_Cam_Lidar_Fusion/install/velodyne_pointcloud/share/velodyne_pointcloud/config/VLP32C-velodyne_transform_node-params.yaml
[11.784s] -- Installing: /home/blaine/WayneHacks3/360_Cam_Lidar_Fusion/install/velodyne_pointcloud/share/velodyne_pointcloud/config/VLP16-velodyne_transform_node-params.yaml
[11.784s] -- Installing: /home/blaine/WayneHacks3/360_Cam_Lidar_Fusion/install/velodyne_pointcloud/share/velodyne_pointcloud/launch
[11.784s] -- Installing: /home/blaine/WayneHacks3/360_Cam_Lidar_Fusion/install/velodyne_pointcloud/share/velodyne_pointcloud/launch/velodyne_transform_node-VLP32C-launch.py
[11.784s] -- Installing: /home/blaine/WayneHacks3/360_Cam_Lidar_Fusion/install/velodyne_pointcloud/share/velodyne_pointcloud/launch/velodyne_transform_node-VLS128-launch.py
[11.784s] -- Installing: /home/blaine/WayneHacks3/360_Cam_Lidar_Fusion/install/velodyne_pointcloud/share/velodyne_pointcloud/launch/velodyne_transform_node-VLP16-composed-launch.py
[11.784s] -- Installing: /home/blaine/WayneHacks3/360_Cam_Lidar_Fusion/install/velodyne_pointcloud/share/velodyne_pointcloud/launch/velodyne_transform_node-VLP32C-composed-launch.py
[11.784s] -- Installing: /home/blaine/WayneHacks3/360_Cam_Lidar_Fusion/install/velodyne_pointcloud/share/velodyne_pointcloud/launch/velodyne_transform_node-VLP16-launch.py
[11.784s] -- Installing: /home/blaine/WayneHacks3/360_Cam_Lidar_Fusion/install/velodyne_pointcloud/share/velodyne_pointcloud/launch/velodyne_transform_node-VLS128-composed-launch.py
[11.784s] -- Installing: /home/blaine/WayneHacks3/360_Cam_Lidar_Fusion/install/velodyne_pointcloud/share/velodyne_pointcloud/params
[11.784s] -- Installing: /home/blaine/WayneHacks3/360_Cam_Lidar_Fusion/install/velodyne_pointcloud/share/velodyne_pointcloud/params/VLS128.yaml
[11.784s] -- Installing: /home/blaine/WayneHacks3/360_Cam_Lidar_Fusion/install/velodyne_pointcloud/share/velodyne_pointcloud/params/issue_84_float_intensities.yaml
[11.784s] -- Installing: /home/blaine/WayneHacks3/360_Cam_Lidar_Fusion/install/velodyne_pointcloud/share/velodyne_pointcloud/params/VLP16db.yaml
[11.784s] -- Installing: /home/blaine/WayneHacks3/360_Cam_Lidar_Fusion/install/velodyne_pointcloud/share/velodyne_pointcloud/params/64e_s2.1-sztaki.yaml
[11.784s] -- Installing: /home/blaine/WayneHacks3/360_Cam_Lidar_Fusion/install/velodyne_pointcloud/share/velodyne_pointcloud/params/64e_utexas.yaml
[11.784s] -- Installing: /home/blaine/WayneHacks3/360_Cam_Lidar_Fusion/install/velodyne_pointcloud/share/velodyne_pointcloud/params/rviz_points.vcg
[11.784s] -- Installing: /home/blaine/WayneHacks3/360_Cam_Lidar_Fusion/install/velodyne_pointcloud/share/velodyne_pointcloud/params/VLP16_hires_db.yaml
[11.784s] -- Installing: /home/blaine/WayneHacks3/360_Cam_Lidar_Fusion/install/velodyne_pointcloud/share/velodyne_pointcloud/params/64e_s3-xiesc.yaml
[11.784s] -- Installing: /home/blaine/WayneHacks3/360_Cam_Lidar_Fusion/install/velodyne_pointcloud/share/velodyne_pointcloud/params/32db.yaml
[11.784s] -- Installing: /home/blaine/WayneHacks3/360_Cam_Lidar_Fusion/install/velodyne_pointcloud/share/velodyne_pointcloud/params/VeloView-VLP-32C.yaml
[11.784s] -- Installing: /home/blaine/WayneHacks3/360_Cam_Lidar_Fusion/install/velodyne_pointcloud/share/velodyne_pointcloud/environment/library_path.sh
[11.785s] -- Installing: /home/blaine/WayneHacks3/360_Cam_Lidar_Fusion/install/velodyne_pointcloud/share/velodyne_pointcloud/environment/library_path.dsv
[11.785s] -- Installing: /home/blaine/WayneHacks3/360_Cam_Lidar_Fusion/install/velodyne_pointcloud/share/ament_index/resource_index/package_run_dependencies/velodyne_pointcloud
[11.785s] -- Installing: /home/blaine/WayneHacks3/360_Cam_Lidar_Fusion/install/velodyne_pointcloud/share/ament_index/resource_index/parent_prefix_path/velodyne_pointcloud
[11.785s] -- Installing: /home/blaine/WayneHacks3/360_Cam_Lidar_Fusion/install/velodyne_pointcloud/share/velodyne_pointcloud/environment/ament_prefix_path.sh
[11.785s] -- Installing: /home/blaine/WayneHacks3/360_Cam_Lidar_Fusion/install/velodyne_pointcloud/share/velodyne_pointcloud/environment/ament_prefix_path.dsv
[11.785s] -- Installing: /home/blaine/WayneHacks3/360_Cam_Lidar_Fusion/install/velodyne_pointcloud/share/velodyne_pointcloud/environment/path.sh
[11.785s] -- Installing: /home/blaine/WayneHacks3/360_Cam_Lidar_Fusion/install/velodyne_pointcloud/share/velodyne_pointcloud/environment/path.dsv
[11.785s] -- Installing: /home/blaine/WayneHacks3/360_Cam_Lidar_Fusion/install/velodyne_pointcloud/share/velodyne_pointcloud/local_setup.bash
[11.785s] -- Installing: /home/blaine/WayneHacks3/360_Cam_Lidar_Fusion/install/velodyne_pointcloud/share/velodyne_pointcloud/local_setup.sh
[11.785s] -- Installing: /home/blaine/WayneHacks3/360_Cam_Lidar_Fusion/install/velodyne_pointcloud/share/velodyne_pointcloud/local_setup.zsh
[11.785s] -- Installing: /home/blaine/WayneHacks3/360_Cam_Lidar_Fusion/install/velodyne_pointcloud/share/velodyne_pointcloud/local_setup.dsv
[11.785s] -- Installing: /home/blaine/WayneHacks3/360_Cam_Lidar_Fusion/install/velodyne_pointcloud/share/velodyne_pointcloud/package.dsv
[11.785s] -- Installing: /home/blaine/WayneHacks3/360_Cam_Lidar_Fusion/install/velodyne_pointcloud/share/ament_index/resource_index/packages/velodyne_pointcloud
[11.785s] -- Installing: /home/blaine/WayneHacks3/360_Cam_Lidar_Fusion/install/velodyne_pointcloud/share/ament_index/resource_index/rclcpp_components/velodyne_pointcloud
[11.785s] -- Installing: /home/blaine/WayneHacks3/360_Cam_Lidar_Fusion/install/velodyne_pointcloud/share/velodyne_pointcloud/cmake/velodyne_pointcloudExport.cmake
[11.785s] -- Installing: /home/blaine/WayneHacks3/360_Cam_Lidar_Fusion/install/velodyne_pointcloud/share/velodyne_pointcloud/cmake/velodyne_pointcloudExport-noconfig.cmake
[11.785s] -- Installing: /home/blaine/WayneHacks3/360_Cam_Lidar_Fusion/install/velodyne_pointcloud/share/velodyne_pointcloud/cmake/ament_cmake_export_include_directories-extras.cmake
[11.786s] -- Installing: /home/blaine/WayneHacks3/360_Cam_Lidar_Fusion/install/velodyne_pointcloud/share/velodyne_pointcloud/cmake/ament_cmake_export_dependencies-extras.cmake
[11.786s] -- Installing: /home/blaine/WayneHacks3/360_Cam_Lidar_Fusion/install/velodyne_pointcloud/share/velodyne_pointcloud/cmake/ament_cmake_export_libraries-extras.cmake
[11.786s] -- Installing: /home/blaine/WayneHacks3/360_Cam_Lidar_Fusion/install/velodyne_pointcloud/share/velodyne_pointcloud/cmake/ament_cmake_export_targets-extras.cmake
[11.786s] -- Installing: /home/blaine/WayneHacks3/360_Cam_Lidar_Fusion/install/velodyne_pointcloud/share/velodyne_pointcloud/cmake/velodyne_pointcloudConfig.cmake
[11.786s] -- Installing: /home/blaine/WayneHacks3/360_Cam_Lidar_Fusion/install/velodyne_pointcloud/share/velodyne_pointcloud/cmake/velodyne_pointcloudConfig-version.cmake
[11.786s] -- Installing: /home/blaine/WayneHacks3/360_Cam_Lidar_Fusion/install/velodyne_pointcloud/share/velodyne_pointcloud/package.xml
[11.787s] Invoked command in '/home/blaine/WayneHacks3/360_Cam_Lidar_Fusion/build/velodyne_pointcloud' returned '0': AMENT_PREFIX_PATH=/home/blaine/WayneHacks3/360_Cam_Lidar_Fusion/install/velodyne_msgs:${AMENT_PREFIX_PATH} CMAKE_PREFIX_PATH=/home/blaine/WayneHacks3/360_Cam_Lidar_Fusion/install/velodyne_msgs:/opt/ros/humble LD_LIBRARY_PATH=/home/blaine/WayneHacks3/360_Cam_Lidar_Fusion/install/velodyne_msgs/lib:${LD_LIBRARY_PATH} PYTHONPATH=/home/blaine/WayneHacks3/360_Cam_Lidar_Fusion/install/velodyne_msgs/local/lib/python3.10/dist-packages:${PYTHONPATH} /usr/bin/cmake --install /home/blaine/WayneHacks3/360_Cam_Lidar_Fusion/build/velodyne_pointcloud
