[0.052s] DEBUG:colcon:Command line arguments: ['/usr/bin/colcon', 'build']
[0.052s] DEBUG:colcon:Parsed command line arguments: Namespace(log_base=None, log_level=None, verb_name='build', build_base='build', install_base='install', merge_install=False, symlink_install=False, test_result_base=None, continue_on_error=False, executor='parallel', parallel_workers=32, event_handlers=None, ignore_user_meta=False, metas=['./colcon.meta'], base_paths=['.'], packages_ignore=None, packages_ignore_regex=None, paths=None, packages_up_to=None, packages_up_to_regex=None, packages_above=None, packages_above_and_dependencies=None, packages_above_depth=None, packages_select_by_dep=None, packages_skip_by_dep=None, packages_skip_up_to=None, packages_select_build_failed=False, packages_skip_build_finished=False, packages_select_test_failures=False, packages_skip_test_passed=False, packages_select=None, packages_skip=None, packages_select_regex=None, packages_skip_regex=None, packages_start=None, packages_end=None, allow_overriding=[], cmake_args=None, cmake_target=None, cmake_target_skip_unavailable=False, cmake_clean_cache=False, cmake_clean_first=False, cmake_force_configure=False, ament_cmake_args=None, catkin_cmake_args=None, catkin_skip_building_tests=False, mixin_files=None, mixin=None, verb_parser=<colcon_mixin.mixin.mixin_argument.MixinArgumentDecorator object at 0x7e624cab9a80>, verb_extension=<colcon_core.verb.build.BuildVerb object at 0x7e624cab9540>, main=<bound method BuildVerb.main of <colcon_core.verb.build.BuildVerb object at 0x7e624cab9540>>, mixin_verb=('build',))
[0.112s] Level 1:colcon.colcon_core.package_discovery:discover_packages(colcon_meta) check parameters
[0.112s] Level 1:colcon.colcon_core.package_discovery:discover_packages(recursive) check parameters
[0.113s] Level 1:colcon.colcon_core.package_discovery:discover_packages(ignore) check parameters
[0.113s] Level 1:colcon.colcon_core.package_discovery:discover_packages(path) check parameters
[0.113s] Level 1:colcon.colcon_core.package_discovery:discover_packages(colcon_meta) discover
[0.113s] Level 1:colcon.colcon_core.package_discovery:discover_packages(recursive) discover
[0.113s] INFO:colcon.colcon_core.package_discovery:Crawling recursively for packages in '/home/blaine/WayneHacks3/360_Cam_Lidar_Fusion'
[0.113s] Level 1:colcon.colcon_core.package_identification:_identify(.) by extensions ['ignore', 'ignore_ament_install']
[0.113s] Level 1:colcon.colcon_core.package_identification:_identify(.) by extension 'ignore'
[0.113s] Level 1:colcon.colcon_core.package_identification:_identify(.) by extension 'ignore_ament_install'
[0.113s] Level 1:colcon.colcon_core.package_identification:_identify(.) by extensions ['colcon_pkg']
[0.113s] Level 1:colcon.colcon_core.package_identification:_identify(.) by extension 'colcon_pkg'
[0.113s] Level 1:colcon.colcon_core.package_identification:_identify(.) by extensions ['colcon_meta']
[0.113s] Level 1:colcon.colcon_core.package_identification:_identify(.) by extension 'colcon_meta'
[0.113s] Level 1:colcon.colcon_core.package_identification:_identify(.) by extensions ['ros']
[0.113s] Level 1:colcon.colcon_core.package_identification:_identify(.) by extension 'ros'
[0.117s] Level 1:colcon.colcon_core.package_identification:_identify(.) by extensions ['cmake', 'python']
[0.118s] Level 1:colcon.colcon_core.package_identification:_identify(.) by extension 'cmake'
[0.118s] Level 1:colcon.colcon_core.package_identification:_identify(.) by extension 'python'
[0.118s] Level 1:colcon.colcon_core.package_identification:_identify(.) by extensions ['python_setup_py']
[0.118s] Level 1:colcon.colcon_core.package_identification:_identify(.) by extension 'python_setup_py'
[0.118s] Level 1:colcon.colcon_core.package_identification:_identify(build) by extensions ['ignore', 'ignore_ament_install']
[0.118s] Level 1:colcon.colcon_core.package_identification:_identify(build) by extension 'ignore'
[0.118s] Level 1:colcon.colcon_core.package_identification:_identify(build) ignored
[0.118s] Level 1:colcon.colcon_core.package_identification:_identify(install) by extensions ['ignore', 'ignore_ament_install']
[0.118s] Level 1:colcon.colcon_core.package_identification:_identify(install) by extension 'ignore'
[0.118s] Level 1:colcon.colcon_core.package_identification:_identify(install) ignored
[0.118s] Level 1:colcon.colcon_core.package_identification:_identify(log) by extensions ['ignore', 'ignore_ament_install']
[0.118s] Level 1:colcon.colcon_core.package_identification:_identify(log) by extension 'ignore'
[0.118s] Level 1:colcon.colcon_core.package_identification:_identify(log) ignored
[0.118s] Level 1:colcon.colcon_core.package_identification:_identify(src) by extensions ['ignore', 'ignore_ament_install']
[0.118s] Level 1:colcon.colcon_core.package_identification:_identify(src) by extension 'ignore'
[0.118s] Level 1:colcon.colcon_core.package_identification:_identify(src) by extension 'ignore_ament_install'
[0.118s] Level 1:colcon.colcon_core.package_identification:_identify(src) by extensions ['colcon_pkg']
[0.118s] Level 1:colcon.colcon_core.package_identification:_identify(src) by extension 'colcon_pkg'
[0.118s] Level 1:colcon.colcon_core.package_identification:_identify(src) by extensions ['colcon_meta']
[0.118s] Level 1:colcon.colcon_core.package_identification:_identify(src) by extension 'colcon_meta'
[0.118s] Level 1:colcon.colcon_core.package_identification:_identify(src) by extensions ['ros']
[0.118s] Level 1:colcon.colcon_core.package_identification:_identify(src) by extension 'ros'
[0.118s] Level 1:colcon.colcon_core.package_identification:_identify(src) by extensions ['cmake', 'python']
[0.118s] Level 1:colcon.colcon_core.package_identification:_identify(src) by extension 'cmake'
[0.118s] Level 1:colcon.colcon_core.package_identification:_identify(src) by extension 'python'
[0.118s] Level 1:colcon.colcon_core.package_identification:_identify(src) by extensions ['python_setup_py']
[0.118s] Level 1:colcon.colcon_core.package_identification:_identify(src) by extension 'python_setup_py'
[0.118s] Level 1:colcon.colcon_core.package_identification:_identify(src/velodyne) by extensions ['ignore', 'ignore_ament_install']
[0.118s] Level 1:colcon.colcon_core.package_identification:_identify(src/velodyne) by extension 'ignore'
[0.118s] Level 1:colcon.colcon_core.package_identification:_identify(src/velodyne) by extension 'ignore_ament_install'
[0.118s] Level 1:colcon.colcon_core.package_identification:_identify(src/velodyne) by extensions ['colcon_pkg']
[0.118s] Level 1:colcon.colcon_core.package_identification:_identify(src/velodyne) by extension 'colcon_pkg'
[0.118s] Level 1:colcon.colcon_core.package_identification:_identify(src/velodyne) by extensions ['colcon_meta']
[0.118s] Level 1:colcon.colcon_core.package_identification:_identify(src/velodyne) by extension 'colcon_meta'
[0.118s] Level 1:colcon.colcon_core.package_identification:_identify(src/velodyne) by extensions ['ros']
[0.118s] Level 1:colcon.colcon_core.package_identification:_identify(src/velodyne) by extension 'ros'
[0.118s] Level 1:colcon.colcon_core.package_identification:_identify(src/velodyne) by extensions ['cmake', 'python']
[0.118s] Level 1:colcon.colcon_core.package_identification:_identify(src/velodyne) by extension 'cmake'
[0.118s] Level 1:colcon.colcon_core.package_identification:_identify(src/velodyne) by extension 'python'
[0.118s] Level 1:colcon.colcon_core.package_identification:_identify(src/velodyne) by extensions ['python_setup_py']
[0.118s] Level 1:colcon.colcon_core.package_identification:_identify(src/velodyne) by extension 'python_setup_py'
[0.118s] Level 1:colcon.colcon_core.package_identification:_identify(src/velodyne/velodyne) by extensions ['ignore', 'ignore_ament_install']
[0.118s] Level 1:colcon.colcon_core.package_identification:_identify(src/velodyne/velodyne) by extension 'ignore'
[0.118s] Level 1:colcon.colcon_core.package_identification:_identify(src/velodyne/velodyne) by extension 'ignore_ament_install'
[0.118s] Level 1:colcon.colcon_core.package_identification:_identify(src/velodyne/velodyne) by extensions ['colcon_pkg']
[0.118s] Level 1:colcon.colcon_core.package_identification:_identify(src/velodyne/velodyne) by extension 'colcon_pkg'
[0.118s] Level 1:colcon.colcon_core.package_identification:_identify(src/velodyne/velodyne) by extensions ['colcon_meta']
[0.118s] Level 1:colcon.colcon_core.package_identification:_identify(src/velodyne/velodyne) by extension 'colcon_meta'
[0.118s] Level 1:colcon.colcon_core.package_identification:_identify(src/velodyne/velodyne) by extensions ['ros']
[0.118s] Level 1:colcon.colcon_core.package_identification:_identify(src/velodyne/velodyne) by extension 'ros'
[0.119s] DEBUG:colcon.colcon_core.package_identification:Package 'src/velodyne/velodyne' with type 'ros.ament_cmake' and name 'velodyne'
[0.120s] Level 1:colcon.colcon_core.package_identification:_identify(src/velodyne/velodyne_driver) by extensions ['ignore', 'ignore_ament_install']
[0.120s] Level 1:colcon.colcon_core.package_identification:_identify(src/velodyne/velodyne_driver) by extension 'ignore'
[0.120s] Level 1:colcon.colcon_core.package_identification:_identify(src/velodyne/velodyne_driver) by extension 'ignore_ament_install'
[0.120s] Level 1:colcon.colcon_core.package_identification:_identify(src/velodyne/velodyne_driver) by extensions ['colcon_pkg']
[0.120s] Level 1:colcon.colcon_core.package_identification:_identify(src/velodyne/velodyne_driver) by extension 'colcon_pkg'
[0.120s] Level 1:colcon.colcon_core.package_identification:_identify(src/velodyne/velodyne_driver) by extensions ['colcon_meta']
[0.120s] Level 1:colcon.colcon_core.package_identification:_identify(src/velodyne/velodyne_driver) by extension 'colcon_meta'
[0.120s] Level 1:colcon.colcon_core.package_identification:_identify(src/velodyne/velodyne_driver) by extensions ['ros']
[0.120s] Level 1:colcon.colcon_core.package_identification:_identify(src/velodyne/velodyne_driver) by extension 'ros'
[0.120s] DEBUG:colcon.colcon_core.package_identification:Package 'src/velodyne/velodyne_driver' with type 'ros.ament_cmake' and name 'velodyne_driver'
[0.120s] Level 1:colcon.colcon_core.package_identification:_identify(src/velodyne/velodyne_laserscan) by extensions ['ignore', 'ignore_ament_install']
[0.120s] Level 1:colcon.colcon_core.package_identification:_identify(src/velodyne/velodyne_laserscan) by extension 'ignore'
[0.120s] Level 1:colcon.colcon_core.package_identification:_identify(src/velodyne/velodyne_laserscan) by extension 'ignore_ament_install'
[0.120s] Level 1:colcon.colcon_core.package_identification:_identify(src/velodyne/velodyne_laserscan) by extensions ['colcon_pkg']
[0.120s] Level 1:colcon.colcon_core.package_identification:_identify(src/velodyne/velodyne_laserscan) by extension 'colcon_pkg'
[0.120s] Level 1:colcon.colcon_core.package_identification:_identify(src/velodyne/velodyne_laserscan) by extensions ['colcon_meta']
[0.120s] Level 1:colcon.colcon_core.package_identification:_identify(src/velodyne/velodyne_laserscan) by extension 'colcon_meta'
[0.120s] Level 1:colcon.colcon_core.package_identification:_identify(src/velodyne/velodyne_laserscan) by extensions ['ros']
[0.120s] Level 1:colcon.colcon_core.package_identification:_identify(src/velodyne/velodyne_laserscan) by extension 'ros'
[0.121s] DEBUG:colcon.colcon_core.package_identification:Package 'src/velodyne/velodyne_laserscan' with type 'ros.ament_cmake' and name 'velodyne_laserscan'
[0.121s] Level 1:colcon.colcon_core.package_identification:_identify(src/velodyne/velodyne_msgs) by extensions ['ignore', 'ignore_ament_install']
[0.121s] Level 1:colcon.colcon_core.package_identification:_identify(src/velodyne/velodyne_msgs) by extension 'ignore'
[0.121s] Level 1:colcon.colcon_core.package_identification:_identify(src/velodyne/velodyne_msgs) by extension 'ignore_ament_install'
[0.121s] Level 1:colcon.colcon_core.package_identification:_identify(src/velodyne/velodyne_msgs) by extensions ['colcon_pkg']
[0.121s] Level 1:colcon.colcon_core.package_identification:_identify(src/velodyne/velodyne_msgs) by extension 'colcon_pkg'
[0.121s] Level 1:colcon.colcon_core.package_identification:_identify(src/velodyne/velodyne_msgs) by extensions ['colcon_meta']
[0.121s] Level 1:colcon.colcon_core.package_identification:_identify(src/velodyne/velodyne_msgs) by extension 'colcon_meta'
[0.121s] Level 1:colcon.colcon_core.package_identification:_identify(src/velodyne/velodyne_msgs) by extensions ['ros']
[0.121s] Level 1:colcon.colcon_core.package_identification:_identify(src/velodyne/velodyne_msgs) by extension 'ros'
[0.121s] DEBUG:colcon.colcon_core.package_identification:Package 'src/velodyne/velodyne_msgs' with type 'ros.ament_cmake' and name 'velodyne_msgs'
[0.121s] Level 1:colcon.colcon_core.package_identification:_identify(src/velodyne/velodyne_pointcloud) by extensions ['ignore', 'ignore_ament_install']
[0.121s] Level 1:colcon.colcon_core.package_identification:_identify(src/velodyne/velodyne_pointcloud) by extension 'ignore'
[0.121s] Level 1:colcon.colcon_core.package_identification:_identify(src/velodyne/velodyne_pointcloud) by extension 'ignore_ament_install'
[0.121s] Level 1:colcon.colcon_core.package_identification:_identify(src/velodyne/velodyne_pointcloud) by extensions ['colcon_pkg']
[0.121s] Level 1:colcon.colcon_core.package_identification:_identify(src/velodyne/velodyne_pointcloud) by extension 'colcon_pkg'
[0.121s] Level 1:colcon.colcon_core.package_identification:_identify(src/velodyne/velodyne_pointcloud) by extensions ['colcon_meta']
[0.121s] Level 1:colcon.colcon_core.package_identification:_identify(src/velodyne/velodyne_pointcloud) by extension 'colcon_meta'
[0.121s] Level 1:colcon.colcon_core.package_identification:_identify(src/velodyne/velodyne_pointcloud) by extensions ['ros']
[0.121s] Level 1:colcon.colcon_core.package_identification:_identify(src/velodyne/velodyne_pointcloud) by extension 'ros'
[0.122s] DEBUG:colcon.colcon_core.package_identification:Package 'src/velodyne/velodyne_pointcloud' with type 'ros.ament_cmake' and name 'velodyne_pointcloud'
[0.122s] Level 1:colcon.colcon_core.package_discovery:discover_packages(recursive) using defaults
[0.122s] Level 1:colcon.colcon_core.package_discovery:discover_packages(ignore) discover
[0.122s] Level 1:colcon.colcon_core.package_discovery:discover_packages(ignore) using defaults
[0.122s] Level 1:colcon.colcon_core.package_discovery:discover_packages(path) discover
[0.122s] Level 1:colcon.colcon_core.package_discovery:discover_packages(path) using defaults
[0.135s] Level 1:colcon.colcon_core.package_discovery:discover_packages(prefix_path) check parameters
[0.135s] Level 1:colcon.colcon_core.package_discovery:discover_packages(prefix_path) discover
[0.136s] DEBUG:colcon.colcon_installed_package_information.package_discovery:Found 5 installed packages in /home/blaine/WayneHacks3/360_Cam_Lidar_Fusion/install
[0.136s] DEBUG:colcon.colcon_installed_package_information.package_discovery:Found 271 installed packages in /opt/ros/humble
[0.137s] Level 1:colcon.colcon_core.package_discovery:discover_packages(prefix_path) using defaults
[0.151s] Level 5:colcon.colcon_core.verb:set package 'velodyne_laserscan' build argument 'cmake_args' from command line to 'None'
[0.151s] Level 5:colcon.colcon_core.verb:set package 'velodyne_laserscan' build argument 'cmake_target' from command line to 'None'
[0.151s] Level 5:colcon.colcon_core.verb:set package 'velodyne_laserscan' build argument 'cmake_target_skip_unavailable' from command line to 'False'
[0.151s] Level 5:colcon.colcon_core.verb:set package 'velodyne_laserscan' build argument 'cmake_clean_cache' from command line to 'False'
[0.151s] Level 5:colcon.colcon_core.verb:set package 'velodyne_laserscan' build argument 'cmake_clean_first' from command line to 'False'
[0.151s] Level 5:colcon.colcon_core.verb:set package 'velodyne_laserscan' build argument 'cmake_force_configure' from command line to 'False'
[0.151s] Level 5:colcon.colcon_core.verb:set package 'velodyne_laserscan' build argument 'ament_cmake_args' from command line to 'None'
[0.151s] Level 5:colcon.colcon_core.verb:set package 'velodyne_laserscan' build argument 'catkin_cmake_args' from command line to 'None'
[0.151s] Level 5:colcon.colcon_core.verb:set package 'velodyne_laserscan' build argument 'catkin_skip_building_tests' from command line to 'False'
[0.151s] DEBUG:colcon.colcon_core.verb:Building package 'velodyne_laserscan' with the following arguments: {'ament_cmake_args': None, 'build_base': '/home/blaine/WayneHacks3/360_Cam_Lidar_Fusion/build/velodyne_laserscan', 'catkin_cmake_args': None, 'catkin_skip_building_tests': False, 'cmake_args': None, 'cmake_clean_cache': False, 'cmake_clean_first': False, 'cmake_force_configure': False, 'cmake_target': None, 'cmake_target_skip_unavailable': False, 'install_base': '/home/blaine/WayneHacks3/360_Cam_Lidar_Fusion/install/velodyne_laserscan', 'merge_install': False, 'path': '/home/blaine/WayneHacks3/360_Cam_Lidar_Fusion/src/velodyne/velodyne_laserscan', 'symlink_install': False, 'test_result_base': None}
[0.151s] Level 5:colcon.colcon_core.verb:set package 'velodyne_msgs' build argument 'cmake_args' from command line to 'None'
[0.151s] Level 5:colcon.colcon_core.verb:set package 'velodyne_msgs' build argument 'cmake_target' from command line to 'None'
[0.151s] Level 5:colcon.colcon_core.verb:set package 'velodyne_msgs' build argument 'cmake_target_skip_unavailable' from command line to 'False'
[0.151s] Level 5:colcon.colcon_core.verb:set package 'velodyne_msgs' build argument 'cmake_clean_cache' from command line to 'False'
[0.151s] Level 5:colcon.colcon_core.verb:set package 'velodyne_msgs' build argument 'cmake_clean_first' from command line to 'False'
[0.151s] Level 5:colcon.colcon_core.verb:set package 'velodyne_msgs' build argument 'cmake_force_configure' from command line to 'False'
[0.151s] Level 5:colcon.colcon_core.verb:set package 'velodyne_msgs' build argument 'ament_cmake_args' from command line to 'None'
[0.151s] Level 5:colcon.colcon_core.verb:set package 'velodyne_msgs' build argument 'catkin_cmake_args' from command line to 'None'
[0.151s] Level 5:colcon.colcon_core.verb:set package 'velodyne_msgs' build argument 'catkin_skip_building_tests' from command line to 'False'
[0.151s] DEBUG:colcon.colcon_core.verb:Building package 'velodyne_msgs' with the following arguments: {'ament_cmake_args': None, 'build_base': '/home/blaine/WayneHacks3/360_Cam_Lidar_Fusion/build/velodyne_msgs', 'catkin_cmake_args': None, 'catkin_skip_building_tests': False, 'cmake_args': None, 'cmake_clean_cache': False, 'cmake_clean_first': False, 'cmake_force_configure': False, 'cmake_target': None, 'cmake_target_skip_unavailable': False, 'install_base': '/home/blaine/WayneHacks3/360_Cam_Lidar_Fusion/install/velodyne_msgs', 'merge_install': False, 'path': '/home/blaine/WayneHacks3/360_Cam_Lidar_Fusion/src/velodyne/velodyne_msgs', 'symlink_install': False, 'test_result_base': None}
[0.151s] Level 5:colcon.colcon_core.verb:set package 'velodyne_driver' build argument 'cmake_args' from command line to 'None'
[0.151s] Level 5:colcon.colcon_core.verb:set package 'velodyne_driver' build argument 'cmake_target' from command line to 'None'
[0.151s] Level 5:colcon.colcon_core.verb:set package 'velodyne_driver' build argument 'cmake_target_skip_unavailable' from command line to 'False'
[0.151s] Level 5:colcon.colcon_core.verb:set package 'velodyne_driver' build argument 'cmake_clean_cache' from command line to 'False'
[0.151s] Level 5:colcon.colcon_core.verb:set package 'velodyne_driver' build argument 'cmake_clean_first' from command line to 'False'
[0.151s] Level 5:colcon.colcon_core.verb:set package 'velodyne_driver' build argument 'cmake_force_configure' from command line to 'False'
[0.151s] Level 5:colcon.colcon_core.verb:set package 'velodyne_driver' build argument 'ament_cmake_args' from command line to 'None'
[0.151s] Level 5:colcon.colcon_core.verb:set package 'velodyne_driver' build argument 'catkin_cmake_args' from command line to 'None'
[0.151s] Level 5:colcon.colcon_core.verb:set package 'velodyne_driver' build argument 'catkin_skip_building_tests' from command line to 'False'
[0.151s] DEBUG:colcon.colcon_core.verb:Building package 'velodyne_driver' with the following arguments: {'ament_cmake_args': None, 'build_base': '/home/blaine/WayneHacks3/360_Cam_Lidar_Fusion/build/velodyne_driver', 'catkin_cmake_args': None, 'catkin_skip_building_tests': False, 'cmake_args': None, 'cmake_clean_cache': False, 'cmake_clean_first': False, 'cmake_force_configure': False, 'cmake_target': None, 'cmake_target_skip_unavailable': False, 'install_base': '/home/blaine/WayneHacks3/360_Cam_Lidar_Fusion/install/velodyne_driver', 'merge_install': False, 'path': '/home/blaine/WayneHacks3/360_Cam_Lidar_Fusion/src/velodyne/velodyne_driver', 'symlink_install': False, 'test_result_base': None}
[0.151s] Level 5:colcon.colcon_core.verb:set package 'velodyne_pointcloud' build argument 'cmake_args' from command line to 'None'
[0.151s] Level 5:colcon.colcon_core.verb:set package 'velodyne_pointcloud' build argument 'cmake_target' from command line to 'None'
[0.151s] Level 5:colcon.colcon_core.verb:set package 'velodyne_pointcloud' build argument 'cmake_target_skip_unavailable' from command line to 'False'
[0.151s] Level 5:colcon.colcon_core.verb:set package 'velodyne_pointcloud' build argument 'cmake_clean_cache' from command line to 'False'
[0.151s] Level 5:colcon.colcon_core.verb:set package 'velodyne_pointcloud' build argument 'cmake_clean_first' from command line to 'False'
[0.151s] Level 5:colcon.colcon_core.verb:set package 'velodyne_pointcloud' build argument 'cmake_force_configure' from command line to 'False'
[0.151s] Level 5:colcon.colcon_core.verb:set package 'velodyne_pointcloud' build argument 'ament_cmake_args' from command line to 'None'
[0.151s] Level 5:colcon.colcon_core.verb:set package 'velodyne_pointcloud' build argument 'catkin_cmake_args' from command line to 'None'
[0.151s] Level 5:colcon.colcon_core.verb:set package 'velodyne_pointcloud' build argument 'catkin_skip_building_tests' from command line to 'False'
[0.151s] DEBUG:colcon.colcon_core.verb:Building package 'velodyne_pointcloud' with the following arguments: {'ament_cmake_args': None, 'build_base': '/home/blaine/WayneHacks3/360_Cam_Lidar_Fusion/build/velodyne_pointcloud', 'catkin_cmake_args': None, 'catkin_skip_building_tests': False, 'cmake_args': None, 'cmake_clean_cache': False, 'cmake_clean_first': False, 'cmake_force_configure': False, 'cmake_target': None, 'cmake_target_skip_unavailable': False, 'install_base': '/home/blaine/WayneHacks3/360_Cam_Lidar_Fusion/install/velodyne_pointcloud', 'merge_install': False, 'path': '/home/blaine/WayneHacks3/360_Cam_Lidar_Fusion/src/velodyne/velodyne_pointcloud', 'symlink_install': False, 'test_result_base': None}
[0.152s] Level 5:colcon.colcon_core.verb:set package 'velodyne' build argument 'cmake_args' from command line to 'None'
[0.152s] Level 5:colcon.colcon_core.verb:set package 'velodyne' build argument 'cmake_target' from command line to 'None'
[0.152s] Level 5:colcon.colcon_core.verb:set package 'velodyne' build argument 'cmake_target_skip_unavailable' from command line to 'False'
[0.152s] Level 5:colcon.colcon_core.verb:set package 'velodyne' build argument 'cmake_clean_cache' from command line to 'False'
[0.152s] Level 5:colcon.colcon_core.verb:set package 'velodyne' build argument 'cmake_clean_first' from command line to 'False'
[0.152s] Level 5:colcon.colcon_core.verb:set package 'velodyne' build argument 'cmake_force_configure' from command line to 'False'
[0.152s] Level 5:colcon.colcon_core.verb:set package 'velodyne' build argument 'ament_cmake_args' from command line to 'None'
[0.152s] Level 5:colcon.colcon_core.verb:set package 'velodyne' build argument 'catkin_cmake_args' from command line to 'None'
[0.152s] Level 5:colcon.colcon_core.verb:set package 'velodyne' build argument 'catkin_skip_building_tests' from command line to 'False'
[0.152s] DEBUG:colcon.colcon_core.verb:Building package 'velodyne' with the following arguments: {'ament_cmake_args': None, 'build_base': '/home/blaine/WayneHacks3/360_Cam_Lidar_Fusion/build/velodyne', 'catkin_cmake_args': None, 'catkin_skip_building_tests': False, 'cmake_args': None, 'cmake_clean_cache': False, 'cmake_clean_first': False, 'cmake_force_configure': False, 'cmake_target': None, 'cmake_target_skip_unavailable': False, 'install_base': '/home/blaine/WayneHacks3/360_Cam_Lidar_Fusion/install/velodyne', 'merge_install': False, 'path': '/home/blaine/WayneHacks3/360_Cam_Lidar_Fusion/src/velodyne/velodyne', 'symlink_install': False, 'test_result_base': None}
[0.152s] INFO:colcon.colcon_core.executor:Executing jobs using 'parallel' executor
[0.152s] DEBUG:colcon.colcon_parallel_executor.executor.parallel:run_until_complete
[0.152s] INFO:colcon.colcon_ros.task.ament_cmake.build:Building ROS package in '/home/blaine/WayneHacks3/360_Cam_Lidar_Fusion/src/velodyne/velodyne_msgs' with build type 'ament_cmake'
[0.152s] INFO:colcon.colcon_cmake.task.cmake.build:Building CMake package in '/home/blaine/WayneHacks3/360_Cam_Lidar_Fusion/src/velodyne/velodyne_msgs'
[0.153s] INFO:colcon.colcon_core.plugin_system:Skipping extension 'colcon_core.shell.bat': Not used on non-Windows systems
[0.153s] INFO:colcon.colcon_core.shell:Skip shell extension 'powershell' for command environment: Not usable outside of PowerShell
[0.153s] DEBUG:colcon.colcon_core.shell:Skip shell extension 'dsv' for command environment
[0.155s] INFO:colcon.colcon_ros.task.ament_cmake.build:Building ROS package in '/home/blaine/WayneHacks3/360_Cam_Lidar_Fusion/src/velodyne/velodyne_laserscan' with build type 'ament_cmake'
[0.155s] INFO:colcon.colcon_cmake.task.cmake.build:Building CMake package in '/home/blaine/WayneHacks3/360_Cam_Lidar_Fusion/src/velodyne/velodyne_laserscan'
[0.155s] INFO:colcon.colcon_core.shell:Skip shell extension 'powershell' for command environment: Not usable outside of PowerShell
[0.155s] DEBUG:colcon.colcon_core.shell:Skip shell extension 'dsv' for command environment
[0.158s] DEBUG:colcon.colcon_core.event_handler.log_command:Invoking command in '/home/blaine/WayneHacks3/360_Cam_Lidar_Fusion/build/velodyne_msgs': CMAKE_PREFIX_PATH=${CMAKE_PREFIX_PATH}:/opt/ros/humble /usr/bin/cmake --build /home/blaine/WayneHacks3/360_Cam_Lidar_Fusion/build/velodyne_msgs -- -j32 -l32
[0.161s] DEBUG:colcon.colcon_core.event_handler.log_command:Invoking command in '/home/blaine/WayneHacks3/360_Cam_Lidar_Fusion/build/velodyne_laserscan': CMAKE_PREFIX_PATH=${CMAKE_PREFIX_PATH}:/opt/ros/humble /usr/bin/cmake --build /home/blaine/WayneHacks3/360_Cam_Lidar_Fusion/build/velodyne_laserscan -- -j32 -l32
[0.233s] DEBUG:colcon.colcon_core.event_handler.log_command:Invoked command in '/home/blaine/WayneHacks3/360_Cam_Lidar_Fusion/build/velodyne_laserscan' returned '0': CMAKE_PREFIX_PATH=${CMAKE_PREFIX_PATH}:/opt/ros/humble /usr/bin/cmake --build /home/blaine/WayneHacks3/360_Cam_Lidar_Fusion/build/velodyne_laserscan -- -j32 -l32
[0.239s] DEBUG:colcon.colcon_core.event_handler.log_command:Invoking command in '/home/blaine/WayneHacks3/360_Cam_Lidar_Fusion/build/velodyne_laserscan': CMAKE_PREFIX_PATH=${CMAKE_PREFIX_PATH}:/opt/ros/humble /usr/bin/cmake --install /home/blaine/WayneHacks3/360_Cam_Lidar_Fusion/build/velodyne_laserscan
[0.243s] Level 1:colcon.colcon_core.environment:create_environment_scripts_only(velodyne_laserscan)
[0.244s] DEBUG:colcon.colcon_core.event_handler.log_command:Invoked command in '/home/blaine/WayneHacks3/360_Cam_Lidar_Fusion/build/velodyne_laserscan' returned '0': CMAKE_PREFIX_PATH=${CMAKE_PREFIX_PATH}:/opt/ros/humble /usr/bin/cmake --install /home/blaine/WayneHacks3/360_Cam_Lidar_Fusion/build/velodyne_laserscan
[0.245s] Level 1:colcon.colcon_core.environment:checking '/home/blaine/WayneHacks3/360_Cam_Lidar_Fusion/install/velodyne_laserscan' for CMake module files
[0.246s] Level 1:colcon.colcon_core.environment:checking '/home/blaine/WayneHacks3/360_Cam_Lidar_Fusion/install/velodyne_laserscan' for CMake config files
[0.246s] Level 1:colcon.colcon_core.shell:create_environment_hook('velodyne_laserscan', 'cmake_prefix_path')
[0.246s] INFO:colcon.colcon_core.shell:Creating environment hook '/home/blaine/WayneHacks3/360_Cam_Lidar_Fusion/install/velodyne_laserscan/share/velodyne_laserscan/hook/cmake_prefix_path.ps1'
[0.247s] INFO:colcon.colcon_core.shell:Creating environment descriptor '/home/blaine/WayneHacks3/360_Cam_Lidar_Fusion/install/velodyne_laserscan/share/velodyne_laserscan/hook/cmake_prefix_path.dsv'
[0.247s] INFO:colcon.colcon_core.shell:Creating environment hook '/home/blaine/WayneHacks3/360_Cam_Lidar_Fusion/install/velodyne_laserscan/share/velodyne_laserscan/hook/cmake_prefix_path.sh'
[0.248s] Level 1:colcon.colcon_core.environment:checking '/home/blaine/WayneHacks3/360_Cam_Lidar_Fusion/install/velodyne_laserscan/lib'
[0.248s] Level 1:colcon.colcon_core.shell:create_environment_hook('velodyne_laserscan', 'ld_library_path_lib')
[0.248s] INFO:colcon.colcon_core.shell:Creating environment hook '/home/blaine/WayneHacks3/360_Cam_Lidar_Fusion/install/velodyne_laserscan/share/velodyne_laserscan/hook/ld_library_path_lib.ps1'
[0.248s] INFO:colcon.colcon_core.shell:Creating environment descriptor '/home/blaine/WayneHacks3/360_Cam_Lidar_Fusion/install/velodyne_laserscan/share/velodyne_laserscan/hook/ld_library_path_lib.dsv'
[0.248s] INFO:colcon.colcon_core.shell:Creating environment hook '/home/blaine/WayneHacks3/360_Cam_Lidar_Fusion/install/velodyne_laserscan/share/velodyne_laserscan/hook/ld_library_path_lib.sh'
[0.249s] Level 1:colcon.colcon_core.environment:checking '/home/blaine/WayneHacks3/360_Cam_Lidar_Fusion/install/velodyne_laserscan/bin'
[0.249s] Level 1:colcon.colcon_core.environment:checking '/home/blaine/WayneHacks3/360_Cam_Lidar_Fusion/install/velodyne_laserscan/lib/pkgconfig/velodyne_laserscan.pc'
[0.249s] Level 1:colcon.colcon_core.environment:checking '/home/blaine/WayneHacks3/360_Cam_Lidar_Fusion/install/velodyne_laserscan/lib/python3.10/site-packages'
[0.249s] Level 1:colcon.colcon_core.environment:checking '/home/blaine/WayneHacks3/360_Cam_Lidar_Fusion/install/velodyne_laserscan/bin'
[0.249s] INFO:colcon.colcon_core.shell:Creating package script '/home/blaine/WayneHacks3/360_Cam_Lidar_Fusion/install/velodyne_laserscan/share/velodyne_laserscan/package.ps1'
[0.250s] INFO:colcon.colcon_core.shell:Creating package descriptor '/home/blaine/WayneHacks3/360_Cam_Lidar_Fusion/install/velodyne_laserscan/share/velodyne_laserscan/package.dsv'
[0.250s] INFO:colcon.colcon_core.shell:Creating package script '/home/blaine/WayneHacks3/360_Cam_Lidar_Fusion/install/velodyne_laserscan/share/velodyne_laserscan/package.sh'
[0.251s] INFO:colcon.colcon_core.shell:Creating package script '/home/blaine/WayneHacks3/360_Cam_Lidar_Fusion/install/velodyne_laserscan/share/velodyne_laserscan/package.bash'
[0.251s] INFO:colcon.colcon_core.shell:Creating package script '/home/blaine/WayneHacks3/360_Cam_Lidar_Fusion/install/velodyne_laserscan/share/velodyne_laserscan/package.zsh'
[0.252s] Level 1:colcon.colcon_core.environment:create_file_with_runtime_dependencies(/home/blaine/WayneHacks3/360_Cam_Lidar_Fusion/install/velodyne_laserscan/share/colcon-core/packages/velodyne_laserscan)
[0.252s] Level 1:colcon.colcon_core.environment:create_environment_scripts_only(velodyne_laserscan)
[0.252s] Level 1:colcon.colcon_core.environment:checking '/home/blaine/WayneHacks3/360_Cam_Lidar_Fusion/install/velodyne_laserscan' for CMake module files
[0.253s] Level 1:colcon.colcon_core.environment:checking '/home/blaine/WayneHacks3/360_Cam_Lidar_Fusion/install/velodyne_laserscan' for CMake config files
[0.253s] Level 1:colcon.colcon_core.shell:create_environment_hook('velodyne_laserscan', 'cmake_prefix_path')
[0.253s] INFO:colcon.colcon_core.shell:Creating environment hook '/home/blaine/WayneHacks3/360_Cam_Lidar_Fusion/install/velodyne_laserscan/share/velodyne_laserscan/hook/cmake_prefix_path.ps1'
[0.253s] INFO:colcon.colcon_core.shell:Creating environment descriptor '/home/blaine/WayneHacks3/360_Cam_Lidar_Fusion/install/velodyne_laserscan/share/velodyne_laserscan/hook/cmake_prefix_path.dsv'
[0.254s] INFO:colcon.colcon_core.shell:Creating environment hook '/home/blaine/WayneHacks3/360_Cam_Lidar_Fusion/install/velodyne_laserscan/share/velodyne_laserscan/hook/cmake_prefix_path.sh'
[0.254s] Level 1:colcon.colcon_core.environment:checking '/home/blaine/WayneHacks3/360_Cam_Lidar_Fusion/install/velodyne_laserscan/lib'
[0.254s] Level 1:colcon.colcon_core.shell:create_environment_hook('velodyne_laserscan', 'ld_library_path_lib')
[0.254s] INFO:colcon.colcon_core.shell:Creating environment hook '/home/blaine/WayneHacks3/360_Cam_Lidar_Fusion/install/velodyne_laserscan/share/velodyne_laserscan/hook/ld_library_path_lib.ps1'
[0.255s] INFO:colcon.colcon_core.shell:Creating environment descriptor '/home/blaine/WayneHacks3/360_Cam_Lidar_Fusion/install/velodyne_laserscan/share/velodyne_laserscan/hook/ld_library_path_lib.dsv'
[0.255s] INFO:colcon.colcon_core.shell:Creating environment hook '/home/blaine/WayneHacks3/360_Cam_Lidar_Fusion/install/velodyne_laserscan/share/velodyne_laserscan/hook/ld_library_path_lib.sh'
[0.255s] Level 1:colcon.colcon_core.environment:checking '/home/blaine/WayneHacks3/360_Cam_Lidar_Fusion/install/velodyne_laserscan/bin'
[0.255s] Level 1:colcon.colcon_core.environment:checking '/home/blaine/WayneHacks3/360_Cam_Lidar_Fusion/install/velodyne_laserscan/lib/pkgconfig/velodyne_laserscan.pc'
[0.255s] Level 1:colcon.colcon_core.environment:checking '/home/blaine/WayneHacks3/360_Cam_Lidar_Fusion/install/velodyne_laserscan/lib/python3.10/site-packages'
[0.255s] Level 1:colcon.colcon_core.environment:checking '/home/blaine/WayneHacks3/360_Cam_Lidar_Fusion/install/velodyne_laserscan/bin'
[0.256s] INFO:colcon.colcon_core.shell:Creating package script '/home/blaine/WayneHacks3/360_Cam_Lidar_Fusion/install/velodyne_laserscan/share/velodyne_laserscan/package.ps1'
[0.256s] INFO:colcon.colcon_core.shell:Creating package descriptor '/home/blaine/WayneHacks3/360_Cam_Lidar_Fusion/install/velodyne_laserscan/share/velodyne_laserscan/package.dsv'
[0.256s] INFO:colcon.colcon_core.shell:Creating package script '/home/blaine/WayneHacks3/360_Cam_Lidar_Fusion/install/velodyne_laserscan/share/velodyne_laserscan/package.sh'
[0.257s] INFO:colcon.colcon_core.shell:Creating package script '/home/blaine/WayneHacks3/360_Cam_Lidar_Fusion/install/velodyne_laserscan/share/velodyne_laserscan/package.bash'
[0.257s] INFO:colcon.colcon_core.shell:Creating package script '/home/blaine/WayneHacks3/360_Cam_Lidar_Fusion/install/velodyne_laserscan/share/velodyne_laserscan/package.zsh'
[0.257s] Level 1:colcon.colcon_core.environment:create_file_with_runtime_dependencies(/home/blaine/WayneHacks3/360_Cam_Lidar_Fusion/install/velodyne_laserscan/share/colcon-core/packages/velodyne_laserscan)
[0.327s] DEBUG:colcon.colcon_core.event_handler.log_command:Invoked command in '/home/blaine/WayneHacks3/360_Cam_Lidar_Fusion/build/velodyne_msgs' returned '0': CMAKE_PREFIX_PATH=${CMAKE_PREFIX_PATH}:/opt/ros/humble /usr/bin/cmake --build /home/blaine/WayneHacks3/360_Cam_Lidar_Fusion/build/velodyne_msgs -- -j32 -l32
[0.329s] DEBUG:colcon.colcon_core.event_handler.log_command:Invoking command in '/home/blaine/WayneHacks3/360_Cam_Lidar_Fusion/build/velodyne_msgs': CMAKE_PREFIX_PATH=${CMAKE_PREFIX_PATH}:/opt/ros/humble /usr/bin/cmake --install /home/blaine/WayneHacks3/360_Cam_Lidar_Fusion/build/velodyne_msgs
[0.372s] Level 1:colcon.colcon_core.environment:create_environment_scripts_only(velodyne_msgs)
[0.372s] Level 1:colcon.colcon_core.environment:checking '/home/blaine/WayneHacks3/360_Cam_Lidar_Fusion/install/velodyne_msgs' for CMake module files
[0.373s] DEBUG:colcon.colcon_core.event_handler.log_command:Invoked command in '/home/blaine/WayneHacks3/360_Cam_Lidar_Fusion/build/velodyne_msgs' returned '0': CMAKE_PREFIX_PATH=${CMAKE_PREFIX_PATH}:/opt/ros/humble /usr/bin/cmake --install /home/blaine/WayneHacks3/360_Cam_Lidar_Fusion/build/velodyne_msgs
[0.373s] Level 1:colcon.colcon_core.environment:checking '/home/blaine/WayneHacks3/360_Cam_Lidar_Fusion/install/velodyne_msgs' for CMake config files
[0.373s] Level 1:colcon.colcon_core.shell:create_environment_hook('velodyne_msgs', 'cmake_prefix_path')
[0.373s] INFO:colcon.colcon_core.shell:Creating environment hook '/home/blaine/WayneHacks3/360_Cam_Lidar_Fusion/install/velodyne_msgs/share/velodyne_msgs/hook/cmake_prefix_path.ps1'
[0.373s] INFO:colcon.colcon_core.shell:Creating environment descriptor '/home/blaine/WayneHacks3/360_Cam_Lidar_Fusion/install/velodyne_msgs/share/velodyne_msgs/hook/cmake_prefix_path.dsv'
[0.374s] INFO:colcon.colcon_core.shell:Creating environment hook '/home/blaine/WayneHacks3/360_Cam_Lidar_Fusion/install/velodyne_msgs/share/velodyne_msgs/hook/cmake_prefix_path.sh'
[0.374s] Level 1:colcon.colcon_core.environment:checking '/home/blaine/WayneHacks3/360_Cam_Lidar_Fusion/install/velodyne_msgs/lib'
[0.374s] Level 1:colcon.colcon_core.shell:create_environment_hook('velodyne_msgs', 'ld_library_path_lib')
[0.374s] INFO:colcon.colcon_core.shell:Creating environment hook '/home/blaine/WayneHacks3/360_Cam_Lidar_Fusion/install/velodyne_msgs/share/velodyne_msgs/hook/ld_library_path_lib.ps1'
[0.374s] INFO:colcon.colcon_core.shell:Creating environment descriptor '/home/blaine/WayneHacks3/360_Cam_Lidar_Fusion/install/velodyne_msgs/share/velodyne_msgs/hook/ld_library_path_lib.dsv'
[0.374s] INFO:colcon.colcon_core.shell:Creating environment hook '/home/blaine/WayneHacks3/360_Cam_Lidar_Fusion/install/velodyne_msgs/share/velodyne_msgs/hook/ld_library_path_lib.sh'
[0.374s] Level 1:colcon.colcon_core.environment:checking '/home/blaine/WayneHacks3/360_Cam_Lidar_Fusion/install/velodyne_msgs/bin'
[0.374s] Level 1:colcon.colcon_core.environment:checking '/home/blaine/WayneHacks3/360_Cam_Lidar_Fusion/install/velodyne_msgs/lib/pkgconfig/velodyne_msgs.pc'
[0.374s] Level 1:colcon.colcon_core.environment:checking '/home/blaine/WayneHacks3/360_Cam_Lidar_Fusion/install/velodyne_msgs/lib/python3.10/site-packages'
[0.374s] Level 1:colcon.colcon_core.environment:checking '/home/blaine/WayneHacks3/360_Cam_Lidar_Fusion/install/velodyne_msgs/bin'
[0.375s] INFO:colcon.colcon_core.shell:Creating package script '/home/blaine/WayneHacks3/360_Cam_Lidar_Fusion/install/velodyne_msgs/share/velodyne_msgs/package.ps1'
[0.375s] INFO:colcon.colcon_core.shell:Creating package descriptor '/home/blaine/WayneHacks3/360_Cam_Lidar_Fusion/install/velodyne_msgs/share/velodyne_msgs/package.dsv'
[0.375s] INFO:colcon.colcon_core.shell:Creating package script '/home/blaine/WayneHacks3/360_Cam_Lidar_Fusion/install/velodyne_msgs/share/velodyne_msgs/package.sh'
[0.375s] INFO:colcon.colcon_core.shell:Creating package script '/home/blaine/WayneHacks3/360_Cam_Lidar_Fusion/install/velodyne_msgs/share/velodyne_msgs/package.bash'
[0.375s] INFO:colcon.colcon_core.shell:Creating package script '/home/blaine/WayneHacks3/360_Cam_Lidar_Fusion/install/velodyne_msgs/share/velodyne_msgs/package.zsh'
[0.375s] Level 1:colcon.colcon_core.environment:create_file_with_runtime_dependencies(/home/blaine/WayneHacks3/360_Cam_Lidar_Fusion/install/velodyne_msgs/share/colcon-core/packages/velodyne_msgs)
[0.376s] Level 1:colcon.colcon_core.environment:create_environment_scripts_only(velodyne_msgs)
[0.376s] Level 1:colcon.colcon_core.environment:checking '/home/blaine/WayneHacks3/360_Cam_Lidar_Fusion/install/velodyne_msgs' for CMake module files
[0.376s] Level 1:colcon.colcon_core.environment:checking '/home/blaine/WayneHacks3/360_Cam_Lidar_Fusion/install/velodyne_msgs' for CMake config files
[0.376s] Level 1:colcon.colcon_core.shell:create_environment_hook('velodyne_msgs', 'cmake_prefix_path')
[0.376s] INFO:colcon.colcon_core.shell:Creating environment hook '/home/blaine/WayneHacks3/360_Cam_Lidar_Fusion/install/velodyne_msgs/share/velodyne_msgs/hook/cmake_prefix_path.ps1'
[0.376s] INFO:colcon.colcon_core.shell:Creating environment descriptor '/home/blaine/WayneHacks3/360_Cam_Lidar_Fusion/install/velodyne_msgs/share/velodyne_msgs/hook/cmake_prefix_path.dsv'
[0.376s] INFO:colcon.colcon_core.shell:Creating environment hook '/home/blaine/WayneHacks3/360_Cam_Lidar_Fusion/install/velodyne_msgs/share/velodyne_msgs/hook/cmake_prefix_path.sh'
[0.377s] Level 1:colcon.colcon_core.environment:checking '/home/blaine/WayneHacks3/360_Cam_Lidar_Fusion/install/velodyne_msgs/lib'
[0.377s] Level 1:colcon.colcon_core.shell:create_environment_hook('velodyne_msgs', 'ld_library_path_lib')
[0.377s] INFO:colcon.colcon_core.shell:Creating environment hook '/home/blaine/WayneHacks3/360_Cam_Lidar_Fusion/install/velodyne_msgs/share/velodyne_msgs/hook/ld_library_path_lib.ps1'
[0.377s] INFO:colcon.colcon_core.shell:Creating environment descriptor '/home/blaine/WayneHacks3/360_Cam_Lidar_Fusion/install/velodyne_msgs/share/velodyne_msgs/hook/ld_library_path_lib.dsv'
[0.377s] INFO:colcon.colcon_core.shell:Creating environment hook '/home/blaine/WayneHacks3/360_Cam_Lidar_Fusion/install/velodyne_msgs/share/velodyne_msgs/hook/ld_library_path_lib.sh'
[0.377s] Level 1:colcon.colcon_core.environment:checking '/home/blaine/WayneHacks3/360_Cam_Lidar_Fusion/install/velodyne_msgs/bin'
[0.377s] Level 1:colcon.colcon_core.environment:checking '/home/blaine/WayneHacks3/360_Cam_Lidar_Fusion/install/velodyne_msgs/lib/pkgconfig/velodyne_msgs.pc'
[0.377s] Level 1:colcon.colcon_core.environment:checking '/home/blaine/WayneHacks3/360_Cam_Lidar_Fusion/install/velodyne_msgs/lib/python3.10/site-packages'
[0.377s] Level 1:colcon.colcon_core.environment:checking '/home/blaine/WayneHacks3/360_Cam_Lidar_Fusion/install/velodyne_msgs/bin'
[0.378s] INFO:colcon.colcon_core.shell:Creating package script '/home/blaine/WayneHacks3/360_Cam_Lidar_Fusion/install/velodyne_msgs/share/velodyne_msgs/package.ps1'
[0.378s] INFO:colcon.colcon_core.shell:Creating package descriptor '/home/blaine/WayneHacks3/360_Cam_Lidar_Fusion/install/velodyne_msgs/share/velodyne_msgs/package.dsv'
[0.378s] INFO:colcon.colcon_core.shell:Creating package script '/home/blaine/WayneHacks3/360_Cam_Lidar_Fusion/install/velodyne_msgs/share/velodyne_msgs/package.sh'
[0.378s] INFO:colcon.colcon_core.shell:Creating package script '/home/blaine/WayneHacks3/360_Cam_Lidar_Fusion/install/velodyne_msgs/share/velodyne_msgs/package.bash'
[0.379s] INFO:colcon.colcon_core.shell:Creating package script '/home/blaine/WayneHacks3/360_Cam_Lidar_Fusion/install/velodyne_msgs/share/velodyne_msgs/package.zsh'
[0.379s] Level 1:colcon.colcon_core.environment:create_file_with_runtime_dependencies(/home/blaine/WayneHacks3/360_Cam_Lidar_Fusion/install/velodyne_msgs/share/colcon-core/packages/velodyne_msgs)
[0.379s] INFO:colcon.colcon_ros.task.ament_cmake.build:Building ROS package in '/home/blaine/WayneHacks3/360_Cam_Lidar_Fusion/src/velodyne/velodyne_driver' with build type 'ament_cmake'
[0.379s] INFO:colcon.colcon_cmake.task.cmake.build:Building CMake package in '/home/blaine/WayneHacks3/360_Cam_Lidar_Fusion/src/velodyne/velodyne_driver'
[0.379s] INFO:colcon.colcon_core.shell:Skip shell extension 'powershell' for command environment: Not usable outside of PowerShell
[0.379s] DEBUG:colcon.colcon_core.shell:Skip shell extension 'dsv' for command environment
[0.381s] INFO:colcon.colcon_ros.task.ament_cmake.build:Building ROS package in '/home/blaine/WayneHacks3/360_Cam_Lidar_Fusion/src/velodyne/velodyne_pointcloud' with build type 'ament_cmake'
[0.381s] INFO:colcon.colcon_cmake.task.cmake.build:Building CMake package in '/home/blaine/WayneHacks3/360_Cam_Lidar_Fusion/src/velodyne/velodyne_pointcloud'
[0.381s] INFO:colcon.colcon_core.shell:Skip shell extension 'powershell' for command environment: Not usable outside of PowerShell
[0.382s] DEBUG:colcon.colcon_core.shell:Skip shell extension 'dsv' for command environment
[0.387s] DEBUG:colcon.colcon_core.event_handler.log_command:Invoking command in '/home/blaine/WayneHacks3/360_Cam_Lidar_Fusion/build/velodyne_driver': CMAKE_PREFIX_PATH=/home/blaine/WayneHacks3/360_Cam_Lidar_Fusion/install/velodyne_msgs:/home/blaine/WayneHacks3/360_Cam_Lidar_Fusion/install/velodyne:/home/blaine/WayneHacks3/360_Cam_Lidar_Fusion/install/velodyne_pointcloud:/home/blaine/WayneHacks3/360_Cam_Lidar_Fusion/install/velodyne_driver:/home/blaine/WayneHacks3/360_Cam_Lidar_Fusion/install/velodyne_laserscan:/opt/ros/humble LD_LIBRARY_PATH=/home/blaine/WayneHacks3/360_Cam_Lidar_Fusion/install/velodyne_msgs/lib:/home/blaine/WayneHacks3/360_Cam_Lidar_Fusion/install/velodyne_pointcloud/lib:/home/blaine/WayneHacks3/360_Cam_Lidar_Fusion/install/velodyne_driver/lib:/home/blaine/WayneHacks3/360_Cam_Lidar_Fusion/install/velodyne_laserscan/lib:/opt/ros/humble/opt/rviz_ogre_vendor/lib:/opt/ros/humble/lib/x86_64-linux-gnu:/opt/ros/humble/lib /usr/bin/cmake --build /home/blaine/WayneHacks3/360_Cam_Lidar_Fusion/build/velodyne_driver -- -j32 -l32
[0.390s] DEBUG:colcon.colcon_core.event_handler.log_command:Invoking command in '/home/blaine/WayneHacks3/360_Cam_Lidar_Fusion/build/velodyne_pointcloud': CMAKE_PREFIX_PATH=/home/blaine/WayneHacks3/360_Cam_Lidar_Fusion/install/velodyne_msgs:/home/blaine/WayneHacks3/360_Cam_Lidar_Fusion/install/velodyne:/home/blaine/WayneHacks3/360_Cam_Lidar_Fusion/install/velodyne_pointcloud:/home/blaine/WayneHacks3/360_Cam_Lidar_Fusion/install/velodyne_driver:/home/blaine/WayneHacks3/360_Cam_Lidar_Fusion/install/velodyne_laserscan:/opt/ros/humble LD_LIBRARY_PATH=/home/blaine/WayneHacks3/360_Cam_Lidar_Fusion/install/velodyne_msgs/lib:/home/blaine/WayneHacks3/360_Cam_Lidar_Fusion/install/velodyne_pointcloud/lib:/home/blaine/WayneHacks3/360_Cam_Lidar_Fusion/install/velodyne_driver/lib:/home/blaine/WayneHacks3/360_Cam_Lidar_Fusion/install/velodyne_laserscan/lib:/opt/ros/humble/opt/rviz_ogre_vendor/lib:/opt/ros/humble/lib/x86_64-linux-gnu:/opt/ros/humble/lib /usr/bin/cmake --build /home/blaine/WayneHacks3/360_Cam_Lidar_Fusion/build/velodyne_pointcloud -- -j32 -l32
[0.500s] DEBUG:colcon.colcon_core.event_handler.log_command:Invoked command in '/home/blaine/WayneHacks3/360_Cam_Lidar_Fusion/build/velodyne_driver' returned '0': CMAKE_PREFIX_PATH=/home/blaine/WayneHacks3/360_Cam_Lidar_Fusion/install/velodyne_msgs:/home/blaine/WayneHacks3/360_Cam_Lidar_Fusion/install/velodyne:/home/blaine/WayneHacks3/360_Cam_Lidar_Fusion/install/velodyne_pointcloud:/home/blaine/WayneHacks3/360_Cam_Lidar_Fusion/install/velodyne_driver:/home/blaine/WayneHacks3/360_Cam_Lidar_Fusion/install/velodyne_laserscan:/opt/ros/humble LD_LIBRARY_PATH=/home/blaine/WayneHacks3/360_Cam_Lidar_Fusion/install/velodyne_msgs/lib:/home/blaine/WayneHacks3/360_Cam_Lidar_Fusion/install/velodyne_pointcloud/lib:/home/blaine/WayneHacks3/360_Cam_Lidar_Fusion/install/velodyne_driver/lib:/home/blaine/WayneHacks3/360_Cam_Lidar_Fusion/install/velodyne_laserscan/lib:/opt/ros/humble/opt/rviz_ogre_vendor/lib:/opt/ros/humble/lib/x86_64-linux-gnu:/opt/ros/humble/lib /usr/bin/cmake --build /home/blaine/WayneHacks3/360_Cam_Lidar_Fusion/build/velodyne_driver -- -j32 -l32
[0.502s] DEBUG:colcon.colcon_core.event_handler.log_command:Invoking command in '/home/blaine/WayneHacks3/360_Cam_Lidar_Fusion/build/velodyne_driver': CMAKE_PREFIX_PATH=/home/blaine/WayneHacks3/360_Cam_Lidar_Fusion/install/velodyne_msgs:/home/blaine/WayneHacks3/360_Cam_Lidar_Fusion/install/velodyne:/home/blaine/WayneHacks3/360_Cam_Lidar_Fusion/install/velodyne_pointcloud:/home/blaine/WayneHacks3/360_Cam_Lidar_Fusion/install/velodyne_driver:/home/blaine/WayneHacks3/360_Cam_Lidar_Fusion/install/velodyne_laserscan:/opt/ros/humble LD_LIBRARY_PATH=/home/blaine/WayneHacks3/360_Cam_Lidar_Fusion/install/velodyne_msgs/lib:/home/blaine/WayneHacks3/360_Cam_Lidar_Fusion/install/velodyne_pointcloud/lib:/home/blaine/WayneHacks3/360_Cam_Lidar_Fusion/install/velodyne_driver/lib:/home/blaine/WayneHacks3/360_Cam_Lidar_Fusion/install/velodyne_laserscan/lib:/opt/ros/humble/opt/rviz_ogre_vendor/lib:/opt/ros/humble/lib/x86_64-linux-gnu:/opt/ros/humble/lib /usr/bin/cmake --install /home/blaine/WayneHacks3/360_Cam_Lidar_Fusion/build/velodyne_driver
[0.517s] Level 1:colcon.colcon_core.environment:create_environment_scripts_only(velodyne_driver)
[0.518s] DEBUG:colcon.colcon_core.event_handler.log_command:Invoked command in '/home/blaine/WayneHacks3/360_Cam_Lidar_Fusion/build/velodyne_driver' returned '0': CMAKE_PREFIX_PATH=/home/blaine/WayneHacks3/360_Cam_Lidar_Fusion/install/velodyne_msgs:/home/blaine/WayneHacks3/360_Cam_Lidar_Fusion/install/velodyne:/home/blaine/WayneHacks3/360_Cam_Lidar_Fusion/install/velodyne_pointcloud:/home/blaine/WayneHacks3/360_Cam_Lidar_Fusion/install/velodyne_driver:/home/blaine/WayneHacks3/360_Cam_Lidar_Fusion/install/velodyne_laserscan:/opt/ros/humble LD_LIBRARY_PATH=/home/blaine/WayneHacks3/360_Cam_Lidar_Fusion/install/velodyne_msgs/lib:/home/blaine/WayneHacks3/360_Cam_Lidar_Fusion/install/velodyne_pointcloud/lib:/home/blaine/WayneHacks3/360_Cam_Lidar_Fusion/install/velodyne_driver/lib:/home/blaine/WayneHacks3/360_Cam_Lidar_Fusion/install/velodyne_laserscan/lib:/opt/ros/humble/opt/rviz_ogre_vendor/lib:/opt/ros/humble/lib/x86_64-linux-gnu:/opt/ros/humble/lib /usr/bin/cmake --install /home/blaine/WayneHacks3/360_Cam_Lidar_Fusion/build/velodyne_driver
[0.518s] Level 1:colcon.colcon_core.environment:checking '/home/blaine/WayneHacks3/360_Cam_Lidar_Fusion/install/velodyne_driver' for CMake module files
[0.519s] Level 1:colcon.colcon_core.environment:checking '/home/blaine/WayneHacks3/360_Cam_Lidar_Fusion/install/velodyne_driver' for CMake config files
[0.520s] Level 1:colcon.colcon_core.shell:create_environment_hook('velodyne_driver', 'cmake_prefix_path')
[0.520s] INFO:colcon.colcon_core.shell:Creating environment hook '/home/blaine/WayneHacks3/360_Cam_Lidar_Fusion/install/velodyne_driver/share/velodyne_driver/hook/cmake_prefix_path.ps1'
[0.521s] INFO:colcon.colcon_core.shell:Creating environment descriptor '/home/blaine/WayneHacks3/360_Cam_Lidar_Fusion/install/velodyne_driver/share/velodyne_driver/hook/cmake_prefix_path.dsv'
[0.521s] INFO:colcon.colcon_core.shell:Creating environment hook '/home/blaine/WayneHacks3/360_Cam_Lidar_Fusion/install/velodyne_driver/share/velodyne_driver/hook/cmake_prefix_path.sh'
[0.522s] Level 1:colcon.colcon_core.environment:checking '/home/blaine/WayneHacks3/360_Cam_Lidar_Fusion/install/velodyne_driver/lib'
[0.523s] Level 1:colcon.colcon_core.shell:create_environment_hook('velodyne_driver', 'ld_library_path_lib')
[0.523s] INFO:colcon.colcon_core.shell:Creating environment hook '/home/blaine/WayneHacks3/360_Cam_Lidar_Fusion/install/velodyne_driver/share/velodyne_driver/hook/ld_library_path_lib.ps1'
[0.524s] INFO:colcon.colcon_core.shell:Creating environment descriptor '/home/blaine/WayneHacks3/360_Cam_Lidar_Fusion/install/velodyne_driver/share/velodyne_driver/hook/ld_library_path_lib.dsv'
[0.524s] INFO:colcon.colcon_core.shell:Creating environment hook '/home/blaine/WayneHacks3/360_Cam_Lidar_Fusion/install/velodyne_driver/share/velodyne_driver/hook/ld_library_path_lib.sh'
[0.525s] Level 1:colcon.colcon_core.environment:checking '/home/blaine/WayneHacks3/360_Cam_Lidar_Fusion/install/velodyne_driver/bin'
[0.525s] Level 1:colcon.colcon_core.environment:checking '/home/blaine/WayneHacks3/360_Cam_Lidar_Fusion/install/velodyne_driver/lib/pkgconfig/velodyne_driver.pc'
[0.525s] Level 1:colcon.colcon_core.environment:checking '/home/blaine/WayneHacks3/360_Cam_Lidar_Fusion/install/velodyne_driver/lib/python3.10/site-packages'
[0.526s] Level 1:colcon.colcon_core.environment:checking '/home/blaine/WayneHacks3/360_Cam_Lidar_Fusion/install/velodyne_driver/bin'
[0.526s] INFO:colcon.colcon_core.shell:Creating package script '/home/blaine/WayneHacks3/360_Cam_Lidar_Fusion/install/velodyne_driver/share/velodyne_driver/package.ps1'
[0.527s] INFO:colcon.colcon_core.shell:Creating package descriptor '/home/blaine/WayneHacks3/360_Cam_Lidar_Fusion/install/velodyne_driver/share/velodyne_driver/package.dsv'
[0.527s] INFO:colcon.colcon_core.shell:Creating package script '/home/blaine/WayneHacks3/360_Cam_Lidar_Fusion/install/velodyne_driver/share/velodyne_driver/package.sh'
[0.528s] INFO:colcon.colcon_core.shell:Creating package script '/home/blaine/WayneHacks3/360_Cam_Lidar_Fusion/install/velodyne_driver/share/velodyne_driver/package.bash'
[0.528s] INFO:colcon.colcon_core.shell:Creating package script '/home/blaine/WayneHacks3/360_Cam_Lidar_Fusion/install/velodyne_driver/share/velodyne_driver/package.zsh'
[0.529s] Level 1:colcon.colcon_core.environment:create_file_with_runtime_dependencies(/home/blaine/WayneHacks3/360_Cam_Lidar_Fusion/install/velodyne_driver/share/colcon-core/packages/velodyne_driver)
[0.529s] Level 1:colcon.colcon_core.environment:create_environment_scripts_only(velodyne_driver)
[0.529s] Level 1:colcon.colcon_core.environment:checking '/home/blaine/WayneHacks3/360_Cam_Lidar_Fusion/install/velodyne_driver' for CMake module files
[0.530s] Level 1:colcon.colcon_core.environment:checking '/home/blaine/WayneHacks3/360_Cam_Lidar_Fusion/install/velodyne_driver' for CMake config files
[0.530s] Level 1:colcon.colcon_core.shell:create_environment_hook('velodyne_driver', 'cmake_prefix_path')
[0.530s] INFO:colcon.colcon_core.shell:Creating environment hook '/home/blaine/WayneHacks3/360_Cam_Lidar_Fusion/install/velodyne_driver/share/velodyne_driver/hook/cmake_prefix_path.ps1'
[0.531s] INFO:colcon.colcon_core.shell:Creating environment descriptor '/home/blaine/WayneHacks3/360_Cam_Lidar_Fusion/install/velodyne_driver/share/velodyne_driver/hook/cmake_prefix_path.dsv'
[0.531s] INFO:colcon.colcon_core.shell:Creating environment hook '/home/blaine/WayneHacks3/360_Cam_Lidar_Fusion/install/velodyne_driver/share/velodyne_driver/hook/cmake_prefix_path.sh'
[0.532s] Level 1:colcon.colcon_core.environment:checking '/home/blaine/WayneHacks3/360_Cam_Lidar_Fusion/install/velodyne_driver/lib'
[0.532s] Level 1:colcon.colcon_core.shell:create_environment_hook('velodyne_driver', 'ld_library_path_lib')
[0.532s] INFO:colcon.colcon_core.shell:Creating environment hook '/home/blaine/WayneHacks3/360_Cam_Lidar_Fusion/install/velodyne_driver/share/velodyne_driver/hook/ld_library_path_lib.ps1'
[0.533s] INFO:colcon.colcon_core.shell:Creating environment descriptor '/home/blaine/WayneHacks3/360_Cam_Lidar_Fusion/install/velodyne_driver/share/velodyne_driver/hook/ld_library_path_lib.dsv'
[0.533s] INFO:colcon.colcon_core.shell:Creating environment hook '/home/blaine/WayneHacks3/360_Cam_Lidar_Fusion/install/velodyne_driver/share/velodyne_driver/hook/ld_library_path_lib.sh'
[0.533s] Level 1:colcon.colcon_core.environment:checking '/home/blaine/WayneHacks3/360_Cam_Lidar_Fusion/install/velodyne_driver/bin'
[0.533s] Level 1:colcon.colcon_core.environment:checking '/home/blaine/WayneHacks3/360_Cam_Lidar_Fusion/install/velodyne_driver/lib/pkgconfig/velodyne_driver.pc'
[0.533s] Level 1:colcon.colcon_core.environment:checking '/home/blaine/WayneHacks3/360_Cam_Lidar_Fusion/install/velodyne_driver/lib/python3.10/site-packages'
[0.534s] Level 1:colcon.colcon_core.environment:checking '/home/blaine/WayneHacks3/360_Cam_Lidar_Fusion/install/velodyne_driver/bin'
[0.534s] INFO:colcon.colcon_core.shell:Creating package script '/home/blaine/WayneHacks3/360_Cam_Lidar_Fusion/install/velodyne_driver/share/velodyne_driver/package.ps1'
[0.534s] INFO:colcon.colcon_core.shell:Creating package descriptor '/home/blaine/WayneHacks3/360_Cam_Lidar_Fusion/install/velodyne_driver/share/velodyne_driver/package.dsv'
[0.535s] INFO:colcon.colcon_core.shell:Creating package script '/home/blaine/WayneHacks3/360_Cam_Lidar_Fusion/install/velodyne_driver/share/velodyne_driver/package.sh'
[0.535s] INFO:colcon.colcon_core.shell:Creating package script '/home/blaine/WayneHacks3/360_Cam_Lidar_Fusion/install/velodyne_driver/share/velodyne_driver/package.bash'
[0.536s] INFO:colcon.colcon_core.shell:Creating package script '/home/blaine/WayneHacks3/360_Cam_Lidar_Fusion/install/velodyne_driver/share/velodyne_driver/package.zsh'
[0.536s] Level 1:colcon.colcon_core.environment:create_file_with_runtime_dependencies(/home/blaine/WayneHacks3/360_Cam_Lidar_Fusion/install/velodyne_driver/share/colcon-core/packages/velodyne_driver)
[0.538s] DEBUG:colcon.colcon_core.event_handler.log_command:Invoked command in '/home/blaine/WayneHacks3/360_Cam_Lidar_Fusion/build/velodyne_pointcloud' returned '0': CMAKE_PREFIX_PATH=/home/blaine/WayneHacks3/360_Cam_Lidar_Fusion/install/velodyne_msgs:/home/blaine/WayneHacks3/360_Cam_Lidar_Fusion/install/velodyne:/home/blaine/WayneHacks3/360_Cam_Lidar_Fusion/install/velodyne_pointcloud:/home/blaine/WayneHacks3/360_Cam_Lidar_Fusion/install/velodyne_driver:/home/blaine/WayneHacks3/360_Cam_Lidar_Fusion/install/velodyne_laserscan:/opt/ros/humble LD_LIBRARY_PATH=/home/blaine/WayneHacks3/360_Cam_Lidar_Fusion/install/velodyne_msgs/lib:/home/blaine/WayneHacks3/360_Cam_Lidar_Fusion/install/velodyne_pointcloud/lib:/home/blaine/WayneHacks3/360_Cam_Lidar_Fusion/install/velodyne_driver/lib:/home/blaine/WayneHacks3/360_Cam_Lidar_Fusion/install/velodyne_laserscan/lib:/opt/ros/humble/opt/rviz_ogre_vendor/lib:/opt/ros/humble/lib/x86_64-linux-gnu:/opt/ros/humble/lib /usr/bin/cmake --build /home/blaine/WayneHacks3/360_Cam_Lidar_Fusion/build/velodyne_pointcloud -- -j32 -l32
[0.540s] DEBUG:colcon.colcon_core.event_handler.log_command:Invoking command in '/home/blaine/WayneHacks3/360_Cam_Lidar_Fusion/build/velodyne_pointcloud': CMAKE_PREFIX_PATH=/home/blaine/WayneHacks3/360_Cam_Lidar_Fusion/install/velodyne_msgs:/home/blaine/WayneHacks3/360_Cam_Lidar_Fusion/install/velodyne:/home/blaine/WayneHacks3/360_Cam_Lidar_Fusion/install/velodyne_pointcloud:/home/blaine/WayneHacks3/360_Cam_Lidar_Fusion/install/velodyne_driver:/home/blaine/WayneHacks3/360_Cam_Lidar_Fusion/install/velodyne_laserscan:/opt/ros/humble LD_LIBRARY_PATH=/home/blaine/WayneHacks3/360_Cam_Lidar_Fusion/install/velodyne_msgs/lib:/home/blaine/WayneHacks3/360_Cam_Lidar_Fusion/install/velodyne_pointcloud/lib:/home/blaine/WayneHacks3/360_Cam_Lidar_Fusion/install/velodyne_driver/lib:/home/blaine/WayneHacks3/360_Cam_Lidar_Fusion/install/velodyne_laserscan/lib:/opt/ros/humble/opt/rviz_ogre_vendor/lib:/opt/ros/humble/lib/x86_64-linux-gnu:/opt/ros/humble/lib /usr/bin/cmake --install /home/blaine/WayneHacks3/360_Cam_Lidar_Fusion/build/velodyne_pointcloud
[0.558s] Level 1:colcon.colcon_core.environment:create_environment_scripts_only(velodyne_pointcloud)
[0.558s] Level 1:colcon.colcon_core.environment:checking '/home/blaine/WayneHacks3/360_Cam_Lidar_Fusion/install/velodyne_pointcloud' for CMake module files
[0.558s] DEBUG:colcon.colcon_core.event_handler.log_command:Invoked command in '/home/blaine/WayneHacks3/360_Cam_Lidar_Fusion/build/velodyne_pointcloud' returned '0': CMAKE_PREFIX_PATH=/home/blaine/WayneHacks3/360_Cam_Lidar_Fusion/install/velodyne_msgs:/home/blaine/WayneHacks3/360_Cam_Lidar_Fusion/install/velodyne:/home/blaine/WayneHacks3/360_Cam_Lidar_Fusion/install/velodyne_pointcloud:/home/blaine/WayneHacks3/360_Cam_Lidar_Fusion/install/velodyne_driver:/home/blaine/WayneHacks3/360_Cam_Lidar_Fusion/install/velodyne_laserscan:/opt/ros/humble LD_LIBRARY_PATH=/home/blaine/WayneHacks3/360_Cam_Lidar_Fusion/install/velodyne_msgs/lib:/home/blaine/WayneHacks3/360_Cam_Lidar_Fusion/install/velodyne_pointcloud/lib:/home/blaine/WayneHacks3/360_Cam_Lidar_Fusion/install/velodyne_driver/lib:/home/blaine/WayneHacks3/360_Cam_Lidar_Fusion/install/velodyne_laserscan/lib:/opt/ros/humble/opt/rviz_ogre_vendor/lib:/opt/ros/humble/lib/x86_64-linux-gnu:/opt/ros/humble/lib /usr/bin/cmake --install /home/blaine/WayneHacks3/360_Cam_Lidar_Fusion/build/velodyne_pointcloud
[0.559s] Level 1:colcon.colcon_core.environment:checking '/home/blaine/WayneHacks3/360_Cam_Lidar_Fusion/install/velodyne_pointcloud' for CMake config files
[0.559s] Level 1:colcon.colcon_core.shell:create_environment_hook('velodyne_pointcloud', 'cmake_prefix_path')
[0.559s] INFO:colcon.colcon_core.shell:Creating environment hook '/home/blaine/WayneHacks3/360_Cam_Lidar_Fusion/install/velodyne_pointcloud/share/velodyne_pointcloud/hook/cmake_prefix_path.ps1'
[0.560s] INFO:colcon.colcon_core.shell:Creating environment descriptor '/home/blaine/WayneHacks3/360_Cam_Lidar_Fusion/install/velodyne_pointcloud/share/velodyne_pointcloud/hook/cmake_prefix_path.dsv'
[0.561s] INFO:colcon.colcon_core.shell:Creating environment hook '/home/blaine/WayneHacks3/360_Cam_Lidar_Fusion/install/velodyne_pointcloud/share/velodyne_pointcloud/hook/cmake_prefix_path.sh'
[0.561s] Level 1:colcon.colcon_core.environment:checking '/home/blaine/WayneHacks3/360_Cam_Lidar_Fusion/install/velodyne_pointcloud/lib'
[0.561s] Level 1:colcon.colcon_core.shell:create_environment_hook('velodyne_pointcloud', 'ld_library_path_lib')
[0.562s] INFO:colcon.colcon_core.shell:Creating environment hook '/home/blaine/WayneHacks3/360_Cam_Lidar_Fusion/install/velodyne_pointcloud/share/velodyne_pointcloud/hook/ld_library_path_lib.ps1'
[0.562s] INFO:colcon.colcon_core.shell:Creating environment descriptor '/home/blaine/WayneHacks3/360_Cam_Lidar_Fusion/install/velodyne_pointcloud/share/velodyne_pointcloud/hook/ld_library_path_lib.dsv'
[0.563s] INFO:colcon.colcon_core.shell:Creating environment hook '/home/blaine/WayneHacks3/360_Cam_Lidar_Fusion/install/velodyne_pointcloud/share/velodyne_pointcloud/hook/ld_library_path_lib.sh'
[0.563s] Level 1:colcon.colcon_core.environment:checking '/home/blaine/WayneHacks3/360_Cam_Lidar_Fusion/install/velodyne_pointcloud/bin'
[0.563s] Level 1:colcon.colcon_core.environment:checking '/home/blaine/WayneHacks3/360_Cam_Lidar_Fusion/install/velodyne_pointcloud/lib/pkgconfig/velodyne_pointcloud.pc'
[0.563s] Level 1:colcon.colcon_core.environment:checking '/home/blaine/WayneHacks3/360_Cam_Lidar_Fusion/install/velodyne_pointcloud/lib/python3.10/site-packages'
[0.564s] Level 1:colcon.colcon_core.environment:checking '/home/blaine/WayneHacks3/360_Cam_Lidar_Fusion/install/velodyne_pointcloud/bin'
[0.564s] INFO:colcon.colcon_core.shell:Creating package script '/home/blaine/WayneHacks3/360_Cam_Lidar_Fusion/install/velodyne_pointcloud/share/velodyne_pointcloud/package.ps1'
[0.565s] INFO:colcon.colcon_core.shell:Creating package descriptor '/home/blaine/WayneHacks3/360_Cam_Lidar_Fusion/install/velodyne_pointcloud/share/velodyne_pointcloud/package.dsv'
[0.565s] INFO:colcon.colcon_core.shell:Creating package script '/home/blaine/WayneHacks3/360_Cam_Lidar_Fusion/install/velodyne_pointcloud/share/velodyne_pointcloud/package.sh'
[0.566s] INFO:colcon.colcon_core.shell:Creating package script '/home/blaine/WayneHacks3/360_Cam_Lidar_Fusion/install/velodyne_pointcloud/share/velodyne_pointcloud/package.bash'
[0.566s] INFO:colcon.colcon_core.shell:Creating package script '/home/blaine/WayneHacks3/360_Cam_Lidar_Fusion/install/velodyne_pointcloud/share/velodyne_pointcloud/package.zsh'
[0.566s] Level 1:colcon.colcon_core.environment:create_file_with_runtime_dependencies(/home/blaine/WayneHacks3/360_Cam_Lidar_Fusion/install/velodyne_pointcloud/share/colcon-core/packages/velodyne_pointcloud)
[0.567s] Level 1:colcon.colcon_core.environment:create_environment_scripts_only(velodyne_pointcloud)
[0.567s] Level 1:colcon.colcon_core.environment:checking '/home/blaine/WayneHacks3/360_Cam_Lidar_Fusion/install/velodyne_pointcloud' for CMake module files
[0.568s] Level 1:colcon.colcon_core.environment:checking '/home/blaine/WayneHacks3/360_Cam_Lidar_Fusion/install/velodyne_pointcloud' for CMake config files
[0.568s] Level 1:colcon.colcon_core.shell:create_environment_hook('velodyne_pointcloud', 'cmake_prefix_path')
[0.568s] INFO:colcon.colcon_core.shell:Creating environment hook '/home/blaine/WayneHacks3/360_Cam_Lidar_Fusion/install/velodyne_pointcloud/share/velodyne_pointcloud/hook/cmake_prefix_path.ps1'
[0.569s] INFO:colcon.colcon_core.shell:Creating environment descriptor '/home/blaine/WayneHacks3/360_Cam_Lidar_Fusion/install/velodyne_pointcloud/share/velodyne_pointcloud/hook/cmake_prefix_path.dsv'
[0.569s] INFO:colcon.colcon_core.shell:Creating environment hook '/home/blaine/WayneHacks3/360_Cam_Lidar_Fusion/install/velodyne_pointcloud/share/velodyne_pointcloud/hook/cmake_prefix_path.sh'
[0.570s] Level 1:colcon.colcon_core.environment:checking '/home/blaine/WayneHacks3/360_Cam_Lidar_Fusion/install/velodyne_pointcloud/lib'
[0.570s] Level 1:colcon.colcon_core.shell:create_environment_hook('velodyne_pointcloud', 'ld_library_path_lib')
[0.570s] INFO:colcon.colcon_core.shell:Creating environment hook '/home/blaine/WayneHacks3/360_Cam_Lidar_Fusion/install/velodyne_pointcloud/share/velodyne_pointcloud/hook/ld_library_path_lib.ps1'
[0.570s] INFO:colcon.colcon_core.shell:Creating environment descriptor '/home/blaine/WayneHacks3/360_Cam_Lidar_Fusion/install/velodyne_pointcloud/share/velodyne_pointcloud/hook/ld_library_path_lib.dsv'
[0.570s] INFO:colcon.colcon_core.shell:Creating environment hook '/home/blaine/WayneHacks3/360_Cam_Lidar_Fusion/install/velodyne_pointcloud/share/velodyne_pointcloud/hook/ld_library_path_lib.sh'
[0.571s] Level 1:colcon.colcon_core.environment:checking '/home/blaine/WayneHacks3/360_Cam_Lidar_Fusion/install/velodyne_pointcloud/bin'
[0.571s] Level 1:colcon.colcon_core.environment:checking '/home/blaine/WayneHacks3/360_Cam_Lidar_Fusion/install/velodyne_pointcloud/lib/pkgconfig/velodyne_pointcloud.pc'
[0.571s] Level 1:colcon.colcon_core.environment:checking '/home/blaine/WayneHacks3/360_Cam_Lidar_Fusion/install/velodyne_pointcloud/lib/python3.10/site-packages'
[0.571s] Level 1:colcon.colcon_core.environment:checking '/home/blaine/WayneHacks3/360_Cam_Lidar_Fusion/install/velodyne_pointcloud/bin'
[0.571s] INFO:colcon.colcon_core.shell:Creating package script '/home/blaine/WayneHacks3/360_Cam_Lidar_Fusion/install/velodyne_pointcloud/share/velodyne_pointcloud/package.ps1'
[0.572s] INFO:colcon.colcon_core.shell:Creating package descriptor '/home/blaine/WayneHacks3/360_Cam_Lidar_Fusion/install/velodyne_pointcloud/share/velodyne_pointcloud/package.dsv'
[0.572s] INFO:colcon.colcon_core.shell:Creating package script '/home/blaine/WayneHacks3/360_Cam_Lidar_Fusion/install/velodyne_pointcloud/share/velodyne_pointcloud/package.sh'
[0.573s] INFO:colcon.colcon_core.shell:Creating package script '/home/blaine/WayneHacks3/360_Cam_Lidar_Fusion/install/velodyne_pointcloud/share/velodyne_pointcloud/package.bash'
[0.573s] INFO:colcon.colcon_core.shell:Creating package script '/home/blaine/WayneHacks3/360_Cam_Lidar_Fusion/install/velodyne_pointcloud/share/velodyne_pointcloud/package.zsh'
[0.573s] Level 1:colcon.colcon_core.environment:create_file_with_runtime_dependencies(/home/blaine/WayneHacks3/360_Cam_Lidar_Fusion/install/velodyne_pointcloud/share/colcon-core/packages/velodyne_pointcloud)
[0.573s] INFO:colcon.colcon_ros.task.ament_cmake.build:Building ROS package in '/home/blaine/WayneHacks3/360_Cam_Lidar_Fusion/src/velodyne/velodyne' with build type 'ament_cmake'
[0.573s] INFO:colcon.colcon_cmake.task.cmake.build:Building CMake package in '/home/blaine/WayneHacks3/360_Cam_Lidar_Fusion/src/velodyne/velodyne'
[0.573s] INFO:colcon.colcon_core.shell:Skip shell extension 'powershell' for command environment: Not usable outside of PowerShell
[0.574s] DEBUG:colcon.colcon_core.shell:Skip shell extension 'dsv' for command environment
[0.593s] DEBUG:colcon.colcon_core.event_handler.log_command:Invoking command in '/home/blaine/WayneHacks3/360_Cam_Lidar_Fusion/build/velodyne': CMAKE_PREFIX_PATH=/home/blaine/WayneHacks3/360_Cam_Lidar_Fusion/install/velodyne_pointcloud:/home/blaine/WayneHacks3/360_Cam_Lidar_Fusion/install/velodyne_driver:/home/blaine/WayneHacks3/360_Cam_Lidar_Fusion/install/velodyne_msgs:/home/blaine/WayneHacks3/360_Cam_Lidar_Fusion/install/velodyne_laserscan:/home/blaine/WayneHacks3/360_Cam_Lidar_Fusion/install/velodyne:/opt/ros/humble /usr/bin/cmake --build /home/blaine/WayneHacks3/360_Cam_Lidar_Fusion/build/velodyne -- -j32 -l32
[0.640s] DEBUG:colcon.colcon_core.event_handler.log_command:Invoked command in '/home/blaine/WayneHacks3/360_Cam_Lidar_Fusion/build/velodyne' returned '0': CMAKE_PREFIX_PATH=/home/blaine/WayneHacks3/360_Cam_Lidar_Fusion/install/velodyne_pointcloud:/home/blaine/WayneHacks3/360_Cam_Lidar_Fusion/install/velodyne_driver:/home/blaine/WayneHacks3/360_Cam_Lidar_Fusion/install/velodyne_msgs:/home/blaine/WayneHacks3/360_Cam_Lidar_Fusion/install/velodyne_laserscan:/home/blaine/WayneHacks3/360_Cam_Lidar_Fusion/install/velodyne:/opt/ros/humble /usr/bin/cmake --build /home/blaine/WayneHacks3/360_Cam_Lidar_Fusion/build/velodyne -- -j32 -l32
[0.643s] DEBUG:colcon.colcon_core.event_handler.log_command:Invoking command in '/home/blaine/WayneHacks3/360_Cam_Lidar_Fusion/build/velodyne': CMAKE_PREFIX_PATH=/home/blaine/WayneHacks3/360_Cam_Lidar_Fusion/install/velodyne_pointcloud:/home/blaine/WayneHacks3/360_Cam_Lidar_Fusion/install/velodyne_driver:/home/blaine/WayneHacks3/360_Cam_Lidar_Fusion/install/velodyne_msgs:/home/blaine/WayneHacks3/360_Cam_Lidar_Fusion/install/velodyne_laserscan:/home/blaine/WayneHacks3/360_Cam_Lidar_Fusion/install/velodyne:/opt/ros/humble /usr/bin/cmake --install /home/blaine/WayneHacks3/360_Cam_Lidar_Fusion/build/velodyne
[0.656s] Level 1:colcon.colcon_core.environment:create_environment_scripts_only(velodyne)
[0.657s] DEBUG:colcon.colcon_core.event_handler.log_command:Invoked command in '/home/blaine/WayneHacks3/360_Cam_Lidar_Fusion/build/velodyne' returned '0': CMAKE_PREFIX_PATH=/home/blaine/WayneHacks3/360_Cam_Lidar_Fusion/install/velodyne_pointcloud:/home/blaine/WayneHacks3/360_Cam_Lidar_Fusion/install/velodyne_driver:/home/blaine/WayneHacks3/360_Cam_Lidar_Fusion/install/velodyne_msgs:/home/blaine/WayneHacks3/360_Cam_Lidar_Fusion/install/velodyne_laserscan:/home/blaine/WayneHacks3/360_Cam_Lidar_Fusion/install/velodyne:/opt/ros/humble /usr/bin/cmake --install /home/blaine/WayneHacks3/360_Cam_Lidar_Fusion/build/velodyne
[0.657s] Level 1:colcon.colcon_core.environment:checking '/home/blaine/WayneHacks3/360_Cam_Lidar_Fusion/install/velodyne' for CMake module files
[0.658s] Level 1:colcon.colcon_core.environment:checking '/home/blaine/WayneHacks3/360_Cam_Lidar_Fusion/install/velodyne' for CMake config files
[0.658s] Level 1:colcon.colcon_core.shell:create_environment_hook('velodyne', 'cmake_prefix_path')
[0.659s] INFO:colcon.colcon_core.shell:Creating environment hook '/home/blaine/WayneHacks3/360_Cam_Lidar_Fusion/install/velodyne/share/velodyne/hook/cmake_prefix_path.ps1'
[0.659s] INFO:colcon.colcon_core.shell:Creating environment descriptor '/home/blaine/WayneHacks3/360_Cam_Lidar_Fusion/install/velodyne/share/velodyne/hook/cmake_prefix_path.dsv'
[0.660s] INFO:colcon.colcon_core.shell:Creating environment hook '/home/blaine/WayneHacks3/360_Cam_Lidar_Fusion/install/velodyne/share/velodyne/hook/cmake_prefix_path.sh'
[0.660s] Level 1:colcon.colcon_core.environment:checking '/home/blaine/WayneHacks3/360_Cam_Lidar_Fusion/install/velodyne/bin'
[0.661s] Level 1:colcon.colcon_core.environment:checking '/home/blaine/WayneHacks3/360_Cam_Lidar_Fusion/install/velodyne/lib/pkgconfig/velodyne.pc'
[0.661s] Level 1:colcon.colcon_core.environment:checking '/home/blaine/WayneHacks3/360_Cam_Lidar_Fusion/install/velodyne/lib/python3.10/site-packages'
[0.661s] Level 1:colcon.colcon_core.environment:checking '/home/blaine/WayneHacks3/360_Cam_Lidar_Fusion/install/velodyne/bin'
[0.662s] INFO:colcon.colcon_core.shell:Creating package script '/home/blaine/WayneHacks3/360_Cam_Lidar_Fusion/install/velodyne/share/velodyne/package.ps1'
[0.662s] INFO:colcon.colcon_core.shell:Creating package descriptor '/home/blaine/WayneHacks3/360_Cam_Lidar_Fusion/install/velodyne/share/velodyne/package.dsv'
[0.663s] INFO:colcon.colcon_core.shell:Creating package script '/home/blaine/WayneHacks3/360_Cam_Lidar_Fusion/install/velodyne/share/velodyne/package.sh'
[0.663s] INFO:colcon.colcon_core.shell:Creating package script '/home/blaine/WayneHacks3/360_Cam_Lidar_Fusion/install/velodyne/share/velodyne/package.bash'
[0.664s] INFO:colcon.colcon_core.shell:Creating package script '/home/blaine/WayneHacks3/360_Cam_Lidar_Fusion/install/velodyne/share/velodyne/package.zsh'
[0.664s] Level 1:colcon.colcon_core.environment:create_file_with_runtime_dependencies(/home/blaine/WayneHacks3/360_Cam_Lidar_Fusion/install/velodyne/share/colcon-core/packages/velodyne)
[0.665s] Level 1:colcon.colcon_core.environment:create_environment_scripts_only(velodyne)
[0.665s] Level 1:colcon.colcon_core.environment:checking '/home/blaine/WayneHacks3/360_Cam_Lidar_Fusion/install/velodyne' for CMake module files
[0.665s] Level 1:colcon.colcon_core.environment:checking '/home/blaine/WayneHacks3/360_Cam_Lidar_Fusion/install/velodyne' for CMake config files
[0.666s] Level 1:colcon.colcon_core.shell:create_environment_hook('velodyne', 'cmake_prefix_path')
[0.666s] INFO:colcon.colcon_core.shell:Creating environment hook '/home/blaine/WayneHacks3/360_Cam_Lidar_Fusion/install/velodyne/share/velodyne/hook/cmake_prefix_path.ps1'
[0.666s] INFO:colcon.colcon_core.shell:Creating environment descriptor '/home/blaine/WayneHacks3/360_Cam_Lidar_Fusion/install/velodyne/share/velodyne/hook/cmake_prefix_path.dsv'
[0.666s] INFO:colcon.colcon_core.shell:Creating environment hook '/home/blaine/WayneHacks3/360_Cam_Lidar_Fusion/install/velodyne/share/velodyne/hook/cmake_prefix_path.sh'
[0.667s] Level 1:colcon.colcon_core.environment:checking '/home/blaine/WayneHacks3/360_Cam_Lidar_Fusion/install/velodyne/bin'
[0.667s] Level 1:colcon.colcon_core.environment:checking '/home/blaine/WayneHacks3/360_Cam_Lidar_Fusion/install/velodyne/lib/pkgconfig/velodyne.pc'
[0.667s] Level 1:colcon.colcon_core.environment:checking '/home/blaine/WayneHacks3/360_Cam_Lidar_Fusion/install/velodyne/lib/python3.10/site-packages'
[0.667s] Level 1:colcon.colcon_core.environment:checking '/home/blaine/WayneHacks3/360_Cam_Lidar_Fusion/install/velodyne/bin'
[0.668s] INFO:colcon.colcon_core.shell:Creating package script '/home/blaine/WayneHacks3/360_Cam_Lidar_Fusion/install/velodyne/share/velodyne/package.ps1'
[0.668s] INFO:colcon.colcon_core.shell:Creating package descriptor '/home/blaine/WayneHacks3/360_Cam_Lidar_Fusion/install/velodyne/share/velodyne/package.dsv'
[0.668s] INFO:colcon.colcon_core.shell:Creating package script '/home/blaine/WayneHacks3/360_Cam_Lidar_Fusion/install/velodyne/share/velodyne/package.sh'
[0.669s] INFO:colcon.colcon_core.shell:Creating package script '/home/blaine/WayneHacks3/360_Cam_Lidar_Fusion/install/velodyne/share/velodyne/package.bash'
[0.669s] INFO:colcon.colcon_core.shell:Creating package script '/home/blaine/WayneHacks3/360_Cam_Lidar_Fusion/install/velodyne/share/velodyne/package.zsh'
[0.669s] Level 1:colcon.colcon_core.environment:create_file_with_runtime_dependencies(/home/blaine/WayneHacks3/360_Cam_Lidar_Fusion/install/velodyne/share/colcon-core/packages/velodyne)
[0.669s] DEBUG:colcon.colcon_parallel_executor.executor.parallel:closing loop
[0.669s] DEBUG:colcon.colcon_parallel_executor.executor.parallel:loop closed
[0.669s] DEBUG:colcon.colcon_parallel_executor.executor.parallel:run_until_complete finished with '0'
[0.669s] DEBUG:colcon.colcon_core.event_reactor:joining thread
[0.673s] INFO:colcon.colcon_core.plugin_system:Skipping extension 'colcon_notification.desktop_notification.terminal_notifier': Not used on non-Darwin systems
[0.673s] INFO:colcon.colcon_core.plugin_system:Skipping extension 'colcon_notification.desktop_notification.win32': Not used on non-Windows systems
[0.673s] INFO:colcon.colcon_notification.desktop_notification:Sending desktop notification using 'notify2'
[0.691s] DEBUG:colcon.colcon_core.event_reactor:joined thread
[0.692s] INFO:colcon.colcon_core.shell:Creating prefix script '/home/blaine/WayneHacks3/360_Cam_Lidar_Fusion/install/local_setup.ps1'
[0.693s] INFO:colcon.colcon_core.shell:Creating prefix util module '/home/blaine/WayneHacks3/360_Cam_Lidar_Fusion/install/_local_setup_util_ps1.py'
[0.696s] INFO:colcon.colcon_core.shell:Creating prefix chain script '/home/blaine/WayneHacks3/360_Cam_Lidar_Fusion/install/setup.ps1'
[0.698s] INFO:colcon.colcon_core.shell:Creating prefix script '/home/blaine/WayneHacks3/360_Cam_Lidar_Fusion/install/local_setup.sh'
[0.698s] INFO:colcon.colcon_core.shell:Creating prefix util module '/home/blaine/WayneHacks3/360_Cam_Lidar_Fusion/install/_local_setup_util_sh.py'
[0.699s] INFO:colcon.colcon_core.shell:Creating prefix chain script '/home/blaine/WayneHacks3/360_Cam_Lidar_Fusion/install/setup.sh'
[0.701s] INFO:colcon.colcon_core.shell:Creating prefix script '/home/blaine/WayneHacks3/360_Cam_Lidar_Fusion/install/local_setup.bash'
[0.701s] INFO:colcon.colcon_core.shell:Creating prefix chain script '/home/blaine/WayneHacks3/360_Cam_Lidar_Fusion/install/setup.bash'
[0.703s] INFO:colcon.colcon_core.shell:Creating prefix script '/home/blaine/WayneHacks3/360_Cam_Lidar_Fusion/install/local_setup.zsh'
[0.704s] INFO:colcon.colcon_core.shell:Creating prefix chain script '/home/blaine/WayneHacks3/360_Cam_Lidar_Fusion/install/setup.zsh'
