[0.053s] DEBUG:colcon:Command line arguments: ['/usr/bin/colcon', 'build']
[0.053s] DEBUG:colcon:Parsed command line arguments: Namespace(log_base=None, log_level=None, verb_name='build', build_base='build', install_base='install', merge_install=False, symlink_install=False, test_result_base=None, continue_on_error=False, executor='parallel', parallel_workers=32, event_handlers=None, ignore_user_meta=False, metas=['./colcon.meta'], base_paths=['.'], packages_ignore=None, packages_ignore_regex=None, paths=None, packages_up_to=None, packages_up_to_regex=None, packages_above=None, packages_above_and_dependencies=None, packages_above_depth=None, packages_select_by_dep=None, packages_skip_by_dep=None, packages_skip_up_to=None, packages_select_build_failed=False, packages_skip_build_finished=False, packages_select_test_failures=False, packages_skip_test_passed=False, packages_select=None, packages_skip=None, packages_select_regex=None, packages_skip_regex=None, packages_start=None, packages_end=None, allow_overriding=[], cmake_args=None, cmake_target=None, cmake_target_skip_unavailable=False, cmake_clean_cache=False, cmake_clean_first=False, cmake_force_configure=False, ament_cmake_args=None, catkin_cmake_args=None, catkin_skip_building_tests=False, mixin_files=None, mixin=None, verb_parser=<colcon_mixin.mixin.mixin_argument.MixinArgumentDecorator object at 0x766a5b8bdd80>, verb_extension=<colcon_core.verb.build.BuildVerb object at 0x766a5b8bd840>, main=<bound method BuildVerb.main of <colcon_core.verb.build.BuildVerb object at 0x766a5b8bd840>>, mixin_verb=('build',))
[0.116s] Level 1:colcon.colcon_core.package_discovery:discover_packages(colcon_meta) check parameters
[0.116s] Level 1:colcon.colcon_core.package_discovery:discover_packages(recursive) check parameters
[0.116s] Level 1:colcon.colcon_core.package_discovery:discover_packages(ignore) check parameters
[0.116s] Level 1:colcon.colcon_core.package_discovery:discover_packages(path) check parameters
[0.116s] Level 1:colcon.colcon_core.package_discovery:discover_packages(colcon_meta) discover
[0.116s] Level 1:colcon.colcon_core.package_discovery:discover_packages(recursive) discover
[0.116s] INFO:colcon.colcon_core.package_discovery:Crawling recursively for packages in '/home/blaine/WayneHacks3/360_Cam_Lidar_Fusion'
[0.116s] Level 1:colcon.colcon_core.package_identification:_identify(.) by extensions ['ignore', 'ignore_ament_install']
[0.116s] Level 1:colcon.colcon_core.package_identification:_identify(.) by extension 'ignore'
[0.116s] Level 1:colcon.colcon_core.package_identification:_identify(.) by extension 'ignore_ament_install'
[0.116s] Level 1:colcon.colcon_core.package_identification:_identify(.) by extensions ['colcon_pkg']
[0.116s] Level 1:colcon.colcon_core.package_identification:_identify(.) by extension 'colcon_pkg'
[0.116s] Level 1:colcon.colcon_core.package_identification:_identify(.) by extensions ['colcon_meta']
[0.116s] Level 1:colcon.colcon_core.package_identification:_identify(.) by extension 'colcon_meta'
[0.116s] Level 1:colcon.colcon_core.package_identification:_identify(.) by extensions ['ros']
[0.116s] Level 1:colcon.colcon_core.package_identification:_identify(.) by extension 'ros'
[0.121s] Level 1:colcon.colcon_core.package_identification:_identify(.) by extensions ['cmake', 'python']
[0.121s] Level 1:colcon.colcon_core.package_identification:_identify(.) by extension 'cmake'
[0.121s] Level 1:colcon.colcon_core.package_identification:_identify(.) by extension 'python'
[0.121s] Level 1:colcon.colcon_core.package_identification:_identify(.) by extensions ['python_setup_py']
[0.121s] Level 1:colcon.colcon_core.package_identification:_identify(.) by extension 'python_setup_py'
[0.121s] Level 1:colcon.colcon_core.package_identification:_identify(build) by extensions ['ignore', 'ignore_ament_install']
[0.121s] Level 1:colcon.colcon_core.package_identification:_identify(build) by extension 'ignore'
[0.121s] Level 1:colcon.colcon_core.package_identification:_identify(build) ignored
[0.121s] Level 1:colcon.colcon_core.package_identification:_identify(install) by extensions ['ignore', 'ignore_ament_install']
[0.122s] Level 1:colcon.colcon_core.package_identification:_identify(install) by extension 'ignore'
[0.122s] Level 1:colcon.colcon_core.package_identification:_identify(install) ignored
[0.122s] Level 1:colcon.colcon_core.package_identification:_identify(log) by extensions ['ignore', 'ignore_ament_install']
[0.122s] Level 1:colcon.colcon_core.package_identification:_identify(log) by extension 'ignore'
[0.122s] Level 1:colcon.colcon_core.package_identification:_identify(log) ignored
[0.122s] Level 1:colcon.colcon_core.package_identification:_identify(src) by extensions ['ignore', 'ignore_ament_install']
[0.122s] Level 1:colcon.colcon_core.package_identification:_identify(src) by extension 'ignore'
[0.122s] Level 1:colcon.colcon_core.package_identification:_identify(src) by extension 'ignore_ament_install'
[0.122s] Level 1:colcon.colcon_core.package_identification:_identify(src) by extensions ['colcon_pkg']
[0.122s] Level 1:colcon.colcon_core.package_identification:_identify(src) by extension 'colcon_pkg'
[0.122s] Level 1:colcon.colcon_core.package_identification:_identify(src) by extensions ['colcon_meta']
[0.122s] Level 1:colcon.colcon_core.package_identification:_identify(src) by extension 'colcon_meta'
[0.122s] Level 1:colcon.colcon_core.package_identification:_identify(src) by extensions ['ros']
[0.122s] Level 1:colcon.colcon_core.package_identification:_identify(src) by extension 'ros'
[0.122s] Level 1:colcon.colcon_core.package_identification:_identify(src) by extensions ['cmake', 'python']
[0.122s] Level 1:colcon.colcon_core.package_identification:_identify(src) by extension 'cmake'
[0.122s] Level 1:colcon.colcon_core.package_identification:_identify(src) by extension 'python'
[0.122s] Level 1:colcon.colcon_core.package_identification:_identify(src) by extensions ['python_setup_py']
[0.122s] Level 1:colcon.colcon_core.package_identification:_identify(src) by extension 'python_setup_py'
[0.122s] Level 1:colcon.colcon_core.package_identification:_identify(src/fusion) by extensions ['ignore', 'ignore_ament_install']
[0.122s] Level 1:colcon.colcon_core.package_identification:_identify(src/fusion) by extension 'ignore'
[0.122s] Level 1:colcon.colcon_core.package_identification:_identify(src/fusion) by extension 'ignore_ament_install'
[0.122s] Level 1:colcon.colcon_core.package_identification:_identify(src/fusion) by extensions ['colcon_pkg']
[0.122s] Level 1:colcon.colcon_core.package_identification:_identify(src/fusion) by extension 'colcon_pkg'
[0.122s] Level 1:colcon.colcon_core.package_identification:_identify(src/fusion) by extensions ['colcon_meta']
[0.122s] Level 1:colcon.colcon_core.package_identification:_identify(src/fusion) by extension 'colcon_meta'
[0.122s] Level 1:colcon.colcon_core.package_identification:_identify(src/fusion) by extensions ['ros']
[0.122s] Level 1:colcon.colcon_core.package_identification:_identify(src/fusion) by extension 'ros'
[0.123s] DEBUG:colcon.colcon_core.package_identification:Package 'src/fusion' with type 'ros.ament_python' and name 'fusion'
[0.123s] Level 1:colcon.colcon_core.package_identification:_identify(src/velodyne) by extensions ['ignore', 'ignore_ament_install']
[0.123s] Level 1:colcon.colcon_core.package_identification:_identify(src/velodyne) by extension 'ignore'
[0.123s] Level 1:colcon.colcon_core.package_identification:_identify(src/velodyne) by extension 'ignore_ament_install'
[0.123s] Level 1:colcon.colcon_core.package_identification:_identify(src/velodyne) by extensions ['colcon_pkg']
[0.123s] Level 1:colcon.colcon_core.package_identification:_identify(src/velodyne) by extension 'colcon_pkg'
[0.123s] Level 1:colcon.colcon_core.package_identification:_identify(src/velodyne) by extensions ['colcon_meta']
[0.123s] Level 1:colcon.colcon_core.package_identification:_identify(src/velodyne) by extension 'colcon_meta'
[0.123s] Level 1:colcon.colcon_core.package_identification:_identify(src/velodyne) by extensions ['ros']
[0.123s] Level 1:colcon.colcon_core.package_identification:_identify(src/velodyne) by extension 'ros'
[0.123s] Level 1:colcon.colcon_core.package_identification:_identify(src/velodyne) by extensions ['cmake', 'python']
[0.123s] Level 1:colcon.colcon_core.package_identification:_identify(src/velodyne) by extension 'cmake'
[0.123s] Level 1:colcon.colcon_core.package_identification:_identify(src/velodyne) by extension 'python'
[0.123s] Level 1:colcon.colcon_core.package_identification:_identify(src/velodyne) by extensions ['python_setup_py']
[0.123s] Level 1:colcon.colcon_core.package_identification:_identify(src/velodyne) by extension 'python_setup_py'
[0.123s] Level 1:colcon.colcon_core.package_identification:_identify(src/velodyne/velodyne) by extensions ['ignore', 'ignore_ament_install']
[0.123s] Level 1:colcon.colcon_core.package_identification:_identify(src/velodyne/velodyne) by extension 'ignore'
[0.123s] Level 1:colcon.colcon_core.package_identification:_identify(src/velodyne/velodyne) by extension 'ignore_ament_install'
[0.123s] Level 1:colcon.colcon_core.package_identification:_identify(src/velodyne/velodyne) by extensions ['colcon_pkg']
[0.123s] Level 1:colcon.colcon_core.package_identification:_identify(src/velodyne/velodyne) by extension 'colcon_pkg'
[0.123s] Level 1:colcon.colcon_core.package_identification:_identify(src/velodyne/velodyne) by extensions ['colcon_meta']
[0.123s] Level 1:colcon.colcon_core.package_identification:_identify(src/velodyne/velodyne) by extension 'colcon_meta'
[0.123s] Level 1:colcon.colcon_core.package_identification:_identify(src/velodyne/velodyne) by extensions ['ros']
[0.123s] Level 1:colcon.colcon_core.package_identification:_identify(src/velodyne/velodyne) by extension 'ros'
[0.124s] DEBUG:colcon.colcon_core.package_identification:Package 'src/velodyne/velodyne' with type 'ros.ament_cmake' and name 'velodyne'
[0.124s] Level 1:colcon.colcon_core.package_identification:_identify(src/velodyne/velodyne_driver) by extensions ['ignore', 'ignore_ament_install']
[0.124s] Level 1:colcon.colcon_core.package_identification:_identify(src/velodyne/velodyne_driver) by extension 'ignore'
[0.124s] Level 1:colcon.colcon_core.package_identification:_identify(src/velodyne/velodyne_driver) by extension 'ignore_ament_install'
[0.124s] Level 1:colcon.colcon_core.package_identification:_identify(src/velodyne/velodyne_driver) by extensions ['colcon_pkg']
[0.124s] Level 1:colcon.colcon_core.package_identification:_identify(src/velodyne/velodyne_driver) by extension 'colcon_pkg'
[0.124s] Level 1:colcon.colcon_core.package_identification:_identify(src/velodyne/velodyne_driver) by extensions ['colcon_meta']
[0.124s] Level 1:colcon.colcon_core.package_identification:_identify(src/velodyne/velodyne_driver) by extension 'colcon_meta'
[0.124s] Level 1:colcon.colcon_core.package_identification:_identify(src/velodyne/velodyne_driver) by extensions ['ros']
[0.124s] Level 1:colcon.colcon_core.package_identification:_identify(src/velodyne/velodyne_driver) by extension 'ros'
[0.124s] DEBUG:colcon.colcon_core.package_identification:Package 'src/velodyne/velodyne_driver' with type 'ros.ament_cmake' and name 'velodyne_driver'
[0.124s] Level 1:colcon.colcon_core.package_identification:_identify(src/velodyne/velodyne_laserscan) by extensions ['ignore', 'ignore_ament_install']
[0.124s] Level 1:colcon.colcon_core.package_identification:_identify(src/velodyne/velodyne_laserscan) by extension 'ignore'
[0.124s] Level 1:colcon.colcon_core.package_identification:_identify(src/velodyne/velodyne_laserscan) by extension 'ignore_ament_install'
[0.124s] Level 1:colcon.colcon_core.package_identification:_identify(src/velodyne/velodyne_laserscan) by extensions ['colcon_pkg']
[0.124s] Level 1:colcon.colcon_core.package_identification:_identify(src/velodyne/velodyne_laserscan) by extension 'colcon_pkg'
[0.124s] Level 1:colcon.colcon_core.package_identification:_identify(src/velodyne/velodyne_laserscan) by extensions ['colcon_meta']
[0.125s] Level 1:colcon.colcon_core.package_identification:_identify(src/velodyne/velodyne_laserscan) by extension 'colcon_meta'
[0.125s] Level 1:colcon.colcon_core.package_identification:_identify(src/velodyne/velodyne_laserscan) by extensions ['ros']
[0.125s] Level 1:colcon.colcon_core.package_identification:_identify(src/velodyne/velodyne_laserscan) by extension 'ros'
[0.125s] DEBUG:colcon.colcon_core.package_identification:Package 'src/velodyne/velodyne_laserscan' with type 'ros.ament_cmake' and name 'velodyne_laserscan'
[0.125s] Level 1:colcon.colcon_core.package_identification:_identify(src/velodyne/velodyne_msgs) by extensions ['ignore', 'ignore_ament_install']
[0.125s] Level 1:colcon.colcon_core.package_identification:_identify(src/velodyne/velodyne_msgs) by extension 'ignore'
[0.125s] Level 1:colcon.colcon_core.package_identification:_identify(src/velodyne/velodyne_msgs) by extension 'ignore_ament_install'
[0.125s] Level 1:colcon.colcon_core.package_identification:_identify(src/velodyne/velodyne_msgs) by extensions ['colcon_pkg']
[0.125s] Level 1:colcon.colcon_core.package_identification:_identify(src/velodyne/velodyne_msgs) by extension 'colcon_pkg'
[0.125s] Level 1:colcon.colcon_core.package_identification:_identify(src/velodyne/velodyne_msgs) by extensions ['colcon_meta']
[0.125s] Level 1:colcon.colcon_core.package_identification:_identify(src/velodyne/velodyne_msgs) by extension 'colcon_meta'
[0.125s] Level 1:colcon.colcon_core.package_identification:_identify(src/velodyne/velodyne_msgs) by extensions ['ros']
[0.125s] Level 1:colcon.colcon_core.package_identification:_identify(src/velodyne/velodyne_msgs) by extension 'ros'
[0.125s] DEBUG:colcon.colcon_core.package_identification:Package 'src/velodyne/velodyne_msgs' with type 'ros.ament_cmake' and name 'velodyne_msgs'
[0.125s] Level 1:colcon.colcon_core.package_identification:_identify(src/velodyne/velodyne_pointcloud) by extensions ['ignore', 'ignore_ament_install']
[0.125s] Level 1:colcon.colcon_core.package_identification:_identify(src/velodyne/velodyne_pointcloud) by extension 'ignore'
[0.125s] Level 1:colcon.colcon_core.package_identification:_identify(src/velodyne/velodyne_pointcloud) by extension 'ignore_ament_install'
[0.125s] Level 1:colcon.colcon_core.package_identification:_identify(src/velodyne/velodyne_pointcloud) by extensions ['colcon_pkg']
[0.125s] Level 1:colcon.colcon_core.package_identification:_identify(src/velodyne/velodyne_pointcloud) by extension 'colcon_pkg'
[0.125s] Level 1:colcon.colcon_core.package_identification:_identify(src/velodyne/velodyne_pointcloud) by extensions ['colcon_meta']
[0.125s] Level 1:colcon.colcon_core.package_identification:_identify(src/velodyne/velodyne_pointcloud) by extension 'colcon_meta'
[0.125s] Level 1:colcon.colcon_core.package_identification:_identify(src/velodyne/velodyne_pointcloud) by extensions ['ros']
[0.125s] Level 1:colcon.colcon_core.package_identification:_identify(src/velodyne/velodyne_pointcloud) by extension 'ros'
[0.126s] DEBUG:colcon.colcon_core.package_identification:Package 'src/velodyne/velodyne_pointcloud' with type 'ros.ament_cmake' and name 'velodyne_pointcloud'
[0.126s] Level 1:colcon.colcon_core.package_discovery:discover_packages(recursive) using defaults
[0.126s] Level 1:colcon.colcon_core.package_discovery:discover_packages(ignore) discover
[0.126s] Level 1:colcon.colcon_core.package_discovery:discover_packages(ignore) using defaults
[0.126s] Level 1:colcon.colcon_core.package_discovery:discover_packages(path) discover
[0.126s] Level 1:colcon.colcon_core.package_discovery:discover_packages(path) using defaults
[0.141s] Level 1:colcon.colcon_core.package_discovery:discover_packages(prefix_path) check parameters
[0.141s] Level 1:colcon.colcon_core.package_discovery:discover_packages(prefix_path) discover
[0.142s] DEBUG:colcon.colcon_installed_package_information.package_discovery:Found 6 installed packages in /home/blaine/WayneHacks3/360_Cam_Lidar_Fusion/install
[0.142s] DEBUG:colcon.colcon_installed_package_information.package_discovery:Found 271 installed packages in /opt/ros/humble
[0.143s] Level 1:colcon.colcon_core.package_discovery:discover_packages(prefix_path) using defaults
[0.157s] Level 5:colcon.colcon_core.verb:set package 'fusion' build argument 'cmake_args' from command line to 'None'
[0.157s] Level 5:colcon.colcon_core.verb:set package 'fusion' build argument 'cmake_target' from command line to 'None'
[0.157s] Level 5:colcon.colcon_core.verb:set package 'fusion' build argument 'cmake_target_skip_unavailable' from command line to 'False'
[0.157s] Level 5:colcon.colcon_core.verb:set package 'fusion' build argument 'cmake_clean_cache' from command line to 'False'
[0.157s] Level 5:colcon.colcon_core.verb:set package 'fusion' build argument 'cmake_clean_first' from command line to 'False'
[0.157s] Level 5:colcon.colcon_core.verb:set package 'fusion' build argument 'cmake_force_configure' from command line to 'False'
[0.157s] Level 5:colcon.colcon_core.verb:set package 'fusion' build argument 'ament_cmake_args' from command line to 'None'
[0.157s] Level 5:colcon.colcon_core.verb:set package 'fusion' build argument 'catkin_cmake_args' from command line to 'None'
[0.157s] Level 5:colcon.colcon_core.verb:set package 'fusion' build argument 'catkin_skip_building_tests' from command line to 'False'
[0.157s] DEBUG:colcon.colcon_core.verb:Building package 'fusion' with the following arguments: {'ament_cmake_args': None, 'build_base': '/home/blaine/WayneHacks3/360_Cam_Lidar_Fusion/build/fusion', 'catkin_cmake_args': None, 'catkin_skip_building_tests': False, 'cmake_args': None, 'cmake_clean_cache': False, 'cmake_clean_first': False, 'cmake_force_configure': False, 'cmake_target': None, 'cmake_target_skip_unavailable': False, 'install_base': '/home/blaine/WayneHacks3/360_Cam_Lidar_Fusion/install/fusion', 'merge_install': False, 'path': '/home/blaine/WayneHacks3/360_Cam_Lidar_Fusion/src/fusion', 'symlink_install': False, 'test_result_base': None}
[0.157s] Level 5:colcon.colcon_core.verb:set package 'velodyne_laserscan' build argument 'cmake_args' from command line to 'None'
[0.157s] Level 5:colcon.colcon_core.verb:set package 'velodyne_laserscan' build argument 'cmake_target' from command line to 'None'
[0.157s] Level 5:colcon.colcon_core.verb:set package 'velodyne_laserscan' build argument 'cmake_target_skip_unavailable' from command line to 'False'
[0.157s] Level 5:colcon.colcon_core.verb:set package 'velodyne_laserscan' build argument 'cmake_clean_cache' from command line to 'False'
[0.157s] Level 5:colcon.colcon_core.verb:set package 'velodyne_laserscan' build argument 'cmake_clean_first' from command line to 'False'
[0.157s] Level 5:colcon.colcon_core.verb:set package 'velodyne_laserscan' build argument 'cmake_force_configure' from command line to 'False'
[0.157s] Level 5:colcon.colcon_core.verb:set package 'velodyne_laserscan' build argument 'ament_cmake_args' from command line to 'None'
[0.157s] Level 5:colcon.colcon_core.verb:set package 'velodyne_laserscan' build argument 'catkin_cmake_args' from command line to 'None'
[0.157s] Level 5:colcon.colcon_core.verb:set package 'velodyne_laserscan' build argument 'catkin_skip_building_tests' from command line to 'False'
[0.157s] DEBUG:colcon.colcon_core.verb:Building package 'velodyne_laserscan' with the following arguments: {'ament_cmake_args': None, 'build_base': '/home/blaine/WayneHacks3/360_Cam_Lidar_Fusion/build/velodyne_laserscan', 'catkin_cmake_args': None, 'catkin_skip_building_tests': False, 'cmake_args': None, 'cmake_clean_cache': False, 'cmake_clean_first': False, 'cmake_force_configure': False, 'cmake_target': None, 'cmake_target_skip_unavailable': False, 'install_base': '/home/blaine/WayneHacks3/360_Cam_Lidar_Fusion/install/velodyne_laserscan', 'merge_install': False, 'path': '/home/blaine/WayneHacks3/360_Cam_Lidar_Fusion/src/velodyne/velodyne_laserscan', 'symlink_install': False, 'test_result_base': None}
[0.157s] Level 5:colcon.colcon_core.verb:set package 'velodyne_msgs' build argument 'cmake_args' from command line to 'None'
[0.157s] Level 5:colcon.colcon_core.verb:set package 'velodyne_msgs' build argument 'cmake_target' from command line to 'None'
[0.157s] Level 5:colcon.colcon_core.verb:set package 'velodyne_msgs' build argument 'cmake_target_skip_unavailable' from command line to 'False'
[0.157s] Level 5:colcon.colcon_core.verb:set package 'velodyne_msgs' build argument 'cmake_clean_cache' from command line to 'False'
[0.157s] Level 5:colcon.colcon_core.verb:set package 'velodyne_msgs' build argument 'cmake_clean_first' from command line to 'False'
[0.157s] Level 5:colcon.colcon_core.verb:set package 'velodyne_msgs' build argument 'cmake_force_configure' from command line to 'False'
[0.157s] Level 5:colcon.colcon_core.verb:set package 'velodyne_msgs' build argument 'ament_cmake_args' from command line to 'None'
[0.157s] Level 5:colcon.colcon_core.verb:set package 'velodyne_msgs' build argument 'catkin_cmake_args' from command line to 'None'
[0.157s] Level 5:colcon.colcon_core.verb:set package 'velodyne_msgs' build argument 'catkin_skip_building_tests' from command line to 'False'
[0.157s] DEBUG:colcon.colcon_core.verb:Building package 'velodyne_msgs' with the following arguments: {'ament_cmake_args': None, 'build_base': '/home/blaine/WayneHacks3/360_Cam_Lidar_Fusion/build/velodyne_msgs', 'catkin_cmake_args': None, 'catkin_skip_building_tests': False, 'cmake_args': None, 'cmake_clean_cache': False, 'cmake_clean_first': False, 'cmake_force_configure': False, 'cmake_target': None, 'cmake_target_skip_unavailable': False, 'install_base': '/home/blaine/WayneHacks3/360_Cam_Lidar_Fusion/install/velodyne_msgs', 'merge_install': False, 'path': '/home/blaine/WayneHacks3/360_Cam_Lidar_Fusion/src/velodyne/velodyne_msgs', 'symlink_install': False, 'test_result_base': None}
[0.158s] Level 5:colcon.colcon_core.verb:set package 'velodyne_driver' build argument 'cmake_args' from command line to 'None'
[0.158s] Level 5:colcon.colcon_core.verb:set package 'velodyne_driver' build argument 'cmake_target' from command line to 'None'
[0.158s] Level 5:colcon.colcon_core.verb:set package 'velodyne_driver' build argument 'cmake_target_skip_unavailable' from command line to 'False'
[0.158s] Level 5:colcon.colcon_core.verb:set package 'velodyne_driver' build argument 'cmake_clean_cache' from command line to 'False'
[0.158s] Level 5:colcon.colcon_core.verb:set package 'velodyne_driver' build argument 'cmake_clean_first' from command line to 'False'
[0.158s] Level 5:colcon.colcon_core.verb:set package 'velodyne_driver' build argument 'cmake_force_configure' from command line to 'False'
[0.158s] Level 5:colcon.colcon_core.verb:set package 'velodyne_driver' build argument 'ament_cmake_args' from command line to 'None'
[0.158s] Level 5:colcon.colcon_core.verb:set package 'velodyne_driver' build argument 'catkin_cmake_args' from command line to 'None'
[0.158s] Level 5:colcon.colcon_core.verb:set package 'velodyne_driver' build argument 'catkin_skip_building_tests' from command line to 'False'
[0.158s] DEBUG:colcon.colcon_core.verb:Building package 'velodyne_driver' with the following arguments: {'ament_cmake_args': None, 'build_base': '/home/blaine/WayneHacks3/360_Cam_Lidar_Fusion/build/velodyne_driver', 'catkin_cmake_args': None, 'catkin_skip_building_tests': False, 'cmake_args': None, 'cmake_clean_cache': False, 'cmake_clean_first': False, 'cmake_force_configure': False, 'cmake_target': None, 'cmake_target_skip_unavailable': False, 'install_base': '/home/blaine/WayneHacks3/360_Cam_Lidar_Fusion/install/velodyne_driver', 'merge_install': False, 'path': '/home/blaine/WayneHacks3/360_Cam_Lidar_Fusion/src/velodyne/velodyne_driver', 'symlink_install': False, 'test_result_base': None}
[0.158s] Level 5:colcon.colcon_core.verb:set package 'velodyne_pointcloud' build argument 'cmake_args' from command line to 'None'
[0.158s] Level 5:colcon.colcon_core.verb:set package 'velodyne_pointcloud' build argument 'cmake_target' from command line to 'None'
[0.158s] Level 5:colcon.colcon_core.verb:set package 'velodyne_pointcloud' build argument 'cmake_target_skip_unavailable' from command line to 'False'
[0.158s] Level 5:colcon.colcon_core.verb:set package 'velodyne_pointcloud' build argument 'cmake_clean_cache' from command line to 'False'
[0.158s] Level 5:colcon.colcon_core.verb:set package 'velodyne_pointcloud' build argument 'cmake_clean_first' from command line to 'False'
[0.158s] Level 5:colcon.colcon_core.verb:set package 'velodyne_pointcloud' build argument 'cmake_force_configure' from command line to 'False'
[0.158s] Level 5:colcon.colcon_core.verb:set package 'velodyne_pointcloud' build argument 'ament_cmake_args' from command line to 'None'
[0.158s] Level 5:colcon.colcon_core.verb:set package 'velodyne_pointcloud' build argument 'catkin_cmake_args' from command line to 'None'
[0.158s] Level 5:colcon.colcon_core.verb:set package 'velodyne_pointcloud' build argument 'catkin_skip_building_tests' from command line to 'False'
[0.158s] DEBUG:colcon.colcon_core.verb:Building package 'velodyne_pointcloud' with the following arguments: {'ament_cmake_args': None, 'build_base': '/home/blaine/WayneHacks3/360_Cam_Lidar_Fusion/build/velodyne_pointcloud', 'catkin_cmake_args': None, 'catkin_skip_building_tests': False, 'cmake_args': None, 'cmake_clean_cache': False, 'cmake_clean_first': False, 'cmake_force_configure': False, 'cmake_target': None, 'cmake_target_skip_unavailable': False, 'install_base': '/home/blaine/WayneHacks3/360_Cam_Lidar_Fusion/install/velodyne_pointcloud', 'merge_install': False, 'path': '/home/blaine/WayneHacks3/360_Cam_Lidar_Fusion/src/velodyne/velodyne_pointcloud', 'symlink_install': False, 'test_result_base': None}
[0.158s] Level 5:colcon.colcon_core.verb:set package 'velodyne' build argument 'cmake_args' from command line to 'None'
[0.158s] Level 5:colcon.colcon_core.verb:set package 'velodyne' build argument 'cmake_target' from command line to 'None'
[0.158s] Level 5:colcon.colcon_core.verb:set package 'velodyne' build argument 'cmake_target_skip_unavailable' from command line to 'False'
[0.158s] Level 5:colcon.colcon_core.verb:set package 'velodyne' build argument 'cmake_clean_cache' from command line to 'False'
[0.158s] Level 5:colcon.colcon_core.verb:set package 'velodyne' build argument 'cmake_clean_first' from command line to 'False'
[0.158s] Level 5:colcon.colcon_core.verb:set package 'velodyne' build argument 'cmake_force_configure' from command line to 'False'
[0.158s] Level 5:colcon.colcon_core.verb:set package 'velodyne' build argument 'ament_cmake_args' from command line to 'None'
[0.158s] Level 5:colcon.colcon_core.verb:set package 'velodyne' build argument 'catkin_cmake_args' from command line to 'None'
[0.158s] Level 5:colcon.colcon_core.verb:set package 'velodyne' build argument 'catkin_skip_building_tests' from command line to 'False'
[0.158s] DEBUG:colcon.colcon_core.verb:Building package 'velodyne' with the following arguments: {'ament_cmake_args': None, 'build_base': '/home/blaine/WayneHacks3/360_Cam_Lidar_Fusion/build/velodyne', 'catkin_cmake_args': None, 'catkin_skip_building_tests': False, 'cmake_args': None, 'cmake_clean_cache': False, 'cmake_clean_first': False, 'cmake_force_configure': False, 'cmake_target': None, 'cmake_target_skip_unavailable': False, 'install_base': '/home/blaine/WayneHacks3/360_Cam_Lidar_Fusion/install/velodyne', 'merge_install': False, 'path': '/home/blaine/WayneHacks3/360_Cam_Lidar_Fusion/src/velodyne/velodyne', 'symlink_install': False, 'test_result_base': None}
[0.158s] INFO:colcon.colcon_core.executor:Executing jobs using 'parallel' executor
[0.159s] DEBUG:colcon.colcon_parallel_executor.executor.parallel:run_until_complete
[0.159s] INFO:colcon.colcon_ros.task.ament_cmake.build:Building ROS package in '/home/blaine/WayneHacks3/360_Cam_Lidar_Fusion/src/velodyne/velodyne_msgs' with build type 'ament_cmake'
[0.159s] INFO:colcon.colcon_cmake.task.cmake.build:Building CMake package in '/home/blaine/WayneHacks3/360_Cam_Lidar_Fusion/src/velodyne/velodyne_msgs'
[0.160s] INFO:colcon.colcon_core.plugin_system:Skipping extension 'colcon_core.shell.bat': Not used on non-Windows systems
[0.160s] INFO:colcon.colcon_core.shell:Skip shell extension 'powershell' for command environment: Not usable outside of PowerShell
[0.160s] DEBUG:colcon.colcon_core.shell:Skip shell extension 'dsv' for command environment
[0.162s] INFO:colcon.colcon_ros.task.ament_cmake.build:Building ROS package in '/home/blaine/WayneHacks3/360_Cam_Lidar_Fusion/src/velodyne/velodyne_laserscan' with build type 'ament_cmake'
[0.162s] INFO:colcon.colcon_cmake.task.cmake.build:Building CMake package in '/home/blaine/WayneHacks3/360_Cam_Lidar_Fusion/src/velodyne/velodyne_laserscan'
[0.162s] INFO:colcon.colcon_core.shell:Skip shell extension 'powershell' for command environment: Not usable outside of PowerShell
[0.162s] DEBUG:colcon.colcon_core.shell:Skip shell extension 'dsv' for command environment
[0.163s] INFO:colcon.colcon_ros.task.ament_python.build:Building ROS package in '/home/blaine/WayneHacks3/360_Cam_Lidar_Fusion/src/fusion' with build type 'ament_python'
[0.163s] Level 1:colcon.colcon_core.shell:create_environment_hook('fusion', 'ament_prefix_path')
[0.163s] INFO:colcon.colcon_core.shell:Creating environment hook '/home/blaine/WayneHacks3/360_Cam_Lidar_Fusion/install/fusion/share/fusion/hook/ament_prefix_path.ps1'
[0.164s] INFO:colcon.colcon_core.shell:Creating environment descriptor '/home/blaine/WayneHacks3/360_Cam_Lidar_Fusion/install/fusion/share/fusion/hook/ament_prefix_path.dsv'
[0.164s] INFO:colcon.colcon_core.shell:Creating environment hook '/home/blaine/WayneHacks3/360_Cam_Lidar_Fusion/install/fusion/share/fusion/hook/ament_prefix_path.sh'
[0.164s] INFO:colcon.colcon_core.shell:Skip shell extension 'powershell' for command environment: Not usable outside of PowerShell
[0.164s] DEBUG:colcon.colcon_core.shell:Skip shell extension 'dsv' for command environment
[0.169s] DEBUG:colcon.colcon_core.event_handler.log_command:Invoking command in '/home/blaine/WayneHacks3/360_Cam_Lidar_Fusion/build/velodyne_msgs': CMAKE_PREFIX_PATH=${CMAKE_PREFIX_PATH}:/home/blaine/WayneHacks3/360_Cam_Lidar_Fusion/install/fusion:/opt/ros/humble /usr/bin/cmake --build /home/blaine/WayneHacks3/360_Cam_Lidar_Fusion/build/velodyne_msgs -- -j32 -l32
[0.170s] DEBUG:colcon.colcon_core.event_handler.log_command:Invoking command in '/home/blaine/WayneHacks3/360_Cam_Lidar_Fusion/build/velodyne_laserscan': CMAKE_PREFIX_PATH=${CMAKE_PREFIX_PATH}:/home/blaine/WayneHacks3/360_Cam_Lidar_Fusion/install/fusion:/opt/ros/humble /usr/bin/cmake --build /home/blaine/WayneHacks3/360_Cam_Lidar_Fusion/build/velodyne_laserscan -- -j32 -l32
[0.283s] INFO:colcon.colcon_core.task.python.build:Building Python package in '/home/blaine/WayneHacks3/360_Cam_Lidar_Fusion/src/fusion'
[0.284s] INFO:colcon.colcon_core.shell:Skip shell extension 'powershell' for command environment: Not usable outside of PowerShell
[0.284s] DEBUG:colcon.colcon_core.shell:Skip shell extension 'dsv' for command environment
[0.287s] DEBUG:colcon.colcon_core.event_handler.log_command:Invoked command in '/home/blaine/WayneHacks3/360_Cam_Lidar_Fusion/build/velodyne_laserscan' returned '0': CMAKE_PREFIX_PATH=${CMAKE_PREFIX_PATH}:/home/blaine/WayneHacks3/360_Cam_Lidar_Fusion/install/fusion:/opt/ros/humble /usr/bin/cmake --build /home/blaine/WayneHacks3/360_Cam_Lidar_Fusion/build/velodyne_laserscan -- -j32 -l32
[0.293s] DEBUG:colcon.colcon_core.event_handler.log_command:Invoking command in '/home/blaine/WayneHacks3/360_Cam_Lidar_Fusion/build/velodyne_laserscan': CMAKE_PREFIX_PATH=${CMAKE_PREFIX_PATH}:/home/blaine/WayneHacks3/360_Cam_Lidar_Fusion/install/fusion:/opt/ros/humble /usr/bin/cmake --install /home/blaine/WayneHacks3/360_Cam_Lidar_Fusion/build/velodyne_laserscan
[0.299s] Level 1:colcon.colcon_core.environment:create_environment_scripts_only(velodyne_laserscan)
[0.300s] DEBUG:colcon.colcon_core.event_handler.log_command:Invoked command in '/home/blaine/WayneHacks3/360_Cam_Lidar_Fusion/build/velodyne_laserscan' returned '0': CMAKE_PREFIX_PATH=${CMAKE_PREFIX_PATH}:/home/blaine/WayneHacks3/360_Cam_Lidar_Fusion/install/fusion:/opt/ros/humble /usr/bin/cmake --install /home/blaine/WayneHacks3/360_Cam_Lidar_Fusion/build/velodyne_laserscan
[0.301s] Level 1:colcon.colcon_core.environment:checking '/home/blaine/WayneHacks3/360_Cam_Lidar_Fusion/install/velodyne_laserscan' for CMake module files
[0.301s] Level 1:colcon.colcon_core.environment:checking '/home/blaine/WayneHacks3/360_Cam_Lidar_Fusion/install/velodyne_laserscan' for CMake config files
[0.301s] Level 1:colcon.colcon_core.shell:create_environment_hook('velodyne_laserscan', 'cmake_prefix_path')
[0.301s] INFO:colcon.colcon_core.shell:Creating environment hook '/home/blaine/WayneHacks3/360_Cam_Lidar_Fusion/install/velodyne_laserscan/share/velodyne_laserscan/hook/cmake_prefix_path.ps1'
[0.301s] INFO:colcon.colcon_core.shell:Creating environment descriptor '/home/blaine/WayneHacks3/360_Cam_Lidar_Fusion/install/velodyne_laserscan/share/velodyne_laserscan/hook/cmake_prefix_path.dsv'
[0.301s] INFO:colcon.colcon_core.shell:Creating environment hook '/home/blaine/WayneHacks3/360_Cam_Lidar_Fusion/install/velodyne_laserscan/share/velodyne_laserscan/hook/cmake_prefix_path.sh'
[0.302s] Level 1:colcon.colcon_core.environment:checking '/home/blaine/WayneHacks3/360_Cam_Lidar_Fusion/install/velodyne_laserscan/lib'
[0.302s] Level 1:colcon.colcon_core.shell:create_environment_hook('velodyne_laserscan', 'ld_library_path_lib')
[0.302s] INFO:colcon.colcon_core.shell:Creating environment hook '/home/blaine/WayneHacks3/360_Cam_Lidar_Fusion/install/velodyne_laserscan/share/velodyne_laserscan/hook/ld_library_path_lib.ps1'
[0.302s] INFO:colcon.colcon_core.shell:Creating environment descriptor '/home/blaine/WayneHacks3/360_Cam_Lidar_Fusion/install/velodyne_laserscan/share/velodyne_laserscan/hook/ld_library_path_lib.dsv'
[0.302s] INFO:colcon.colcon_core.shell:Creating environment hook '/home/blaine/WayneHacks3/360_Cam_Lidar_Fusion/install/velodyne_laserscan/share/velodyne_laserscan/hook/ld_library_path_lib.sh'
[0.302s] Level 1:colcon.colcon_core.environment:checking '/home/blaine/WayneHacks3/360_Cam_Lidar_Fusion/install/velodyne_laserscan/bin'
[0.302s] Level 1:colcon.colcon_core.environment:checking '/home/blaine/WayneHacks3/360_Cam_Lidar_Fusion/install/velodyne_laserscan/lib/pkgconfig/velodyne_laserscan.pc'
[0.303s] Level 1:colcon.colcon_core.environment:checking '/home/blaine/WayneHacks3/360_Cam_Lidar_Fusion/install/velodyne_laserscan/lib/python3.10/site-packages'
[0.303s] Level 1:colcon.colcon_core.environment:checking '/home/blaine/WayneHacks3/360_Cam_Lidar_Fusion/install/velodyne_laserscan/bin'
[0.303s] INFO:colcon.colcon_core.shell:Creating package script '/home/blaine/WayneHacks3/360_Cam_Lidar_Fusion/install/velodyne_laserscan/share/velodyne_laserscan/package.ps1'
[0.303s] INFO:colcon.colcon_core.shell:Creating package descriptor '/home/blaine/WayneHacks3/360_Cam_Lidar_Fusion/install/velodyne_laserscan/share/velodyne_laserscan/package.dsv'
[0.303s] INFO:colcon.colcon_core.shell:Creating package script '/home/blaine/WayneHacks3/360_Cam_Lidar_Fusion/install/velodyne_laserscan/share/velodyne_laserscan/package.sh'
[0.304s] INFO:colcon.colcon_core.shell:Creating package script '/home/blaine/WayneHacks3/360_Cam_Lidar_Fusion/install/velodyne_laserscan/share/velodyne_laserscan/package.bash'
[0.304s] INFO:colcon.colcon_core.shell:Creating package script '/home/blaine/WayneHacks3/360_Cam_Lidar_Fusion/install/velodyne_laserscan/share/velodyne_laserscan/package.zsh'
[0.304s] Level 1:colcon.colcon_core.environment:create_file_with_runtime_dependencies(/home/blaine/WayneHacks3/360_Cam_Lidar_Fusion/install/velodyne_laserscan/share/colcon-core/packages/velodyne_laserscan)
[0.305s] Level 1:colcon.colcon_core.environment:create_environment_scripts_only(velodyne_laserscan)
[0.305s] Level 1:colcon.colcon_core.environment:checking '/home/blaine/WayneHacks3/360_Cam_Lidar_Fusion/install/velodyne_laserscan' for CMake module files
[0.305s] Level 1:colcon.colcon_core.environment:checking '/home/blaine/WayneHacks3/360_Cam_Lidar_Fusion/install/velodyne_laserscan' for CMake config files
[0.305s] Level 1:colcon.colcon_core.shell:create_environment_hook('velodyne_laserscan', 'cmake_prefix_path')
[0.305s] INFO:colcon.colcon_core.shell:Creating environment hook '/home/blaine/WayneHacks3/360_Cam_Lidar_Fusion/install/velodyne_laserscan/share/velodyne_laserscan/hook/cmake_prefix_path.ps1'
[0.305s] INFO:colcon.colcon_core.shell:Creating environment descriptor '/home/blaine/WayneHacks3/360_Cam_Lidar_Fusion/install/velodyne_laserscan/share/velodyne_laserscan/hook/cmake_prefix_path.dsv'
[0.305s] INFO:colcon.colcon_core.shell:Creating environment hook '/home/blaine/WayneHacks3/360_Cam_Lidar_Fusion/install/velodyne_laserscan/share/velodyne_laserscan/hook/cmake_prefix_path.sh'
[0.306s] Level 1:colcon.colcon_core.environment:checking '/home/blaine/WayneHacks3/360_Cam_Lidar_Fusion/install/velodyne_laserscan/lib'
[0.306s] Level 1:colcon.colcon_core.shell:create_environment_hook('velodyne_laserscan', 'ld_library_path_lib')
[0.306s] INFO:colcon.colcon_core.shell:Creating environment hook '/home/blaine/WayneHacks3/360_Cam_Lidar_Fusion/install/velodyne_laserscan/share/velodyne_laserscan/hook/ld_library_path_lib.ps1'
[0.306s] INFO:colcon.colcon_core.shell:Creating environment descriptor '/home/blaine/WayneHacks3/360_Cam_Lidar_Fusion/install/velodyne_laserscan/share/velodyne_laserscan/hook/ld_library_path_lib.dsv'
[0.306s] INFO:colcon.colcon_core.shell:Creating environment hook '/home/blaine/WayneHacks3/360_Cam_Lidar_Fusion/install/velodyne_laserscan/share/velodyne_laserscan/hook/ld_library_path_lib.sh'
[0.306s] Level 1:colcon.colcon_core.environment:checking '/home/blaine/WayneHacks3/360_Cam_Lidar_Fusion/install/velodyne_laserscan/bin'
[0.306s] Level 1:colcon.colcon_core.environment:checking '/home/blaine/WayneHacks3/360_Cam_Lidar_Fusion/install/velodyne_laserscan/lib/pkgconfig/velodyne_laserscan.pc'
[0.306s] Level 1:colcon.colcon_core.environment:checking '/home/blaine/WayneHacks3/360_Cam_Lidar_Fusion/install/velodyne_laserscan/lib/python3.10/site-packages'
[0.306s] Level 1:colcon.colcon_core.environment:checking '/home/blaine/WayneHacks3/360_Cam_Lidar_Fusion/install/velodyne_laserscan/bin'
[0.306s] INFO:colcon.colcon_core.shell:Creating package script '/home/blaine/WayneHacks3/360_Cam_Lidar_Fusion/install/velodyne_laserscan/share/velodyne_laserscan/package.ps1'
[0.307s] INFO:colcon.colcon_core.shell:Creating package descriptor '/home/blaine/WayneHacks3/360_Cam_Lidar_Fusion/install/velodyne_laserscan/share/velodyne_laserscan/package.dsv'
[0.307s] INFO:colcon.colcon_core.shell:Creating package script '/home/blaine/WayneHacks3/360_Cam_Lidar_Fusion/install/velodyne_laserscan/share/velodyne_laserscan/package.sh'
[0.307s] INFO:colcon.colcon_core.shell:Creating package script '/home/blaine/WayneHacks3/360_Cam_Lidar_Fusion/install/velodyne_laserscan/share/velodyne_laserscan/package.bash'
[0.307s] INFO:colcon.colcon_core.shell:Creating package script '/home/blaine/WayneHacks3/360_Cam_Lidar_Fusion/install/velodyne_laserscan/share/velodyne_laserscan/package.zsh'
[0.307s] Level 1:colcon.colcon_core.environment:create_file_with_runtime_dependencies(/home/blaine/WayneHacks3/360_Cam_Lidar_Fusion/install/velodyne_laserscan/share/colcon-core/packages/velodyne_laserscan)
[0.345s] DEBUG:colcon.colcon_core.event_handler.log_command:Invoked command in '/home/blaine/WayneHacks3/360_Cam_Lidar_Fusion/build/velodyne_msgs' returned '0': CMAKE_PREFIX_PATH=${CMAKE_PREFIX_PATH}:/home/blaine/WayneHacks3/360_Cam_Lidar_Fusion/install/fusion:/opt/ros/humble /usr/bin/cmake --build /home/blaine/WayneHacks3/360_Cam_Lidar_Fusion/build/velodyne_msgs -- -j32 -l32
[0.345s] DEBUG:colcon.colcon_core.event_handler.log_command:Invoking command in '/home/blaine/WayneHacks3/360_Cam_Lidar_Fusion/build/velodyne_msgs': CMAKE_PREFIX_PATH=${CMAKE_PREFIX_PATH}:/home/blaine/WayneHacks3/360_Cam_Lidar_Fusion/install/fusion:/opt/ros/humble /usr/bin/cmake --install /home/blaine/WayneHacks3/360_Cam_Lidar_Fusion/build/velodyne_msgs
[0.372s] Level 1:colcon.colcon_core.environment:create_environment_scripts_only(velodyne_msgs)
[0.372s] DEBUG:colcon.colcon_core.event_handler.log_command:Invoked command in '/home/blaine/WayneHacks3/360_Cam_Lidar_Fusion/build/velodyne_msgs' returned '0': CMAKE_PREFIX_PATH=${CMAKE_PREFIX_PATH}:/home/blaine/WayneHacks3/360_Cam_Lidar_Fusion/install/fusion:/opt/ros/humble /usr/bin/cmake --install /home/blaine/WayneHacks3/360_Cam_Lidar_Fusion/build/velodyne_msgs
[0.372s] Level 1:colcon.colcon_core.environment:checking '/home/blaine/WayneHacks3/360_Cam_Lidar_Fusion/install/velodyne_msgs' for CMake module files
[0.372s] Level 1:colcon.colcon_core.environment:checking '/home/blaine/WayneHacks3/360_Cam_Lidar_Fusion/install/velodyne_msgs' for CMake config files
[0.372s] Level 1:colcon.colcon_core.shell:create_environment_hook('velodyne_msgs', 'cmake_prefix_path')
[0.372s] INFO:colcon.colcon_core.shell:Creating environment hook '/home/blaine/WayneHacks3/360_Cam_Lidar_Fusion/install/velodyne_msgs/share/velodyne_msgs/hook/cmake_prefix_path.ps1'
[0.373s] INFO:colcon.colcon_core.shell:Creating environment descriptor '/home/blaine/WayneHacks3/360_Cam_Lidar_Fusion/install/velodyne_msgs/share/velodyne_msgs/hook/cmake_prefix_path.dsv'
[0.373s] INFO:colcon.colcon_core.shell:Creating environment hook '/home/blaine/WayneHacks3/360_Cam_Lidar_Fusion/install/velodyne_msgs/share/velodyne_msgs/hook/cmake_prefix_path.sh'
[0.373s] Level 1:colcon.colcon_core.environment:checking '/home/blaine/WayneHacks3/360_Cam_Lidar_Fusion/install/velodyne_msgs/lib'
[0.373s] Level 1:colcon.colcon_core.shell:create_environment_hook('velodyne_msgs', 'ld_library_path_lib')
[0.373s] INFO:colcon.colcon_core.shell:Creating environment hook '/home/blaine/WayneHacks3/360_Cam_Lidar_Fusion/install/velodyne_msgs/share/velodyne_msgs/hook/ld_library_path_lib.ps1'
[0.373s] INFO:colcon.colcon_core.shell:Creating environment descriptor '/home/blaine/WayneHacks3/360_Cam_Lidar_Fusion/install/velodyne_msgs/share/velodyne_msgs/hook/ld_library_path_lib.dsv'
[0.373s] INFO:colcon.colcon_core.shell:Creating environment hook '/home/blaine/WayneHacks3/360_Cam_Lidar_Fusion/install/velodyne_msgs/share/velodyne_msgs/hook/ld_library_path_lib.sh'
[0.374s] Level 1:colcon.colcon_core.environment:checking '/home/blaine/WayneHacks3/360_Cam_Lidar_Fusion/install/velodyne_msgs/bin'
[0.374s] Level 1:colcon.colcon_core.environment:checking '/home/blaine/WayneHacks3/360_Cam_Lidar_Fusion/install/velodyne_msgs/lib/pkgconfig/velodyne_msgs.pc'
[0.374s] Level 1:colcon.colcon_core.environment:checking '/home/blaine/WayneHacks3/360_Cam_Lidar_Fusion/install/velodyne_msgs/lib/python3.10/site-packages'
[0.374s] Level 1:colcon.colcon_core.environment:checking '/home/blaine/WayneHacks3/360_Cam_Lidar_Fusion/install/velodyne_msgs/bin'
[0.374s] INFO:colcon.colcon_core.shell:Creating package script '/home/blaine/WayneHacks3/360_Cam_Lidar_Fusion/install/velodyne_msgs/share/velodyne_msgs/package.ps1'
[0.374s] INFO:colcon.colcon_core.shell:Creating package descriptor '/home/blaine/WayneHacks3/360_Cam_Lidar_Fusion/install/velodyne_msgs/share/velodyne_msgs/package.dsv'
[0.374s] INFO:colcon.colcon_core.shell:Creating package script '/home/blaine/WayneHacks3/360_Cam_Lidar_Fusion/install/velodyne_msgs/share/velodyne_msgs/package.sh'
[0.374s] INFO:colcon.colcon_core.shell:Creating package script '/home/blaine/WayneHacks3/360_Cam_Lidar_Fusion/install/velodyne_msgs/share/velodyne_msgs/package.bash'
[0.375s] INFO:colcon.colcon_core.shell:Creating package script '/home/blaine/WayneHacks3/360_Cam_Lidar_Fusion/install/velodyne_msgs/share/velodyne_msgs/package.zsh'
[0.375s] Level 1:colcon.colcon_core.environment:create_file_with_runtime_dependencies(/home/blaine/WayneHacks3/360_Cam_Lidar_Fusion/install/velodyne_msgs/share/colcon-core/packages/velodyne_msgs)
[0.375s] Level 1:colcon.colcon_core.environment:create_environment_scripts_only(velodyne_msgs)
[0.375s] Level 1:colcon.colcon_core.environment:checking '/home/blaine/WayneHacks3/360_Cam_Lidar_Fusion/install/velodyne_msgs' for CMake module files
[0.375s] Level 1:colcon.colcon_core.environment:checking '/home/blaine/WayneHacks3/360_Cam_Lidar_Fusion/install/velodyne_msgs' for CMake config files
[0.375s] Level 1:colcon.colcon_core.shell:create_environment_hook('velodyne_msgs', 'cmake_prefix_path')
[0.375s] INFO:colcon.colcon_core.shell:Creating environment hook '/home/blaine/WayneHacks3/360_Cam_Lidar_Fusion/install/velodyne_msgs/share/velodyne_msgs/hook/cmake_prefix_path.ps1'
[0.376s] INFO:colcon.colcon_core.shell:Creating environment descriptor '/home/blaine/WayneHacks3/360_Cam_Lidar_Fusion/install/velodyne_msgs/share/velodyne_msgs/hook/cmake_prefix_path.dsv'
[0.376s] INFO:colcon.colcon_core.shell:Creating environment hook '/home/blaine/WayneHacks3/360_Cam_Lidar_Fusion/install/velodyne_msgs/share/velodyne_msgs/hook/cmake_prefix_path.sh'
[0.376s] Level 1:colcon.colcon_core.environment:checking '/home/blaine/WayneHacks3/360_Cam_Lidar_Fusion/install/velodyne_msgs/lib'
[0.376s] Level 1:colcon.colcon_core.shell:create_environment_hook('velodyne_msgs', 'ld_library_path_lib')
[0.376s] INFO:colcon.colcon_core.shell:Creating environment hook '/home/blaine/WayneHacks3/360_Cam_Lidar_Fusion/install/velodyne_msgs/share/velodyne_msgs/hook/ld_library_path_lib.ps1'
[0.376s] INFO:colcon.colcon_core.shell:Creating environment descriptor '/home/blaine/WayneHacks3/360_Cam_Lidar_Fusion/install/velodyne_msgs/share/velodyne_msgs/hook/ld_library_path_lib.dsv'
[0.376s] INFO:colcon.colcon_core.shell:Creating environment hook '/home/blaine/WayneHacks3/360_Cam_Lidar_Fusion/install/velodyne_msgs/share/velodyne_msgs/hook/ld_library_path_lib.sh'
[0.376s] Level 1:colcon.colcon_core.environment:checking '/home/blaine/WayneHacks3/360_Cam_Lidar_Fusion/install/velodyne_msgs/bin'
[0.376s] Level 1:colcon.colcon_core.environment:checking '/home/blaine/WayneHacks3/360_Cam_Lidar_Fusion/install/velodyne_msgs/lib/pkgconfig/velodyne_msgs.pc'
[0.377s] Level 1:colcon.colcon_core.environment:checking '/home/blaine/WayneHacks3/360_Cam_Lidar_Fusion/install/velodyne_msgs/lib/python3.10/site-packages'
[0.377s] Level 1:colcon.colcon_core.environment:checking '/home/blaine/WayneHacks3/360_Cam_Lidar_Fusion/install/velodyne_msgs/bin'
[0.377s] INFO:colcon.colcon_core.shell:Creating package script '/home/blaine/WayneHacks3/360_Cam_Lidar_Fusion/install/velodyne_msgs/share/velodyne_msgs/package.ps1'
[0.377s] INFO:colcon.colcon_core.shell:Creating package descriptor '/home/blaine/WayneHacks3/360_Cam_Lidar_Fusion/install/velodyne_msgs/share/velodyne_msgs/package.dsv'
[0.377s] INFO:colcon.colcon_core.shell:Creating package script '/home/blaine/WayneHacks3/360_Cam_Lidar_Fusion/install/velodyne_msgs/share/velodyne_msgs/package.sh'
[0.377s] INFO:colcon.colcon_core.shell:Creating package script '/home/blaine/WayneHacks3/360_Cam_Lidar_Fusion/install/velodyne_msgs/share/velodyne_msgs/package.bash'
[0.378s] INFO:colcon.colcon_core.shell:Creating package script '/home/blaine/WayneHacks3/360_Cam_Lidar_Fusion/install/velodyne_msgs/share/velodyne_msgs/package.zsh'
[0.378s] Level 1:colcon.colcon_core.environment:create_file_with_runtime_dependencies(/home/blaine/WayneHacks3/360_Cam_Lidar_Fusion/install/velodyne_msgs/share/colcon-core/packages/velodyne_msgs)
[0.378s] INFO:colcon.colcon_ros.task.ament_cmake.build:Building ROS package in '/home/blaine/WayneHacks3/360_Cam_Lidar_Fusion/src/velodyne/velodyne_driver' with build type 'ament_cmake'
[0.378s] INFO:colcon.colcon_cmake.task.cmake.build:Building CMake package in '/home/blaine/WayneHacks3/360_Cam_Lidar_Fusion/src/velodyne/velodyne_driver'
[0.378s] INFO:colcon.colcon_core.shell:Skip shell extension 'powershell' for command environment: Not usable outside of PowerShell
[0.378s] DEBUG:colcon.colcon_core.shell:Skip shell extension 'dsv' for command environment
[0.380s] INFO:colcon.colcon_ros.task.ament_cmake.build:Building ROS package in '/home/blaine/WayneHacks3/360_Cam_Lidar_Fusion/src/velodyne/velodyne_pointcloud' with build type 'ament_cmake'
[0.380s] INFO:colcon.colcon_cmake.task.cmake.build:Building CMake package in '/home/blaine/WayneHacks3/360_Cam_Lidar_Fusion/src/velodyne/velodyne_pointcloud'
[0.380s] INFO:colcon.colcon_core.shell:Skip shell extension 'powershell' for command environment: Not usable outside of PowerShell
[0.380s] DEBUG:colcon.colcon_core.shell:Skip shell extension 'dsv' for command environment
[0.384s] DEBUG:colcon.colcon_core.event_handler.log_command:Invoking command in '/home/blaine/WayneHacks3/360_Cam_Lidar_Fusion/build/velodyne_driver': CMAKE_PREFIX_PATH=/home/blaine/WayneHacks3/360_Cam_Lidar_Fusion/install/velodyne_msgs:/home/blaine/WayneHacks3/360_Cam_Lidar_Fusion/install/velodyne:/home/blaine/WayneHacks3/360_Cam_Lidar_Fusion/install/velodyne_pointcloud:/home/blaine/WayneHacks3/360_Cam_Lidar_Fusion/install/velodyne_driver:/home/blaine/WayneHacks3/360_Cam_Lidar_Fusion/install/velodyne_laserscan:/home/blaine/WayneHacks3/360_Cam_Lidar_Fusion/install/fusion:/opt/ros/humble LD_LIBRARY_PATH=/home/blaine/WayneHacks3/360_Cam_Lidar_Fusion/install/velodyne_msgs/lib:/home/blaine/WayneHacks3/360_Cam_Lidar_Fusion/install/velodyne_pointcloud/lib:/home/blaine/WayneHacks3/360_Cam_Lidar_Fusion/install/velodyne_driver/lib:/home/blaine/WayneHacks3/360_Cam_Lidar_Fusion/install/velodyne_laserscan/lib:/opt/ros/humble/opt/rviz_ogre_vendor/lib:/opt/ros/humble/lib/x86_64-linux-gnu:/opt/ros/humble/lib /usr/bin/cmake --build /home/blaine/WayneHacks3/360_Cam_Lidar_Fusion/build/velodyne_driver -- -j32 -l32
[0.386s] DEBUG:colcon.colcon_core.event_handler.log_command:Invoking command in '/home/blaine/WayneHacks3/360_Cam_Lidar_Fusion/build/velodyne_pointcloud': CMAKE_PREFIX_PATH=/home/blaine/WayneHacks3/360_Cam_Lidar_Fusion/install/velodyne_msgs:/home/blaine/WayneHacks3/360_Cam_Lidar_Fusion/install/velodyne:/home/blaine/WayneHacks3/360_Cam_Lidar_Fusion/install/velodyne_pointcloud:/home/blaine/WayneHacks3/360_Cam_Lidar_Fusion/install/velodyne_driver:/home/blaine/WayneHacks3/360_Cam_Lidar_Fusion/install/velodyne_laserscan:/home/blaine/WayneHacks3/360_Cam_Lidar_Fusion/install/fusion:/opt/ros/humble LD_LIBRARY_PATH=/home/blaine/WayneHacks3/360_Cam_Lidar_Fusion/install/velodyne_msgs/lib:/home/blaine/WayneHacks3/360_Cam_Lidar_Fusion/install/velodyne_pointcloud/lib:/home/blaine/WayneHacks3/360_Cam_Lidar_Fusion/install/velodyne_driver/lib:/home/blaine/WayneHacks3/360_Cam_Lidar_Fusion/install/velodyne_laserscan/lib:/opt/ros/humble/opt/rviz_ogre_vendor/lib:/opt/ros/humble/lib/x86_64-linux-gnu:/opt/ros/humble/lib /usr/bin/cmake --build /home/blaine/WayneHacks3/360_Cam_Lidar_Fusion/build/velodyne_pointcloud -- -j32 -l32
[0.440s] DEBUG:colcon.colcon_core.event_handler.log_command:Invoking command in '/home/blaine/WayneHacks3/360_Cam_Lidar_Fusion/src/fusion': PYTHONPATH=/home/blaine/WayneHacks3/360_Cam_Lidar_Fusion/build/fusion/prefix_override:/usr/lib/python3/dist-packages/colcon_core/task/python/colcon_distutils_commands:/home/blaine/WayneHacks3/360_Cam_Lidar_Fusion/install/fusion/lib/python3.10/site-packages:${PYTHONPATH} /usr/bin/python3 -W ignore:setup.py install is deprecated -W ignore:easy_install command is deprecated setup.py egg_info --egg-base ../../build/fusion build --build-base /home/blaine/WayneHacks3/360_Cam_Lidar_Fusion/build/fusion/build install --record /home/blaine/WayneHacks3/360_Cam_Lidar_Fusion/build/fusion/install.log --single-version-externally-managed install_data
[0.461s] DEBUG:colcon.colcon_core.event_handler.log_command:Invoked command in '/home/blaine/WayneHacks3/360_Cam_Lidar_Fusion/build/velodyne_driver' returned '0': CMAKE_PREFIX_PATH=/home/blaine/WayneHacks3/360_Cam_Lidar_Fusion/install/velodyne_msgs:/home/blaine/WayneHacks3/360_Cam_Lidar_Fusion/install/velodyne:/home/blaine/WayneHacks3/360_Cam_Lidar_Fusion/install/velodyne_pointcloud:/home/blaine/WayneHacks3/360_Cam_Lidar_Fusion/install/velodyne_driver:/home/blaine/WayneHacks3/360_Cam_Lidar_Fusion/install/velodyne_laserscan:/home/blaine/WayneHacks3/360_Cam_Lidar_Fusion/install/fusion:/opt/ros/humble LD_LIBRARY_PATH=/home/blaine/WayneHacks3/360_Cam_Lidar_Fusion/install/velodyne_msgs/lib:/home/blaine/WayneHacks3/360_Cam_Lidar_Fusion/install/velodyne_pointcloud/lib:/home/blaine/WayneHacks3/360_Cam_Lidar_Fusion/install/velodyne_driver/lib:/home/blaine/WayneHacks3/360_Cam_Lidar_Fusion/install/velodyne_laserscan/lib:/opt/ros/humble/opt/rviz_ogre_vendor/lib:/opt/ros/humble/lib/x86_64-linux-gnu:/opt/ros/humble/lib /usr/bin/cmake --build /home/blaine/WayneHacks3/360_Cam_Lidar_Fusion/build/velodyne_driver -- -j32 -l32
[0.463s] DEBUG:colcon.colcon_core.event_handler.log_command:Invoking command in '/home/blaine/WayneHacks3/360_Cam_Lidar_Fusion/build/velodyne_driver': CMAKE_PREFIX_PATH=/home/blaine/WayneHacks3/360_Cam_Lidar_Fusion/install/velodyne_msgs:/home/blaine/WayneHacks3/360_Cam_Lidar_Fusion/install/velodyne:/home/blaine/WayneHacks3/360_Cam_Lidar_Fusion/install/velodyne_pointcloud:/home/blaine/WayneHacks3/360_Cam_Lidar_Fusion/install/velodyne_driver:/home/blaine/WayneHacks3/360_Cam_Lidar_Fusion/install/velodyne_laserscan:/home/blaine/WayneHacks3/360_Cam_Lidar_Fusion/install/fusion:/opt/ros/humble LD_LIBRARY_PATH=/home/blaine/WayneHacks3/360_Cam_Lidar_Fusion/install/velodyne_msgs/lib:/home/blaine/WayneHacks3/360_Cam_Lidar_Fusion/install/velodyne_pointcloud/lib:/home/blaine/WayneHacks3/360_Cam_Lidar_Fusion/install/velodyne_driver/lib:/home/blaine/WayneHacks3/360_Cam_Lidar_Fusion/install/velodyne_laserscan/lib:/opt/ros/humble/opt/rviz_ogre_vendor/lib:/opt/ros/humble/lib/x86_64-linux-gnu:/opt/ros/humble/lib /usr/bin/cmake --install /home/blaine/WayneHacks3/360_Cam_Lidar_Fusion/build/velodyne_driver
[0.466s] DEBUG:colcon.colcon_core.event_handler.log_command:Invoked command in '/home/blaine/WayneHacks3/360_Cam_Lidar_Fusion/build/velodyne_pointcloud' returned '0': CMAKE_PREFIX_PATH=/home/blaine/WayneHacks3/360_Cam_Lidar_Fusion/install/velodyne_msgs:/home/blaine/WayneHacks3/360_Cam_Lidar_Fusion/install/velodyne:/home/blaine/WayneHacks3/360_Cam_Lidar_Fusion/install/velodyne_pointcloud:/home/blaine/WayneHacks3/360_Cam_Lidar_Fusion/install/velodyne_driver:/home/blaine/WayneHacks3/360_Cam_Lidar_Fusion/install/velodyne_laserscan:/home/blaine/WayneHacks3/360_Cam_Lidar_Fusion/install/fusion:/opt/ros/humble LD_LIBRARY_PATH=/home/blaine/WayneHacks3/360_Cam_Lidar_Fusion/install/velodyne_msgs/lib:/home/blaine/WayneHacks3/360_Cam_Lidar_Fusion/install/velodyne_pointcloud/lib:/home/blaine/WayneHacks3/360_Cam_Lidar_Fusion/install/velodyne_driver/lib:/home/blaine/WayneHacks3/360_Cam_Lidar_Fusion/install/velodyne_laserscan/lib:/opt/ros/humble/opt/rviz_ogre_vendor/lib:/opt/ros/humble/lib/x86_64-linux-gnu:/opt/ros/humble/lib /usr/bin/cmake --build /home/blaine/WayneHacks3/360_Cam_Lidar_Fusion/build/velodyne_pointcloud -- -j32 -l32
[0.468s] DEBUG:colcon.colcon_core.event_handler.log_command:Invoking command in '/home/blaine/WayneHacks3/360_Cam_Lidar_Fusion/build/velodyne_pointcloud': CMAKE_PREFIX_PATH=/home/blaine/WayneHacks3/360_Cam_Lidar_Fusion/install/velodyne_msgs:/home/blaine/WayneHacks3/360_Cam_Lidar_Fusion/install/velodyne:/home/blaine/WayneHacks3/360_Cam_Lidar_Fusion/install/velodyne_pointcloud:/home/blaine/WayneHacks3/360_Cam_Lidar_Fusion/install/velodyne_driver:/home/blaine/WayneHacks3/360_Cam_Lidar_Fusion/install/velodyne_laserscan:/home/blaine/WayneHacks3/360_Cam_Lidar_Fusion/install/fusion:/opt/ros/humble LD_LIBRARY_PATH=/home/blaine/WayneHacks3/360_Cam_Lidar_Fusion/install/velodyne_msgs/lib:/home/blaine/WayneHacks3/360_Cam_Lidar_Fusion/install/velodyne_pointcloud/lib:/home/blaine/WayneHacks3/360_Cam_Lidar_Fusion/install/velodyne_driver/lib:/home/blaine/WayneHacks3/360_Cam_Lidar_Fusion/install/velodyne_laserscan/lib:/opt/ros/humble/opt/rviz_ogre_vendor/lib:/opt/ros/humble/lib/x86_64-linux-gnu:/opt/ros/humble/lib /usr/bin/cmake --install /home/blaine/WayneHacks3/360_Cam_Lidar_Fusion/build/velodyne_pointcloud
[0.469s] Level 1:colcon.colcon_core.environment:create_environment_scripts_only(velodyne_driver)
[0.469s] Level 1:colcon.colcon_core.environment:checking '/home/blaine/WayneHacks3/360_Cam_Lidar_Fusion/install/velodyne_driver' for CMake module files
[0.469s] DEBUG:colcon.colcon_core.event_handler.log_command:Invoked command in '/home/blaine/WayneHacks3/360_Cam_Lidar_Fusion/build/velodyne_driver' returned '0': CMAKE_PREFIX_PATH=/home/blaine/WayneHacks3/360_Cam_Lidar_Fusion/install/velodyne_msgs:/home/blaine/WayneHacks3/360_Cam_Lidar_Fusion/install/velodyne:/home/blaine/WayneHacks3/360_Cam_Lidar_Fusion/install/velodyne_pointcloud:/home/blaine/WayneHacks3/360_Cam_Lidar_Fusion/install/velodyne_driver:/home/blaine/WayneHacks3/360_Cam_Lidar_Fusion/install/velodyne_laserscan:/home/blaine/WayneHacks3/360_Cam_Lidar_Fusion/install/fusion:/opt/ros/humble LD_LIBRARY_PATH=/home/blaine/WayneHacks3/360_Cam_Lidar_Fusion/install/velodyne_msgs/lib:/home/blaine/WayneHacks3/360_Cam_Lidar_Fusion/install/velodyne_pointcloud/lib:/home/blaine/WayneHacks3/360_Cam_Lidar_Fusion/install/velodyne_driver/lib:/home/blaine/WayneHacks3/360_Cam_Lidar_Fusion/install/velodyne_laserscan/lib:/opt/ros/humble/opt/rviz_ogre_vendor/lib:/opt/ros/humble/lib/x86_64-linux-gnu:/opt/ros/humble/lib /usr/bin/cmake --install /home/blaine/WayneHacks3/360_Cam_Lidar_Fusion/build/velodyne_driver
[0.470s] Level 1:colcon.colcon_core.environment:checking '/home/blaine/WayneHacks3/360_Cam_Lidar_Fusion/install/velodyne_driver' for CMake config files
[0.470s] Level 1:colcon.colcon_core.shell:create_environment_hook('velodyne_driver', 'cmake_prefix_path')
[0.470s] INFO:colcon.colcon_core.shell:Creating environment hook '/home/blaine/WayneHacks3/360_Cam_Lidar_Fusion/install/velodyne_driver/share/velodyne_driver/hook/cmake_prefix_path.ps1'
[0.470s] INFO:colcon.colcon_core.shell:Creating environment descriptor '/home/blaine/WayneHacks3/360_Cam_Lidar_Fusion/install/velodyne_driver/share/velodyne_driver/hook/cmake_prefix_path.dsv'
[0.470s] INFO:colcon.colcon_core.shell:Creating environment hook '/home/blaine/WayneHacks3/360_Cam_Lidar_Fusion/install/velodyne_driver/share/velodyne_driver/hook/cmake_prefix_path.sh'
[0.470s] Level 1:colcon.colcon_core.environment:checking '/home/blaine/WayneHacks3/360_Cam_Lidar_Fusion/install/velodyne_driver/lib'
[0.470s] Level 1:colcon.colcon_core.shell:create_environment_hook('velodyne_driver', 'ld_library_path_lib')
[0.471s] INFO:colcon.colcon_core.shell:Creating environment hook '/home/blaine/WayneHacks3/360_Cam_Lidar_Fusion/install/velodyne_driver/share/velodyne_driver/hook/ld_library_path_lib.ps1'
[0.471s] INFO:colcon.colcon_core.shell:Creating environment descriptor '/home/blaine/WayneHacks3/360_Cam_Lidar_Fusion/install/velodyne_driver/share/velodyne_driver/hook/ld_library_path_lib.dsv'
[0.471s] INFO:colcon.colcon_core.shell:Creating environment hook '/home/blaine/WayneHacks3/360_Cam_Lidar_Fusion/install/velodyne_driver/share/velodyne_driver/hook/ld_library_path_lib.sh'
[0.471s] Level 1:colcon.colcon_core.environment:checking '/home/blaine/WayneHacks3/360_Cam_Lidar_Fusion/install/velodyne_driver/bin'
[0.471s] Level 1:colcon.colcon_core.environment:checking '/home/blaine/WayneHacks3/360_Cam_Lidar_Fusion/install/velodyne_driver/lib/pkgconfig/velodyne_driver.pc'
[0.471s] Level 1:colcon.colcon_core.environment:checking '/home/blaine/WayneHacks3/360_Cam_Lidar_Fusion/install/velodyne_driver/lib/python3.10/site-packages'
[0.471s] Level 1:colcon.colcon_core.environment:checking '/home/blaine/WayneHacks3/360_Cam_Lidar_Fusion/install/velodyne_driver/bin'
[0.471s] INFO:colcon.colcon_core.shell:Creating package script '/home/blaine/WayneHacks3/360_Cam_Lidar_Fusion/install/velodyne_driver/share/velodyne_driver/package.ps1'
[0.472s] INFO:colcon.colcon_core.shell:Creating package descriptor '/home/blaine/WayneHacks3/360_Cam_Lidar_Fusion/install/velodyne_driver/share/velodyne_driver/package.dsv'
[0.472s] INFO:colcon.colcon_core.shell:Creating package script '/home/blaine/WayneHacks3/360_Cam_Lidar_Fusion/install/velodyne_driver/share/velodyne_driver/package.sh'
[0.473s] INFO:colcon.colcon_core.shell:Creating package script '/home/blaine/WayneHacks3/360_Cam_Lidar_Fusion/install/velodyne_driver/share/velodyne_driver/package.bash'
[0.474s] INFO:colcon.colcon_core.shell:Creating package script '/home/blaine/WayneHacks3/360_Cam_Lidar_Fusion/install/velodyne_driver/share/velodyne_driver/package.zsh'
[0.475s] Level 1:colcon.colcon_core.environment:create_file_with_runtime_dependencies(/home/blaine/WayneHacks3/360_Cam_Lidar_Fusion/install/velodyne_driver/share/colcon-core/packages/velodyne_driver)
[0.475s] Level 1:colcon.colcon_core.environment:create_environment_scripts_only(velodyne_driver)
[0.475s] Level 1:colcon.colcon_core.environment:checking '/home/blaine/WayneHacks3/360_Cam_Lidar_Fusion/install/velodyne_driver' for CMake module files
[0.475s] Level 1:colcon.colcon_core.environment:checking '/home/blaine/WayneHacks3/360_Cam_Lidar_Fusion/install/velodyne_driver' for CMake config files
[0.475s] Level 1:colcon.colcon_core.shell:create_environment_hook('velodyne_driver', 'cmake_prefix_path')
[0.475s] INFO:colcon.colcon_core.shell:Creating environment hook '/home/blaine/WayneHacks3/360_Cam_Lidar_Fusion/install/velodyne_driver/share/velodyne_driver/hook/cmake_prefix_path.ps1'
[0.476s] INFO:colcon.colcon_core.shell:Creating environment descriptor '/home/blaine/WayneHacks3/360_Cam_Lidar_Fusion/install/velodyne_driver/share/velodyne_driver/hook/cmake_prefix_path.dsv'
[0.476s] INFO:colcon.colcon_core.shell:Creating environment hook '/home/blaine/WayneHacks3/360_Cam_Lidar_Fusion/install/velodyne_driver/share/velodyne_driver/hook/cmake_prefix_path.sh'
[0.476s] Level 1:colcon.colcon_core.environment:checking '/home/blaine/WayneHacks3/360_Cam_Lidar_Fusion/install/velodyne_driver/lib'
[0.476s] Level 1:colcon.colcon_core.shell:create_environment_hook('velodyne_driver', 'ld_library_path_lib')
[0.476s] INFO:colcon.colcon_core.shell:Creating environment hook '/home/blaine/WayneHacks3/360_Cam_Lidar_Fusion/install/velodyne_driver/share/velodyne_driver/hook/ld_library_path_lib.ps1'
[0.476s] INFO:colcon.colcon_core.shell:Creating environment descriptor '/home/blaine/WayneHacks3/360_Cam_Lidar_Fusion/install/velodyne_driver/share/velodyne_driver/hook/ld_library_path_lib.dsv'
[0.476s] INFO:colcon.colcon_core.shell:Creating environment hook '/home/blaine/WayneHacks3/360_Cam_Lidar_Fusion/install/velodyne_driver/share/velodyne_driver/hook/ld_library_path_lib.sh'
[0.476s] Level 1:colcon.colcon_core.environment:checking '/home/blaine/WayneHacks3/360_Cam_Lidar_Fusion/install/velodyne_driver/bin'
[0.477s] Level 1:colcon.colcon_core.environment:checking '/home/blaine/WayneHacks3/360_Cam_Lidar_Fusion/install/velodyne_driver/lib/pkgconfig/velodyne_driver.pc'
[0.477s] Level 1:colcon.colcon_core.environment:checking '/home/blaine/WayneHacks3/360_Cam_Lidar_Fusion/install/velodyne_driver/lib/python3.10/site-packages'
[0.477s] Level 1:colcon.colcon_core.environment:checking '/home/blaine/WayneHacks3/360_Cam_Lidar_Fusion/install/velodyne_driver/bin'
[0.477s] INFO:colcon.colcon_core.shell:Creating package script '/home/blaine/WayneHacks3/360_Cam_Lidar_Fusion/install/velodyne_driver/share/velodyne_driver/package.ps1'
[0.477s] INFO:colcon.colcon_core.shell:Creating package descriptor '/home/blaine/WayneHacks3/360_Cam_Lidar_Fusion/install/velodyne_driver/share/velodyne_driver/package.dsv'
[0.477s] INFO:colcon.colcon_core.shell:Creating package script '/home/blaine/WayneHacks3/360_Cam_Lidar_Fusion/install/velodyne_driver/share/velodyne_driver/package.sh'
[0.477s] INFO:colcon.colcon_core.shell:Creating package script '/home/blaine/WayneHacks3/360_Cam_Lidar_Fusion/install/velodyne_driver/share/velodyne_driver/package.bash'
[0.478s] INFO:colcon.colcon_core.shell:Creating package script '/home/blaine/WayneHacks3/360_Cam_Lidar_Fusion/install/velodyne_driver/share/velodyne_driver/package.zsh'
[0.478s] Level 1:colcon.colcon_core.environment:create_file_with_runtime_dependencies(/home/blaine/WayneHacks3/360_Cam_Lidar_Fusion/install/velodyne_driver/share/colcon-core/packages/velodyne_driver)
[0.478s] Level 1:colcon.colcon_core.environment:create_environment_scripts_only(velodyne_pointcloud)
[0.478s] Level 1:colcon.colcon_core.environment:checking '/home/blaine/WayneHacks3/360_Cam_Lidar_Fusion/install/velodyne_pointcloud' for CMake module files
[0.479s] DEBUG:colcon.colcon_core.event_handler.log_command:Invoked command in '/home/blaine/WayneHacks3/360_Cam_Lidar_Fusion/build/velodyne_pointcloud' returned '0': CMAKE_PREFIX_PATH=/home/blaine/WayneHacks3/360_Cam_Lidar_Fusion/install/velodyne_msgs:/home/blaine/WayneHacks3/360_Cam_Lidar_Fusion/install/velodyne:/home/blaine/WayneHacks3/360_Cam_Lidar_Fusion/install/velodyne_pointcloud:/home/blaine/WayneHacks3/360_Cam_Lidar_Fusion/install/velodyne_driver:/home/blaine/WayneHacks3/360_Cam_Lidar_Fusion/install/velodyne_laserscan:/home/blaine/WayneHacks3/360_Cam_Lidar_Fusion/install/fusion:/opt/ros/humble LD_LIBRARY_PATH=/home/blaine/WayneHacks3/360_Cam_Lidar_Fusion/install/velodyne_msgs/lib:/home/blaine/WayneHacks3/360_Cam_Lidar_Fusion/install/velodyne_pointcloud/lib:/home/blaine/WayneHacks3/360_Cam_Lidar_Fusion/install/velodyne_driver/lib:/home/blaine/WayneHacks3/360_Cam_Lidar_Fusion/install/velodyne_laserscan/lib:/opt/ros/humble/opt/rviz_ogre_vendor/lib:/opt/ros/humble/lib/x86_64-linux-gnu:/opt/ros/humble/lib /usr/bin/cmake --install /home/blaine/WayneHacks3/360_Cam_Lidar_Fusion/build/velodyne_pointcloud
[0.479s] Level 1:colcon.colcon_core.environment:checking '/home/blaine/WayneHacks3/360_Cam_Lidar_Fusion/install/velodyne_pointcloud' for CMake config files
[0.479s] Level 1:colcon.colcon_core.shell:create_environment_hook('velodyne_pointcloud', 'cmake_prefix_path')
[0.479s] INFO:colcon.colcon_core.shell:Creating environment hook '/home/blaine/WayneHacks3/360_Cam_Lidar_Fusion/install/velodyne_pointcloud/share/velodyne_pointcloud/hook/cmake_prefix_path.ps1'
[0.479s] INFO:colcon.colcon_core.shell:Creating environment descriptor '/home/blaine/WayneHacks3/360_Cam_Lidar_Fusion/install/velodyne_pointcloud/share/velodyne_pointcloud/hook/cmake_prefix_path.dsv'
[0.479s] INFO:colcon.colcon_core.shell:Creating environment hook '/home/blaine/WayneHacks3/360_Cam_Lidar_Fusion/install/velodyne_pointcloud/share/velodyne_pointcloud/hook/cmake_prefix_path.sh'
[0.480s] Level 1:colcon.colcon_core.environment:checking '/home/blaine/WayneHacks3/360_Cam_Lidar_Fusion/install/velodyne_pointcloud/lib'
[0.480s] Level 1:colcon.colcon_core.shell:create_environment_hook('velodyne_pointcloud', 'ld_library_path_lib')
[0.480s] INFO:colcon.colcon_core.shell:Creating environment hook '/home/blaine/WayneHacks3/360_Cam_Lidar_Fusion/install/velodyne_pointcloud/share/velodyne_pointcloud/hook/ld_library_path_lib.ps1'
[0.480s] INFO:colcon.colcon_core.shell:Creating environment descriptor '/home/blaine/WayneHacks3/360_Cam_Lidar_Fusion/install/velodyne_pointcloud/share/velodyne_pointcloud/hook/ld_library_path_lib.dsv'
[0.480s] INFO:colcon.colcon_core.shell:Creating environment hook '/home/blaine/WayneHacks3/360_Cam_Lidar_Fusion/install/velodyne_pointcloud/share/velodyne_pointcloud/hook/ld_library_path_lib.sh'
[0.480s] Level 1:colcon.colcon_core.environment:checking '/home/blaine/WayneHacks3/360_Cam_Lidar_Fusion/install/velodyne_pointcloud/bin'
[0.480s] Level 1:colcon.colcon_core.environment:checking '/home/blaine/WayneHacks3/360_Cam_Lidar_Fusion/install/velodyne_pointcloud/lib/pkgconfig/velodyne_pointcloud.pc'
[0.480s] Level 1:colcon.colcon_core.environment:checking '/home/blaine/WayneHacks3/360_Cam_Lidar_Fusion/install/velodyne_pointcloud/lib/python3.10/site-packages'
[0.480s] Level 1:colcon.colcon_core.environment:checking '/home/blaine/WayneHacks3/360_Cam_Lidar_Fusion/install/velodyne_pointcloud/bin'
[0.480s] INFO:colcon.colcon_core.shell:Creating package script '/home/blaine/WayneHacks3/360_Cam_Lidar_Fusion/install/velodyne_pointcloud/share/velodyne_pointcloud/package.ps1'
[0.481s] INFO:colcon.colcon_core.shell:Creating package descriptor '/home/blaine/WayneHacks3/360_Cam_Lidar_Fusion/install/velodyne_pointcloud/share/velodyne_pointcloud/package.dsv'
[0.481s] INFO:colcon.colcon_core.shell:Creating package script '/home/blaine/WayneHacks3/360_Cam_Lidar_Fusion/install/velodyne_pointcloud/share/velodyne_pointcloud/package.sh'
[0.481s] INFO:colcon.colcon_core.shell:Creating package script '/home/blaine/WayneHacks3/360_Cam_Lidar_Fusion/install/velodyne_pointcloud/share/velodyne_pointcloud/package.bash'
[0.481s] INFO:colcon.colcon_core.shell:Creating package script '/home/blaine/WayneHacks3/360_Cam_Lidar_Fusion/install/velodyne_pointcloud/share/velodyne_pointcloud/package.zsh'
[0.481s] Level 1:colcon.colcon_core.environment:create_file_with_runtime_dependencies(/home/blaine/WayneHacks3/360_Cam_Lidar_Fusion/install/velodyne_pointcloud/share/colcon-core/packages/velodyne_pointcloud)
[0.481s] Level 1:colcon.colcon_core.environment:create_environment_scripts_only(velodyne_pointcloud)
[0.482s] Level 1:colcon.colcon_core.environment:checking '/home/blaine/WayneHacks3/360_Cam_Lidar_Fusion/install/velodyne_pointcloud' for CMake module files
[0.482s] Level 1:colcon.colcon_core.environment:checking '/home/blaine/WayneHacks3/360_Cam_Lidar_Fusion/install/velodyne_pointcloud' for CMake config files
[0.482s] Level 1:colcon.colcon_core.shell:create_environment_hook('velodyne_pointcloud', 'cmake_prefix_path')
[0.482s] INFO:colcon.colcon_core.shell:Creating environment hook '/home/blaine/WayneHacks3/360_Cam_Lidar_Fusion/install/velodyne_pointcloud/share/velodyne_pointcloud/hook/cmake_prefix_path.ps1'
[0.482s] INFO:colcon.colcon_core.shell:Creating environment descriptor '/home/blaine/WayneHacks3/360_Cam_Lidar_Fusion/install/velodyne_pointcloud/share/velodyne_pointcloud/hook/cmake_prefix_path.dsv'
[0.482s] INFO:colcon.colcon_core.shell:Creating environment hook '/home/blaine/WayneHacks3/360_Cam_Lidar_Fusion/install/velodyne_pointcloud/share/velodyne_pointcloud/hook/cmake_prefix_path.sh'
[0.482s] Level 1:colcon.colcon_core.environment:checking '/home/blaine/WayneHacks3/360_Cam_Lidar_Fusion/install/velodyne_pointcloud/lib'
[0.483s] Level 1:colcon.colcon_core.shell:create_environment_hook('velodyne_pointcloud', 'ld_library_path_lib')
[0.483s] INFO:colcon.colcon_core.shell:Creating environment hook '/home/blaine/WayneHacks3/360_Cam_Lidar_Fusion/install/velodyne_pointcloud/share/velodyne_pointcloud/hook/ld_library_path_lib.ps1'
[0.483s] INFO:colcon.colcon_core.shell:Creating environment descriptor '/home/blaine/WayneHacks3/360_Cam_Lidar_Fusion/install/velodyne_pointcloud/share/velodyne_pointcloud/hook/ld_library_path_lib.dsv'
[0.483s] INFO:colcon.colcon_core.shell:Creating environment hook '/home/blaine/WayneHacks3/360_Cam_Lidar_Fusion/install/velodyne_pointcloud/share/velodyne_pointcloud/hook/ld_library_path_lib.sh'
[0.483s] Level 1:colcon.colcon_core.environment:checking '/home/blaine/WayneHacks3/360_Cam_Lidar_Fusion/install/velodyne_pointcloud/bin'
[0.483s] Level 1:colcon.colcon_core.environment:checking '/home/blaine/WayneHacks3/360_Cam_Lidar_Fusion/install/velodyne_pointcloud/lib/pkgconfig/velodyne_pointcloud.pc'
[0.483s] Level 1:colcon.colcon_core.environment:checking '/home/blaine/WayneHacks3/360_Cam_Lidar_Fusion/install/velodyne_pointcloud/lib/python3.10/site-packages'
[0.483s] Level 1:colcon.colcon_core.environment:checking '/home/blaine/WayneHacks3/360_Cam_Lidar_Fusion/install/velodyne_pointcloud/bin'
[0.484s] INFO:colcon.colcon_core.shell:Creating package script '/home/blaine/WayneHacks3/360_Cam_Lidar_Fusion/install/velodyne_pointcloud/share/velodyne_pointcloud/package.ps1'
[0.484s] INFO:colcon.colcon_core.shell:Creating package descriptor '/home/blaine/WayneHacks3/360_Cam_Lidar_Fusion/install/velodyne_pointcloud/share/velodyne_pointcloud/package.dsv'
[0.484s] INFO:colcon.colcon_core.shell:Creating package script '/home/blaine/WayneHacks3/360_Cam_Lidar_Fusion/install/velodyne_pointcloud/share/velodyne_pointcloud/package.sh'
[0.484s] INFO:colcon.colcon_core.shell:Creating package script '/home/blaine/WayneHacks3/360_Cam_Lidar_Fusion/install/velodyne_pointcloud/share/velodyne_pointcloud/package.bash'
[0.485s] INFO:colcon.colcon_core.shell:Creating package script '/home/blaine/WayneHacks3/360_Cam_Lidar_Fusion/install/velodyne_pointcloud/share/velodyne_pointcloud/package.zsh'
[0.485s] Level 1:colcon.colcon_core.environment:create_file_with_runtime_dependencies(/home/blaine/WayneHacks3/360_Cam_Lidar_Fusion/install/velodyne_pointcloud/share/colcon-core/packages/velodyne_pointcloud)
[0.485s] INFO:colcon.colcon_ros.task.ament_cmake.build:Building ROS package in '/home/blaine/WayneHacks3/360_Cam_Lidar_Fusion/src/velodyne/velodyne' with build type 'ament_cmake'
[0.485s] INFO:colcon.colcon_cmake.task.cmake.build:Building CMake package in '/home/blaine/WayneHacks3/360_Cam_Lidar_Fusion/src/velodyne/velodyne'
[0.485s] INFO:colcon.colcon_core.shell:Skip shell extension 'powershell' for command environment: Not usable outside of PowerShell
[0.485s] DEBUG:colcon.colcon_core.shell:Skip shell extension 'dsv' for command environment
[0.494s] DEBUG:colcon.colcon_core.event_handler.log_command:Invoking command in '/home/blaine/WayneHacks3/360_Cam_Lidar_Fusion/build/velodyne': CMAKE_PREFIX_PATH=/home/blaine/WayneHacks3/360_Cam_Lidar_Fusion/install/velodyne_pointcloud:/home/blaine/WayneHacks3/360_Cam_Lidar_Fusion/install/velodyne_driver:/home/blaine/WayneHacks3/360_Cam_Lidar_Fusion/install/velodyne_msgs:/home/blaine/WayneHacks3/360_Cam_Lidar_Fusion/install/velodyne_laserscan:/home/blaine/WayneHacks3/360_Cam_Lidar_Fusion/install/velodyne:/home/blaine/WayneHacks3/360_Cam_Lidar_Fusion/install/fusion:/opt/ros/humble /usr/bin/cmake --build /home/blaine/WayneHacks3/360_Cam_Lidar_Fusion/build/velodyne -- -j32 -l32
[0.519s] DEBUG:colcon.colcon_core.event_handler.log_command:Invoked command in '/home/blaine/WayneHacks3/360_Cam_Lidar_Fusion/build/velodyne' returned '0': CMAKE_PREFIX_PATH=/home/blaine/WayneHacks3/360_Cam_Lidar_Fusion/install/velodyne_pointcloud:/home/blaine/WayneHacks3/360_Cam_Lidar_Fusion/install/velodyne_driver:/home/blaine/WayneHacks3/360_Cam_Lidar_Fusion/install/velodyne_msgs:/home/blaine/WayneHacks3/360_Cam_Lidar_Fusion/install/velodyne_laserscan:/home/blaine/WayneHacks3/360_Cam_Lidar_Fusion/install/velodyne:/home/blaine/WayneHacks3/360_Cam_Lidar_Fusion/install/fusion:/opt/ros/humble /usr/bin/cmake --build /home/blaine/WayneHacks3/360_Cam_Lidar_Fusion/build/velodyne -- -j32 -l32
[0.519s] DEBUG:colcon.colcon_core.event_handler.log_command:Invoking command in '/home/blaine/WayneHacks3/360_Cam_Lidar_Fusion/build/velodyne': CMAKE_PREFIX_PATH=/home/blaine/WayneHacks3/360_Cam_Lidar_Fusion/install/velodyne_pointcloud:/home/blaine/WayneHacks3/360_Cam_Lidar_Fusion/install/velodyne_driver:/home/blaine/WayneHacks3/360_Cam_Lidar_Fusion/install/velodyne_msgs:/home/blaine/WayneHacks3/360_Cam_Lidar_Fusion/install/velodyne_laserscan:/home/blaine/WayneHacks3/360_Cam_Lidar_Fusion/install/velodyne:/home/blaine/WayneHacks3/360_Cam_Lidar_Fusion/install/fusion:/opt/ros/humble /usr/bin/cmake --install /home/blaine/WayneHacks3/360_Cam_Lidar_Fusion/build/velodyne
[0.525s] Level 1:colcon.colcon_core.environment:create_environment_scripts_only(velodyne)
[0.525s] Level 1:colcon.colcon_core.environment:checking '/home/blaine/WayneHacks3/360_Cam_Lidar_Fusion/install/velodyne' for CMake module files
[0.525s] DEBUG:colcon.colcon_core.event_handler.log_command:Invoked command in '/home/blaine/WayneHacks3/360_Cam_Lidar_Fusion/build/velodyne' returned '0': CMAKE_PREFIX_PATH=/home/blaine/WayneHacks3/360_Cam_Lidar_Fusion/install/velodyne_pointcloud:/home/blaine/WayneHacks3/360_Cam_Lidar_Fusion/install/velodyne_driver:/home/blaine/WayneHacks3/360_Cam_Lidar_Fusion/install/velodyne_msgs:/home/blaine/WayneHacks3/360_Cam_Lidar_Fusion/install/velodyne_laserscan:/home/blaine/WayneHacks3/360_Cam_Lidar_Fusion/install/velodyne:/home/blaine/WayneHacks3/360_Cam_Lidar_Fusion/install/fusion:/opt/ros/humble /usr/bin/cmake --install /home/blaine/WayneHacks3/360_Cam_Lidar_Fusion/build/velodyne
[0.525s] Level 1:colcon.colcon_core.environment:checking '/home/blaine/WayneHacks3/360_Cam_Lidar_Fusion/install/velodyne' for CMake config files
[0.525s] Level 1:colcon.colcon_core.shell:create_environment_hook('velodyne', 'cmake_prefix_path')
[0.526s] INFO:colcon.colcon_core.shell:Creating environment hook '/home/blaine/WayneHacks3/360_Cam_Lidar_Fusion/install/velodyne/share/velodyne/hook/cmake_prefix_path.ps1'
[0.526s] INFO:colcon.colcon_core.shell:Creating environment descriptor '/home/blaine/WayneHacks3/360_Cam_Lidar_Fusion/install/velodyne/share/velodyne/hook/cmake_prefix_path.dsv'
[0.526s] INFO:colcon.colcon_core.shell:Creating environment hook '/home/blaine/WayneHacks3/360_Cam_Lidar_Fusion/install/velodyne/share/velodyne/hook/cmake_prefix_path.sh'
[0.526s] Level 1:colcon.colcon_core.environment:checking '/home/blaine/WayneHacks3/360_Cam_Lidar_Fusion/install/velodyne/bin'
[0.526s] Level 1:colcon.colcon_core.environment:checking '/home/blaine/WayneHacks3/360_Cam_Lidar_Fusion/install/velodyne/lib/pkgconfig/velodyne.pc'
[0.526s] Level 1:colcon.colcon_core.environment:checking '/home/blaine/WayneHacks3/360_Cam_Lidar_Fusion/install/velodyne/lib/python3.10/site-packages'
[0.526s] Level 1:colcon.colcon_core.environment:checking '/home/blaine/WayneHacks3/360_Cam_Lidar_Fusion/install/velodyne/bin'
[0.527s] INFO:colcon.colcon_core.shell:Creating package script '/home/blaine/WayneHacks3/360_Cam_Lidar_Fusion/install/velodyne/share/velodyne/package.ps1'
[0.527s] INFO:colcon.colcon_core.shell:Creating package descriptor '/home/blaine/WayneHacks3/360_Cam_Lidar_Fusion/install/velodyne/share/velodyne/package.dsv'
[0.527s] INFO:colcon.colcon_core.shell:Creating package script '/home/blaine/WayneHacks3/360_Cam_Lidar_Fusion/install/velodyne/share/velodyne/package.sh'
[0.527s] INFO:colcon.colcon_core.shell:Creating package script '/home/blaine/WayneHacks3/360_Cam_Lidar_Fusion/install/velodyne/share/velodyne/package.bash'
[0.527s] INFO:colcon.colcon_core.shell:Creating package script '/home/blaine/WayneHacks3/360_Cam_Lidar_Fusion/install/velodyne/share/velodyne/package.zsh'
[0.527s] Level 1:colcon.colcon_core.environment:create_file_with_runtime_dependencies(/home/blaine/WayneHacks3/360_Cam_Lidar_Fusion/install/velodyne/share/colcon-core/packages/velodyne)
[0.528s] Level 1:colcon.colcon_core.environment:create_environment_scripts_only(velodyne)
[0.528s] Level 1:colcon.colcon_core.environment:checking '/home/blaine/WayneHacks3/360_Cam_Lidar_Fusion/install/velodyne' for CMake module files
[0.528s] Level 1:colcon.colcon_core.environment:checking '/home/blaine/WayneHacks3/360_Cam_Lidar_Fusion/install/velodyne' for CMake config files
[0.528s] Level 1:colcon.colcon_core.shell:create_environment_hook('velodyne', 'cmake_prefix_path')
[0.528s] INFO:colcon.colcon_core.shell:Creating environment hook '/home/blaine/WayneHacks3/360_Cam_Lidar_Fusion/install/velodyne/share/velodyne/hook/cmake_prefix_path.ps1'
[0.528s] INFO:colcon.colcon_core.shell:Creating environment descriptor '/home/blaine/WayneHacks3/360_Cam_Lidar_Fusion/install/velodyne/share/velodyne/hook/cmake_prefix_path.dsv'
[0.528s] INFO:colcon.colcon_core.shell:Creating environment hook '/home/blaine/WayneHacks3/360_Cam_Lidar_Fusion/install/velodyne/share/velodyne/hook/cmake_prefix_path.sh'
[0.528s] Level 1:colcon.colcon_core.environment:checking '/home/blaine/WayneHacks3/360_Cam_Lidar_Fusion/install/velodyne/bin'
[0.529s] Level 1:colcon.colcon_core.environment:checking '/home/blaine/WayneHacks3/360_Cam_Lidar_Fusion/install/velodyne/lib/pkgconfig/velodyne.pc'
[0.529s] Level 1:colcon.colcon_core.environment:checking '/home/blaine/WayneHacks3/360_Cam_Lidar_Fusion/install/velodyne/lib/python3.10/site-packages'
[0.529s] Level 1:colcon.colcon_core.environment:checking '/home/blaine/WayneHacks3/360_Cam_Lidar_Fusion/install/velodyne/bin'
[0.529s] INFO:colcon.colcon_core.shell:Creating package script '/home/blaine/WayneHacks3/360_Cam_Lidar_Fusion/install/velodyne/share/velodyne/package.ps1'
[0.529s] INFO:colcon.colcon_core.shell:Creating package descriptor '/home/blaine/WayneHacks3/360_Cam_Lidar_Fusion/install/velodyne/share/velodyne/package.dsv'
[0.529s] INFO:colcon.colcon_core.shell:Creating package script '/home/blaine/WayneHacks3/360_Cam_Lidar_Fusion/install/velodyne/share/velodyne/package.sh'
[0.529s] INFO:colcon.colcon_core.shell:Creating package script '/home/blaine/WayneHacks3/360_Cam_Lidar_Fusion/install/velodyne/share/velodyne/package.bash'
[0.530s] INFO:colcon.colcon_core.shell:Creating package script '/home/blaine/WayneHacks3/360_Cam_Lidar_Fusion/install/velodyne/share/velodyne/package.zsh'
[0.530s] Level 1:colcon.colcon_core.environment:create_file_with_runtime_dependencies(/home/blaine/WayneHacks3/360_Cam_Lidar_Fusion/install/velodyne/share/colcon-core/packages/velodyne)
[0.566s] Level 1:colcon.colcon_core.environment:checking '/home/blaine/WayneHacks3/360_Cam_Lidar_Fusion/install/fusion' for CMake module files
[0.567s] DEBUG:colcon.colcon_core.event_handler.log_command:Invoked command in '/home/blaine/WayneHacks3/360_Cam_Lidar_Fusion/src/fusion' returned '0': PYTHONPATH=/home/blaine/WayneHacks3/360_Cam_Lidar_Fusion/build/fusion/prefix_override:/usr/lib/python3/dist-packages/colcon_core/task/python/colcon_distutils_commands:/home/blaine/WayneHacks3/360_Cam_Lidar_Fusion/install/fusion/lib/python3.10/site-packages:${PYTHONPATH} /usr/bin/python3 -W ignore:setup.py install is deprecated -W ignore:easy_install command is deprecated setup.py egg_info --egg-base ../../build/fusion build --build-base /home/blaine/WayneHacks3/360_Cam_Lidar_Fusion/build/fusion/build install --record /home/blaine/WayneHacks3/360_Cam_Lidar_Fusion/build/fusion/install.log --single-version-externally-managed install_data
[0.567s] Level 1:colcon.colcon_core.environment:checking '/home/blaine/WayneHacks3/360_Cam_Lidar_Fusion/install/fusion' for CMake config files
[0.567s] Level 1:colcon.colcon_core.environment:checking '/home/blaine/WayneHacks3/360_Cam_Lidar_Fusion/install/fusion/lib'
[0.567s] Level 1:colcon.colcon_core.environment:checking '/home/blaine/WayneHacks3/360_Cam_Lidar_Fusion/install/fusion/bin'
[0.567s] Level 1:colcon.colcon_core.environment:checking '/home/blaine/WayneHacks3/360_Cam_Lidar_Fusion/install/fusion/lib/pkgconfig/fusion.pc'
[0.568s] Level 1:colcon.colcon_core.environment:checking '/home/blaine/WayneHacks3/360_Cam_Lidar_Fusion/install/fusion/lib/python3.10/site-packages'
[0.568s] Level 1:colcon.colcon_core.shell:create_environment_hook('fusion', 'pythonpath')
[0.568s] INFO:colcon.colcon_core.shell:Creating environment hook '/home/blaine/WayneHacks3/360_Cam_Lidar_Fusion/install/fusion/share/fusion/hook/pythonpath.ps1'
[0.568s] INFO:colcon.colcon_core.shell:Creating environment descriptor '/home/blaine/WayneHacks3/360_Cam_Lidar_Fusion/install/fusion/share/fusion/hook/pythonpath.dsv'
[0.568s] INFO:colcon.colcon_core.shell:Creating environment hook '/home/blaine/WayneHacks3/360_Cam_Lidar_Fusion/install/fusion/share/fusion/hook/pythonpath.sh'
[0.568s] Level 1:colcon.colcon_core.environment:checking '/home/blaine/WayneHacks3/360_Cam_Lidar_Fusion/install/fusion/bin'
[0.568s] Level 1:colcon.colcon_core.environment:create_environment_scripts_only(fusion)
[0.568s] INFO:colcon.colcon_core.shell:Creating package script '/home/blaine/WayneHacks3/360_Cam_Lidar_Fusion/install/fusion/share/fusion/package.ps1'
[0.569s] INFO:colcon.colcon_core.shell:Creating package descriptor '/home/blaine/WayneHacks3/360_Cam_Lidar_Fusion/install/fusion/share/fusion/package.dsv'
[0.569s] INFO:colcon.colcon_core.shell:Creating package script '/home/blaine/WayneHacks3/360_Cam_Lidar_Fusion/install/fusion/share/fusion/package.sh'
[0.569s] INFO:colcon.colcon_core.shell:Creating package script '/home/blaine/WayneHacks3/360_Cam_Lidar_Fusion/install/fusion/share/fusion/package.bash'
[0.569s] INFO:colcon.colcon_core.shell:Creating package script '/home/blaine/WayneHacks3/360_Cam_Lidar_Fusion/install/fusion/share/fusion/package.zsh'
[0.569s] Level 1:colcon.colcon_core.environment:create_file_with_runtime_dependencies(/home/blaine/WayneHacks3/360_Cam_Lidar_Fusion/install/fusion/share/colcon-core/packages/fusion)
[0.569s] DEBUG:colcon.colcon_parallel_executor.executor.parallel:closing loop
[0.569s] DEBUG:colcon.colcon_parallel_executor.executor.parallel:loop closed
[0.569s] DEBUG:colcon.colcon_parallel_executor.executor.parallel:run_until_complete finished with '0'
[0.569s] DEBUG:colcon.colcon_core.event_reactor:joining thread
[0.574s] INFO:colcon.colcon_core.plugin_system:Skipping extension 'colcon_notification.desktop_notification.terminal_notifier': Not used on non-Darwin systems
[0.574s] INFO:colcon.colcon_core.plugin_system:Skipping extension 'colcon_notification.desktop_notification.win32': Not used on non-Windows systems
[0.574s] INFO:colcon.colcon_notification.desktop_notification:Sending desktop notification using 'notify2'
[0.581s] DEBUG:colcon.colcon_core.event_reactor:joined thread
[0.581s] INFO:colcon.colcon_core.shell:Creating prefix script '/home/blaine/WayneHacks3/360_Cam_Lidar_Fusion/install/local_setup.ps1'
[0.582s] INFO:colcon.colcon_core.shell:Creating prefix util module '/home/blaine/WayneHacks3/360_Cam_Lidar_Fusion/install/_local_setup_util_ps1.py'
[0.582s] INFO:colcon.colcon_core.shell:Creating prefix chain script '/home/blaine/WayneHacks3/360_Cam_Lidar_Fusion/install/setup.ps1'
[0.583s] INFO:colcon.colcon_core.shell:Creating prefix script '/home/blaine/WayneHacks3/360_Cam_Lidar_Fusion/install/local_setup.sh'
[0.583s] INFO:colcon.colcon_core.shell:Creating prefix util module '/home/blaine/WayneHacks3/360_Cam_Lidar_Fusion/install/_local_setup_util_sh.py'
[0.583s] INFO:colcon.colcon_core.shell:Creating prefix chain script '/home/blaine/WayneHacks3/360_Cam_Lidar_Fusion/install/setup.sh'
[0.584s] INFO:colcon.colcon_core.shell:Creating prefix script '/home/blaine/WayneHacks3/360_Cam_Lidar_Fusion/install/local_setup.bash'
[0.584s] INFO:colcon.colcon_core.shell:Creating prefix chain script '/home/blaine/WayneHacks3/360_Cam_Lidar_Fusion/install/setup.bash'
[0.584s] INFO:colcon.colcon_core.shell:Creating prefix script '/home/blaine/WayneHacks3/360_Cam_Lidar_Fusion/install/local_setup.zsh'
[0.584s] INFO:colcon.colcon_core.shell:Creating prefix chain script '/home/blaine/WayneHacks3/360_Cam_Lidar_Fusion/install/setup.zsh'
