running egg_info
creating ../../build/lidar_interpolation_node/lidar_interpolation_node.egg-info
writing ../../build/lidar_interpolation_node/lidar_interpolation_node.egg-info/PKG-INFO
writing dependency_links to ../../build/lidar_interpolation_node/lidar_interpolation_node.egg-info/dependency_links.txt
writing entry points to ../../build/lidar_interpolation_node/lidar_interpolation_node.egg-info/entry_points.txt
writing requirements to ../../build/lidar_interpolation_node/lidar_interpolation_node.egg-info/requires.txt
writing top-level names to ../../build/lidar_interpolation_node/lidar_interpolation_node.egg-info/top_level.txt
writing manifest file '../../build/lidar_interpolation_node/lidar_interpolation_node.egg-info/SOURCES.txt'
reading manifest file '../../build/lidar_interpolation_node/lidar_interpolation_node.egg-info/SOURCES.txt'
writing manifest file '../../build/lidar_interpolation_node/lidar_interpolation_node.egg-info/SOURCES.txt'
running build
running build_py
creating /home/shanti/WayneHacks3/Lidar_Interpolation/build/lidar_interpolation_node/build
creating /home/shanti/WayneHacks3/Lidar_Interpolation/build/lidar_interpolation_node/build/lib
creating /home/shanti/WayneHacks3/Lidar_Interpolation/build/lidar_interpolation_node/build/lib/lidar_interpolation_node
copying lidar_interpolation_node/__init__.py -> /home/shanti/WayneHacks3/Lidar_Interpolation/build/lidar_interpolation_node/build/lib/lidar_interpolation_node
copying lidar_interpolation_node/simple_node.py -> /home/shanti/WayneHacks3/Lidar_Interpolation/build/lidar_interpolation_node/build/lib/lidar_interpolation_node
running install
running install_lib
creating /home/shanti/WayneHacks3/Lidar_Interpolation/install/lidar_interpolation_node/lib/python3.10/site-packages/lidar_interpolation_node
copying /home/shanti/WayneHacks3/Lidar_Interpolation/build/lidar_interpolation_node/build/lib/lidar_interpolation_node/__init__.py -> /home/shanti/WayneHacks3/Lidar_Interpolation/install/lidar_interpolation_node/lib/python3.10/site-packages/lidar_interpolation_node
copying /home/shanti/WayneHacks3/Lidar_Interpolation/build/lidar_interpolation_node/build/lib/lidar_interpolation_node/simple_node.py -> /home/shanti/WayneHacks3/Lidar_Interpolation/install/lidar_interpolation_node/lib/python3.10/site-packages/lidar_interpolation_node
byte-compiling /home/shanti/WayneHacks3/Lidar_Interpolation/install/lidar_interpolation_node/lib/python3.10/site-packages/lidar_interpolation_node/__init__.py to __init__.cpython-310.pyc
byte-compiling /home/shanti/WayneHacks3/Lidar_Interpolation/install/lidar_interpolation_node/lib/python3.10/site-packages/lidar_interpolation_node/simple_node.py to simple_node.cpython-310.pyc
running install_data
creating /home/shanti/WayneHacks3/Lidar_Interpolation/install/lidar_interpolation_node/share/ament_index
creating /home/shanti/WayneHacks3/Lidar_Interpolation/install/lidar_interpolation_node/share/ament_index/resource_index
creating /home/shanti/WayneHacks3/Lidar_Interpolation/install/lidar_interpolation_node/share/ament_index/resource_index/packages
copying resource/lidar_interpolation_node -> /home/shanti/WayneHacks3/Lidar_Interpolation/install/lidar_interpolation_node/share/ament_index/resource_index/packages
copying package.xml -> /home/shanti/WayneHacks3/Lidar_Interpolation/install/lidar_interpolation_node/share/lidar_interpolation_node
running install_egg_info
Copying ../../build/lidar_interpolation_node/lidar_interpolation_node.egg-info to /home/shanti/WayneHacks3/Lidar_Interpolation/install/lidar_interpolation_node/lib/python3.10/site-packages/lidar_interpolation_node-0.0.0-py3.10.egg-info
running install_scripts
Installing simple_node script to /home/shanti/WayneHacks3/Lidar_Interpolation/install/lidar_interpolation_node/lib/lidar_interpolation_node
writing list of installed files to '/home/shanti/WayneHacks3/Lidar_Interpolation/build/lidar_interpolation_node/install.log'
