[0.392s] Invoking command in '/home/shanti/WayneHacks3/Lidar_Interpolation/src/lidar_interpolation_node': PYTHONPATH=/home/shanti/WayneHacks3/Lidar_Interpolation/build/lidar_interpolation_node/prefix_override:/usr/lib/python3/dist-packages/colcon_core/task/python/colcon_distutils_commands:/home/shanti/WayneHacks3/Lidar_Interpolation/install/lidar_interpolation_node/lib/python3.10/site-packages:${PYTHONPATH} /usr/bin/python3 -W ignore:setup.py install is deprecated setup.py egg_info --egg-base ../../build/lidar_interpolation_node build --build-base /home/shanti/WayneHacks3/Lidar_Interpolation/build/lidar_interpolation_node/build install --record /home/shanti/WayneHacks3/Lidar_Interpolation/build/lidar_interpolation_node/install.log --single-version-externally-managed install_data
[0.523s] running egg_info
[0.523s] creating ../../build/lidar_interpolation_node/lidar_interpolation_node.egg-info
[0.523s] writing ../../build/lidar_interpolation_node/lidar_interpolation_node.egg-info/PKG-INFO
[0.523s] writing dependency_links to ../../build/lidar_interpolation_node/lidar_interpolation_node.egg-info/dependency_links.txt
[0.524s] writing entry points to ../../build/lidar_interpolation_node/lidar_interpolation_node.egg-info/entry_points.txt
[0.524s] writing requirements to ../../build/lidar_interpolation_node/lidar_interpolation_node.egg-info/requires.txt
[0.524s] writing top-level names to ../../build/lidar_interpolation_node/lidar_interpolation_node.egg-info/top_level.txt
[0.524s] writing manifest file '../../build/lidar_interpolation_node/lidar_interpolation_node.egg-info/SOURCES.txt'
[0.524s] reading manifest file '../../build/lidar_interpolation_node/lidar_interpolation_node.egg-info/SOURCES.txt'
[0.525s] writing manifest file '../../build/lidar_interpolation_node/lidar_interpolation_node.egg-info/SOURCES.txt'
[0.525s] running build
[0.525s] running build_py
[0.525s] creating /home/shanti/WayneHacks3/Lidar_Interpolation/build/lidar_interpolation_node/build
[0.525s] creating /home/shanti/WayneHacks3/Lidar_Interpolation/build/lidar_interpolation_node/build/lib
[0.525s] creating /home/shanti/WayneHacks3/Lidar_Interpolation/build/lidar_interpolation_node/build/lib/lidar_interpolation_node
[0.525s] copying lidar_interpolation_node/__init__.py -> /home/shanti/WayneHacks3/Lidar_Interpolation/build/lidar_interpolation_node/build/lib/lidar_interpolation_node
[0.525s] copying lidar_interpolation_node/simple_node.py -> /home/shanti/WayneHacks3/Lidar_Interpolation/build/lidar_interpolation_node/build/lib/lidar_interpolation_node
[0.525s] running install
[0.525s] running install_lib
[0.526s] creating /home/shanti/WayneHacks3/Lidar_Interpolation/install/lidar_interpolation_node/lib/python3.10/site-packages/lidar_interpolation_node
[0.526s] copying /home/shanti/WayneHacks3/Lidar_Interpolation/build/lidar_interpolation_node/build/lib/lidar_interpolation_node/__init__.py -> /home/shanti/WayneHacks3/Lidar_Interpolation/install/lidar_interpolation_node/lib/python3.10/site-packages/lidar_interpolation_node
[0.526s] copying /home/shanti/WayneHacks3/Lidar_Interpolation/build/lidar_interpolation_node/build/lib/lidar_interpolation_node/simple_node.py -> /home/shanti/WayneHacks3/Lidar_Interpolation/install/lidar_interpolation_node/lib/python3.10/site-packages/lidar_interpolation_node
[0.526s] byte-compiling /home/shanti/WayneHacks3/Lidar_Interpolation/install/lidar_interpolation_node/lib/python3.10/site-packages/lidar_interpolation_node/__init__.py to __init__.cpython-310.pyc
[0.526s] byte-compiling /home/shanti/WayneHacks3/Lidar_Interpolation/install/lidar_interpolation_node/lib/python3.10/site-packages/lidar_interpolation_node/simple_node.py to simple_node.cpython-310.pyc
[0.527s] running install_data
[0.527s] creating /home/shanti/WayneHacks3/Lidar_Interpolation/install/lidar_interpolation_node/share/ament_index
[0.527s] creating /home/shanti/WayneHacks3/Lidar_Interpolation/install/lidar_interpolation_node/share/ament_index/resource_index
[0.527s] creating /home/shanti/WayneHacks3/Lidar_Interpolation/install/lidar_interpolation_node/share/ament_index/resource_index/packages
[0.527s] copying resource/lidar_interpolation_node -> /home/shanti/WayneHacks3/Lidar_Interpolation/install/lidar_interpolation_node/share/ament_index/resource_index/packages
[0.527s] copying package.xml -> /home/shanti/WayneHacks3/Lidar_Interpolation/install/lidar_interpolation_node/share/lidar_interpolation_node
[0.527s] running install_egg_info
[0.528s] Copying ../../build/lidar_interpolation_node/lidar_interpolation_node.egg-info to /home/shanti/WayneHacks3/Lidar_Interpolation/install/lidar_interpolation_node/lib/python3.10/site-packages/lidar_interpolation_node-0.0.0-py3.10.egg-info
[0.528s] running install_scripts
[0.539s] Installing simple_node script to /home/shanti/WayneHacks3/Lidar_Interpolation/install/lidar_interpolation_node/lib/lidar_interpolation_node
[0.539s] writing list of installed files to '/home/shanti/WayneHacks3/Lidar_Interpolation/build/lidar_interpolation_node/install.log'
[0.551s] Invoked command in '/home/shanti/WayneHacks3/Lidar_Interpolation/src/lidar_interpolation_node' returned '0': PYTHONPATH=/home/shanti/WayneHacks3/Lidar_Interpolation/build/lidar_interpolation_node/prefix_override:/usr/lib/python3/dist-packages/colcon_core/task/python/colcon_distutils_commands:/home/shanti/WayneHacks3/Lidar_Interpolation/install/lidar_interpolation_node/lib/python3.10/site-packages:${PYTHONPATH} /usr/bin/python3 -W ignore:setup.py install is deprecated setup.py egg_info --egg-base ../../build/lidar_interpolation_node build --build-base /home/shanti/WayneHacks3/Lidar_Interpolation/build/lidar_interpolation_node/build install --record /home/shanti/WayneHacks3/Lidar_Interpolation/build/lidar_interpolation_node/install.log --single-version-externally-managed install_data
