[0.276s] Invoking command in '/home/blaine/WayneHacks3/360_Cam_Lidar_Fusion/src/fusion': PYTHONPATH=/home/blaine/WayneHacks3/360_Cam_Lidar_Fusion/build/fusion/prefix_override:/usr/lib/python3/dist-packages/colcon_core/task/python/colcon_distutils_commands:/home/blaine/WayneHacks3/360_Cam_Lidar_Fusion/install/fusion/lib/python3.10/site-packages:${PYTHONPATH} /usr/bin/python3 -W ignore:setup.py install is deprecated -W ignore:easy_install command is deprecated setup.py egg_info --egg-base ../../build/fusion build --build-base /home/blaine/WayneHacks3/360_Cam_Lidar_Fusion/build/fusion/build install --record /home/blaine/WayneHacks3/360_Cam_Lidar_Fusion/build/fusion/install.log --single-version-externally-managed install_data
[0.378s] running egg_info
[0.379s] writing ../../build/fusion/fusion.egg-info/PKG-INFO
[0.379s] writing dependency_links to ../../build/fusion/fusion.egg-info/dependency_links.txt
[0.379s] writing entry points to ../../build/fusion/fusion.egg-info/entry_points.txt
[0.379s] writing requirements to ../../build/fusion/fusion.egg-info/requires.txt
[0.379s] writing top-level names to ../../build/fusion/fusion.egg-info/top_level.txt
[0.380s] reading manifest file '../../build/fusion/fusion.egg-info/SOURCES.txt'
[0.380s] writing manifest file '../../build/fusion/fusion.egg-info/SOURCES.txt'
[0.380s] running build
[0.380s] running build_py
[0.380s] copying fusion/img_pub.py -> /home/blaine/WayneHacks3/360_Cam_Lidar_Fusion/build/fusion/build/lib/fusion
[0.380s] running install
[0.380s] running install_lib
[0.381s] copying /home/blaine/WayneHacks3/360_Cam_Lidar_Fusion/build/fusion/build/lib/fusion/img_pub.py -> /home/blaine/WayneHacks3/360_Cam_Lidar_Fusion/install/fusion/lib/python3.10/site-packages/fusion
[0.381s] byte-compiling /home/blaine/WayneHacks3/360_Cam_Lidar_Fusion/install/fusion/lib/python3.10/site-packages/fusion/img_pub.py to img_pub.cpython-310.pyc
[0.381s] running install_data
[0.381s] running install_egg_info
[0.382s] removing '/home/blaine/WayneHacks3/360_Cam_Lidar_Fusion/install/fusion/lib/python3.10/site-packages/fusion-0.0.0-py3.10.egg-info' (and everything under it)
[0.382s] Copying ../../build/fusion/fusion.egg-info to /home/blaine/WayneHacks3/360_Cam_Lidar_Fusion/install/fusion/lib/python3.10/site-packages/fusion-0.0.0-py3.10.egg-info
[0.382s] running install_scripts
[0.392s] Installing img_pub script to /home/blaine/WayneHacks3/360_Cam_Lidar_Fusion/install/fusion/lib/fusion
[0.392s] writing list of installed files to '/home/blaine/WayneHacks3/360_Cam_Lidar_Fusion/build/fusion/install.log'
[0.402s] Invoked command in '/home/blaine/WayneHacks3/360_Cam_Lidar_Fusion/src/fusion' returned '0': PYTHONPATH=/home/blaine/WayneHacks3/360_Cam_Lidar_Fusion/build/fusion/prefix_override:/usr/lib/python3/dist-packages/colcon_core/task/python/colcon_distutils_commands:/home/blaine/WayneHacks3/360_Cam_Lidar_Fusion/install/fusion/lib/python3.10/site-packages:${PYTHONPATH} /usr/bin/python3 -W ignore:setup.py install is deprecated -W ignore:easy_install command is deprecated setup.py egg_info --egg-base ../../build/fusion build --build-base /home/blaine/WayneHacks3/360_Cam_Lidar_Fusion/build/fusion/build install --record /home/blaine/WayneHacks3/360_Cam_Lidar_Fusion/build/fusion/install.log --single-version-externally-managed install_data
