[0.004s] Invoking command in '/home/blaine/WayneHacks3/360_Cam_Lidar_Fusion/build/velodyne_laserscan': /usr/bin/cmake /home/blaine/WayneHacks3/360_Cam_Lidar_Fusion/src/velodyne/velodyne_laserscan -DCMAKE_INSTALL_PREFIX=/home/blaine/WayneHacks3/360_Cam_Lidar_Fusion/install/velodyne_laserscan
[0.100s] -- The C compiler identification is GNU 11.4.0
[0.168s] -- The CXX compiler identification is GNU 11.4.0
[0.174s] -- Detecting C compiler ABI info
[0.252s] -- Detecting C compiler ABI info - done
[0.258s] -- Check for working C compiler: /usr/bin/cc - skipped
[0.258s] -- Detecting C compile features
[0.258s] -- Detecting C compile features - done
[0.260s] -- Detecting CXX compiler ABI info
[0.310s] -- Detecting CXX compiler ABI info - done
[0.313s] -- Check for working CXX compiler: /usr/bin/c++ - skipped
[0.313s] -- Detecting CXX compile features
[0.314s] -- Detecting CXX compile features - done
[0.317s] [31mCMake Error at CMakeLists.txt:13 (find_package):
[0.318s]   By not providing "Findament_cmake_ros.cmake" in CMAKE_MODULE_PATH this
[0.318s]   project has asked CMake to find a package configuration file provided by
[0.318s]   "ament_cmake_ros", but CMake did not find one.
[0.318s] 
[0.318s]   Could not find a package configuration file provided by "ament_cmake_ros"
[0.318s]   with any of the following names:
[0.318s] 
[0.318s]     ament_cmake_rosConfig.cmake
[0.318s]     ament_cmake_ros-config.cmake
[0.318s] 
[0.318s]   Add the installation prefix of "ament_cmake_ros" to CMAKE_PREFIX_PATH or
[0.318s]   set "ament_cmake_ros_DIR" to a directory containing one of the above files.
[0.318s]   If "ament_cmake_ros" provides a separate development package or SDK, be
[0.318s]   sure it has been installed.
[0.318s] 
[0.318s] [0m
[0.318s] -- Configuring incomplete, errors occurred!
[0.318s] See also "/home/blaine/WayneHacks3/360_Cam_Lidar_Fusion/build/velodyne_laserscan/CMakeFiles/CMakeOutput.log".
[0.320s] Invoked command in '/home/blaine/WayneHacks3/360_Cam_Lidar_Fusion/build/velodyne_laserscan' returned '1': /usr/bin/cmake /home/blaine/WayneHacks3/360_Cam_Lidar_Fusion/src/velodyne/velodyne_laserscan -DCMAKE_INSTALL_PREFIX=/home/blaine/WayneHacks3/360_Cam_Lidar_Fusion/install/velodyne_laserscan
