[0.232s] Invoking command in '/home/blaine/WayneHacks3/360_Cam_Lidar_Fusion/src/fusion': PYTHONPATH=/home/blaine/WayneHacks3/360_Cam_Lidar_Fusion/build/fusion/prefix_override:/usr/lib/python3/dist-packages/colcon_core/task/python/colcon_distutils_commands:/home/blaine/WayneHacks3/360_Cam_Lidar_Fusion/install/fusion/lib/python3.10/site-packages:${PYTHONPATH} /usr/bin/python3 -W ignore:setup.py install is deprecated -W ignore:easy_install command is deprecated setup.py egg_info --egg-base ../../build/fusion build --build-base /home/blaine/WayneHacks3/360_Cam_Lidar_Fusion/build/fusion/build install --record /home/blaine/WayneHacks3/360_Cam_Lidar_Fusion/build/fusion/install.log --single-version-externally-managed install_data
[0.321s] running egg_info
[0.321s] creating ../../build/fusion/fusion.egg-info
[0.321s] writing ../../build/fusion/fusion.egg-info/PKG-INFO
[0.321s] writing dependency_links to ../../build/fusion/fusion.egg-info/dependency_links.txt
[0.321s] writing entry points to ../../build/fusion/fusion.egg-info/entry_points.txt
[0.321s] writing requirements to ../../build/fusion/fusion.egg-info/requires.txt
[0.321s] writing top-level names to ../../build/fusion/fusion.egg-info/top_level.txt
[0.321s] writing manifest file '../../build/fusion/fusion.egg-info/SOURCES.txt'
[0.322s] reading manifest file '../../build/fusion/fusion.egg-info/SOURCES.txt'
[0.322s] writing manifest file '../../build/fusion/fusion.egg-info/SOURCES.txt'
[0.322s] running build
[0.322s] running build_py
[0.322s] creating /home/blaine/WayneHacks3/360_Cam_Lidar_Fusion/build/fusion/build
[0.322s] creating /home/blaine/WayneHacks3/360_Cam_Lidar_Fusion/build/fusion/build/lib
[0.322s] creating /home/blaine/WayneHacks3/360_Cam_Lidar_Fusion/build/fusion/build/lib/fusion
[0.322s] copying fusion/__init__.py -> /home/blaine/WayneHacks3/360_Cam_Lidar_Fusion/build/fusion/build/lib/fusion
[0.323s] copying fusion/img_pub.py -> /home/blaine/WayneHacks3/360_Cam_Lidar_Fusion/build/fusion/build/lib/fusion
[0.323s] running install
[0.323s] running install_lib
[0.323s] creating /home/blaine/WayneHacks3/360_Cam_Lidar_Fusion/install/fusion/lib/python3.10/site-packages/fusion
[0.323s] copying /home/blaine/WayneHacks3/360_Cam_Lidar_Fusion/build/fusion/build/lib/fusion/__init__.py -> /home/blaine/WayneHacks3/360_Cam_Lidar_Fusion/install/fusion/lib/python3.10/site-packages/fusion
[0.323s] copying /home/blaine/WayneHacks3/360_Cam_Lidar_Fusion/build/fusion/build/lib/fusion/img_pub.py -> /home/blaine/WayneHacks3/360_Cam_Lidar_Fusion/install/fusion/lib/python3.10/site-packages/fusion
[0.323s] byte-compiling /home/blaine/WayneHacks3/360_Cam_Lidar_Fusion/install/fusion/lib/python3.10/site-packages/fusion/__init__.py to __init__.cpython-310.pyc
[0.323s] byte-compiling /home/blaine/WayneHacks3/360_Cam_Lidar_Fusion/install/fusion/lib/python3.10/site-packages/fusion/img_pub.py to img_pub.cpython-310.pyc
[0.323s] running install_data
[0.323s] creating /home/blaine/WayneHacks3/360_Cam_Lidar_Fusion/install/fusion/share/ament_index
[0.323s] creating /home/blaine/WayneHacks3/360_Cam_Lidar_Fusion/install/fusion/share/ament_index/resource_index
[0.323s] creating /home/blaine/WayneHacks3/360_Cam_Lidar_Fusion/install/fusion/share/ament_index/resource_index/packages
[0.323s] copying resource/fusion -> /home/blaine/WayneHacks3/360_Cam_Lidar_Fusion/install/fusion/share/ament_index/resource_index/packages
[0.323s] copying package.xml -> /home/blaine/WayneHacks3/360_Cam_Lidar_Fusion/install/fusion/share/fusion
[0.323s] running install_egg_info
[0.324s] Copying ../../build/fusion/fusion.egg-info to /home/blaine/WayneHacks3/360_Cam_Lidar_Fusion/install/fusion/lib/python3.10/site-packages/fusion-0.0.0-py3.10.egg-info
[0.324s] running install_scripts
[0.333s] Installing img_pub script to /home/blaine/WayneHacks3/360_Cam_Lidar_Fusion/install/fusion/lib/fusion
[0.333s] writing list of installed files to '/home/blaine/WayneHacks3/360_Cam_Lidar_Fusion/build/fusion/install.log'
[0.344s] Invoked command in '/home/blaine/WayneHacks3/360_Cam_Lidar_Fusion/src/fusion' returned '0': PYTHONPATH=/home/blaine/WayneHacks3/360_Cam_Lidar_Fusion/build/fusion/prefix_override:/usr/lib/python3/dist-packages/colcon_core/task/python/colcon_distutils_commands:/home/blaine/WayneHacks3/360_Cam_Lidar_Fusion/install/fusion/lib/python3.10/site-packages:${PYTHONPATH} /usr/bin/python3 -W ignore:setup.py install is deprecated -W ignore:easy_install command is deprecated setup.py egg_info --egg-base ../../build/fusion build --build-base /home/blaine/WayneHacks3/360_Cam_Lidar_Fusion/build/fusion/build install --record /home/blaine/WayneHacks3/360_Cam_Lidar_Fusion/build/fusion/install.log --single-version-externally-managed install_data
