[0.006s] Invoking command in '/home/blaine/WayneHacks3/360_Cam_Lidar_Fusion/build/velodyne_driver': AMENT_PREFIX_PATH=/home/blaine/WayneHacks3/360_Cam_Lidar_Fusion/install/velodyne_msgs:${AMENT_PREFIX_PATH} CMAKE_PREFIX_PATH=/home/blaine/WayneHacks3/360_Cam_Lidar_Fusion/install/velodyne_msgs:/opt/ros/humble LD_LIBRARY_PATH=/home/blaine/WayneHacks3/360_Cam_Lidar_Fusion/install/velodyne_msgs/lib:${LD_LIBRARY_PATH} PYTHONPATH=/home/blaine/WayneHacks3/360_Cam_Lidar_Fusion/install/velodyne_msgs/local/lib/python3.10/dist-packages:${PYTHONPATH} /usr/bin/cmake /home/blaine/WayneHacks3/360_Cam_Lidar_Fusion/src/velodyne/velodyne_driver -DCMAKE_INSTALL_PREFIX=/home/blaine/WayneHacks3/360_Cam_Lidar_Fusion/install/velodyne_driver
[0.041s] -- The C compiler identification is GNU 11.4.0
[0.072s] -- The CXX compiler identification is GNU 11.4.0
[0.076s] -- Detecting C compiler ABI info
[0.120s] -- Detecting C compiler ABI info - done
[0.127s] -- Check for working C compiler: /usr/bin/cc - skipped
[0.127s] -- Detecting C compile features
[0.127s] -- Detecting C compile features - done
[0.129s] -- Detecting CXX compiler ABI info
[0.179s] -- Detecting CXX compiler ABI info - done
[0.182s] -- Check for working CXX compiler: /usr/bin/c++ - skipped
[0.182s] -- Detecting CXX compile features
[0.183s] -- Detecting CXX compile features - done
[0.183s] -- Found ament_cmake_ros: 0.10.0 (/opt/ros/humble/share/ament_cmake_ros/cmake)
[0.278s] -- Found Python3: /usr/bin/python3 (found version "3.10.12") found components: Interpreter 
[0.323s] -- Configuring incomplete, errors occurred!
[0.324s] See also "/home/blaine/WayneHacks3/360_Cam_Lidar_Fusion/build/velodyne_driver/CMakeFiles/CMakeOutput.log".
[0.324s] [31mCMake Error at CMakeLists.txt:14 (find_package):
[0.324s]   By not providing "Finddiagnostic_updater.cmake" in CMAKE_MODULE_PATH this
[0.324s]   project has asked CMake to find a package configuration file provided by
[0.324s]   "diagnostic_updater", but CMake did not find one.
[0.324s] 
[0.324s]   Could not find a package configuration file provided by
[0.324s]   "diagnostic_updater" with any of the following names:
[0.324s] 
[0.324s]     diagnostic_updaterConfig.cmake
[0.324s]     diagnostic_updater-config.cmake
[0.324s] 
[0.324s]   Add the installation prefix of "diagnostic_updater" to CMAKE_PREFIX_PATH or
[0.324s]   set "diagnostic_updater_DIR" to a directory containing one of the above
[0.324s]   files.  If "diagnostic_updater" provides a separate development package or
[0.324s]   SDK, be sure it has been installed.
[0.324s] 
[0.324s] [0m
[0.327s] Invoked command in '/home/blaine/WayneHacks3/360_Cam_Lidar_Fusion/build/velodyne_driver' returned '1': AMENT_PREFIX_PATH=/home/blaine/WayneHacks3/360_Cam_Lidar_Fusion/install/velodyne_msgs:${AMENT_PREFIX_PATH} CMAKE_PREFIX_PATH=/home/blaine/WayneHacks3/360_Cam_Lidar_Fusion/install/velodyne_msgs:/opt/ros/humble LD_LIBRARY_PATH=/home/blaine/WayneHacks3/360_Cam_Lidar_Fusion/install/velodyne_msgs/lib:${LD_LIBRARY_PATH} PYTHONPATH=/home/blaine/WayneHacks3/360_Cam_Lidar_Fusion/install/velodyne_msgs/local/lib/python3.10/dist-packages:${PYTHONPATH} /usr/bin/cmake /home/blaine/WayneHacks3/360_Cam_Lidar_Fusion/src/velodyne/velodyne_driver -DCMAKE_INSTALL_PREFIX=/home/blaine/WayneHacks3/360_Cam_Lidar_Fusion/install/velodyne_driver
